2018-06-08 22:09:25.975 INFO  [localhost-startStop-1] org.atmosphere.cpr.AtmosphereFramework - Installed AtmosphereHandler com.vaadin.server.communication.PushAtmosphereHandler mapped to context-path: /*
2018-06-08 22:09:25.982 INFO  [localhost-startStop-1] org.atmosphere.cpr.AtmosphereFramework - Installed the following AtmosphereInterceptor mapped to AtmosphereHandler com.vaadin.server.communication.PushAtmosphereHandler
2018-06-08 22:09:25.982 INFO  [localhost-startStop-1] org.atmosphere.util.IOUtils - META-INF/services/org.atmosphere.cpr.AtmosphereFramework not found in class loader
2018-06-08 22:09:26.116 INFO  [localhost-startStop-1] org.atmosphere.cpr.AtmosphereFramework - Atmosphere is using org.atmosphere.util.VoidAnnotationProcessor for processing annotation
2018-06-08 22:09:26.176 INFO  [localhost-startStop-1] org.atmosphere.cpr.AtmosphereFramework - Installed WebSocketProtocol org.atmosphere.websocket.protocol.SimpleHttpProtocol 
2018-06-08 22:09:26.200 INFO  [localhost-startStop-1] org.atmosphere.container.JSR356AsyncSupport - JSR 356 Mapping path /{path}
2018-06-08 22:09:26.234 INFO  [localhost-startStop-1] org.atmosphere.cpr.AtmosphereFramework - Installing Default AtmosphereInterceptors
2018-06-08 22:09:26.234 INFO  [localhost-startStop-1] org.atmosphere.cpr.AtmosphereFramework - 	org.atmosphere.interceptor.CorsInterceptor : CORS Interceptor Support
2018-06-08 22:09:26.234 INFO  [localhost-startStop-1] org.atmosphere.cpr.AtmosphereFramework - 	org.atmosphere.interceptor.CacheHeadersInterceptor : Default Response's Headers Interceptor
2018-06-08 22:09:26.234 INFO  [localhost-startStop-1] org.atmosphere.cpr.AtmosphereFramework - 	org.atmosphere.interceptor.PaddingAtmosphereInterceptor : Browser Padding Interceptor Support
2018-06-08 22:09:26.234 INFO  [localhost-startStop-1] org.atmosphere.cpr.AtmosphereFramework - 	org.atmosphere.interceptor.AndroidAtmosphereInterceptor : Android Interceptor Support
2018-06-08 22:09:26.234 INFO  [localhost-startStop-1] org.atmosphere.cpr.AtmosphereFramework - Dropping Interceptor org.atmosphere.interceptor.HeartbeatInterceptor
2018-06-08 22:09:26.234 INFO  [localhost-startStop-1] org.atmosphere.cpr.AtmosphereFramework - 	org.atmosphere.interceptor.SSEAtmosphereInterceptor : SSE Interceptor Support
2018-06-08 22:09:26.234 INFO  [localhost-startStop-1] org.atmosphere.cpr.AtmosphereFramework - 	org.atmosphere.interceptor.JSONPAtmosphereInterceptor : JSONP Interceptor Support
2018-06-08 22:09:26.250 INFO  [localhost-startStop-1] org.atmosphere.cpr.AtmosphereFramework - 	org.atmosphere.interceptor.JavaScriptProtocol : Atmosphere JavaScript Protocol
2018-06-08 22:09:26.252 INFO  [localhost-startStop-1] org.atmosphere.cpr.AtmosphereFramework - 	org.atmosphere.interceptor.WebSocketMessageSuspendInterceptor : org.atmosphere.interceptor.WebSocketMessageSuspendInterceptor
2018-06-08 22:09:26.254 INFO  [localhost-startStop-1] org.atmosphere.cpr.AtmosphereFramework - 	org.atmosphere.interceptor.OnDisconnectInterceptor : Browser disconnection detection
2018-06-08 22:09:26.255 INFO  [localhost-startStop-1] org.atmosphere.cpr.AtmosphereFramework - 	org.atmosphere.interceptor.IdleResourceInterceptor : org.atmosphere.interceptor.IdleResourceInterceptor
2018-06-08 22:09:26.256 INFO  [localhost-startStop-1] org.atmosphere.cpr.AtmosphereFramework - Set org.atmosphere.cpr.AtmosphereInterceptor.disableDefaults to disable them.
2018-06-08 22:09:26.262 INFO  [localhost-startStop-1] org.atmosphere.cpr.AtmosphereFramework - Using EndpointMapper class org.atmosphere.util.DefaultEndpointMapper
2018-06-08 22:09:26.262 INFO  [localhost-startStop-1] org.atmosphere.cpr.AtmosphereFramework - Using BroadcasterCache: org.atmosphere.cache.UUIDBroadcasterCache
2018-06-08 22:09:26.262 INFO  [localhost-startStop-1] org.atmosphere.cpr.AtmosphereFramework - Default Broadcaster Class: org.atmosphere.cpr.DefaultBroadcaster
2018-06-08 22:09:26.262 INFO  [localhost-startStop-1] org.atmosphere.cpr.AtmosphereFramework - Broadcaster Polling Wait Time 100
2018-06-08 22:09:26.262 INFO  [localhost-startStop-1] org.atmosphere.cpr.AtmosphereFramework - Shared ExecutorService supported: true
2018-06-08 22:09:26.262 INFO  [localhost-startStop-1] org.atmosphere.cpr.AtmosphereFramework - Messaging Thread Pool Size: Unlimited
2018-06-08 22:09:26.262 INFO  [localhost-startStop-1] org.atmosphere.cpr.AtmosphereFramework - Async I/O Thread Pool Size: 200
2018-06-08 22:09:26.262 INFO  [localhost-startStop-1] org.atmosphere.cpr.AtmosphereFramework - Using BroadcasterFactory: org.atmosphere.cpr.DefaultBroadcasterFactory
2018-06-08 22:09:26.262 INFO  [localhost-startStop-1] org.atmosphere.cpr.AtmosphereFramework - Using WebSocketProcessor: org.atmosphere.websocket.DefaultWebSocketProcessor
2018-06-08 22:09:26.262 INFO  [localhost-startStop-1] org.atmosphere.cpr.AtmosphereFramework - Invoke AtmosphereInterceptor on WebSocket message true
2018-06-08 22:09:26.262 INFO  [localhost-startStop-1] org.atmosphere.cpr.AtmosphereFramework - HttpSession supported: true
2018-06-08 22:09:26.262 INFO  [localhost-startStop-1] org.atmosphere.cpr.AtmosphereFramework - Atmosphere is using DefaultAtmosphereObjectFactory for dependency injection and object creation
2018-06-08 22:09:26.262 INFO  [localhost-startStop-1] org.atmosphere.cpr.AtmosphereFramework - Atmosphere is using async support: org.atmosphere.container.JSR356AsyncSupport running under container: Apache Tomcat/8.5.23 using javax.servlet/3.0 and jsr356/WebSocket API
2018-06-08 22:09:26.262 INFO  [localhost-startStop-1] org.atmosphere.cpr.AtmosphereFramework - Atmosphere Framework 2.2.9.vaadin2.cuba1 started.
2018-06-08 22:09:26.283 INFO  [localhost-startStop-1] org.atmosphere.cpr.AtmosphereFramework - Installed AtmosphereInterceptor  Track Message Size Interceptor using | with priority BEFORE_DEFAULT 
2018-06-08 22:09:26.492 INFO  [localhost-startStop-1] com.haulmont.cuba.core.sys.AppComponents - Using app components: [com.haulmont.cuba]
2018-06-08 22:09:26.550 INFO  [localhost-startStop-1] com.haulmont.cuba.core.sys.AbstractWebAppContextLoader - Loading app properties from classpath:eu/skillguard/web-app.properties
2018-06-08 22:09:26.779 INFO  [localhost-startStop-1] com.haulmont.cuba.core.sys.CubaClassPathXmlApplicationContext - Refreshing com.haulmont.cuba.core.sys.CubaClassPathXmlApplicationContext@5a60f850: startup date [Fri Jun 08 22:09:26 CEST 2018]; root of context hierarchy
2018-06-08 22:09:31.266 INFO  [localhost-startStop-1] com.haulmont.cuba.core.sys.remoting.discovery.StaticServerSelector - Server URLs: [http://localhost:8080/app-core/remoting]
2018-06-08 22:09:31.281 INFO  [localhost-startStop-1] com.haulmont.cuba.web.sys.remoting.WebRemoteProxyBeanCreator - Configuring proxy beans for local service invocations: [cuba_LoginService, cuba_AuthenticationService, cuba_TrustedClientService, cuba_ServerInfoService, cuba_UserSettingService, cuba_UserManagementService, cuba_DataService, cuba_ConfigStorageService, cuba_PersistenceManagerService, cuba_LockService, cuba_UserSessionService, cuba_FoldersService, cuba_EmailService, cuba_FileStorageService, cuba_EntitySnapshotService, cuba_UniqueNumbersService, cuba_LocalizedMessageService, cuba_ResourceService, cuba_ScheduledTasksService, cuba_EntityLogService, cuba_TestingService, cuba_ObjectsCacheManagerService, cuba_DomainDescriptionService, cuba_RelatedEntitiesService, cuba_EntitySqlGenerationService, cuba_NumberIdService, cuba_QueryResultsService, cuba_DynamicAttributesCacheService, cuba_EntityRestoreService, cuba_LocalFileExchangeService, cuba_EntityImportExportService, cuba_ScreenProfilerService, cuba_ServerTokenStore, cuba_IdpService, cuba_ConstraintLocalizationService, cuba_AttributeAccessService, cuba_ExceptionReportService]
2018-06-08 22:09:34.460 INFO  [localhost-startStop-1] com.haulmont.cuba.core.sys.CubaThreadPoolTaskScheduler - Initializing ExecutorService  'scheduler'
2018-06-08 22:09:35.158 INFO  [localhost-startStop-1] com.haulmont.cuba.core.sys.jmx.MBeanExporter - Registering beans for JMX exposure: [app.cuba:type=ConfigStorage, app.cuba:type=CachingFacade, app.cuba:type=FileUploading, app.cuba:type=JmxNodeIdentifier, app.cuba:type=JmxLogControl, app.cuba:type=ClassLoaderManager, app.cuba:type=StatisticsCounter]
2018-06-08 22:09:35.267 INFO  [localhost-startStop-1] com.haulmont.cuba.core.sys.MetadataImpl - Initializing metadata
2018-06-08 22:09:35.748 INFO  [localhost-startStop-1] com.haulmont.cuba.core.sys.MetadataImpl - Metadata initialized in 481ms
2018-06-08 22:09:35.752 INFO  [localhost-startStop-1] com.haulmont.cuba.core.sys.AbstractWebAppContextLoader - AppContext started
2018-06-08 22:09:35.864 INFO  [localhost-startStop-1] com.haulmont.cuba.web.sys.CubaDispatcherServlet - FrameworkServlet 'dispatcher': initialization started
2018-06-08 22:09:35.899 INFO  [localhost-startStop-1] com.haulmont.cuba.core.sys.CubaXmlWebApplicationContext - Refreshing WebApplicationContext for namespace 'dispatcher-servlet': startup date [Fri Jun 08 22:09:35 CEST 2018]; parent: com.haulmont.cuba.core.sys.CubaClassPathXmlApplicationContext@5a60f850
2018-06-08 22:09:36.854 DEBUG [localhost-startStop-1] org.jboss.logging - Logging Provider: org.jboss.logging.Slf4jLoggerProvider
2018-06-08 22:09:38.593 INFO  [localhost-startStop-1] com.haulmont.cuba.web.sys.CubaDispatcherServlet - FrameworkServlet 'dispatcher': initialization completed in 2727 ms
2018-06-08 22:09:38.593 INFO  [localhost-startStop-1] com.haulmont.restapi.sys.CubaRestApiServlet - FrameworkServlet 'rest_api': initialization started
2018-06-08 22:09:38.593 INFO  [localhost-startStop-1] com.haulmont.cuba.core.sys.CubaXmlWebApplicationContext - Refreshing WebApplicationContext for namespace 'rest_api-servlet': startup date [Fri Jun 08 22:09:38 CEST 2018]; parent: com.haulmont.cuba.core.sys.CubaClassPathXmlApplicationContext@5a60f850
2018-06-08 22:09:44.473 INFO  [localhost-startStop-1] com.haulmont.restapi.sys.CubaRestApiServlet - FrameworkServlet 'rest_api': initialization completed in 5880 ms
2018-06-08 22:09:45.286 INFO  [localhost-startStop-1] com.haulmont.cuba.core.sys.AppComponents - Using app components: [com.haulmont.cuba]
2018-06-08 22:09:45.336 INFO  [localhost-startStop-1] com.haulmont.cuba.core.sys.AbstractWebAppContextLoader - Loading app properties from classpath:eu/skillguard/app.properties
2018-06-08 22:09:45.353 INFO  [localhost-startStop-1] com.haulmont.cuba.core.sys.AppContextLoader - DbmsType of the main database is set to hsql
2018-06-08 22:09:45.536 INFO  [localhost-startStop-1] com.haulmont.cuba.core.sys.persistence.PersistenceConfigProcessor - Creating file C:\Users\Christian\Documents\GitHub\skillguard\deploy\tomcat\work\app-core\persistence.xml
2018-06-08 22:09:45.568 INFO  [localhost-startStop-1] com.haulmont.cuba.core.sys.CubaCoreApplicationContext - Refreshing com.haulmont.cuba.core.sys.CubaCoreApplicationContext@12dad939: startup date [Fri Jun 08 22:09:45 CEST 2018]; root of context hierarchy
2018-06-08 22:10:04.303 INFO  [localhost-startStop-1] com.haulmont.cuba.core.sys.CubaThreadPoolTaskScheduler - Initializing ExecutorService  'scheduler'
2018-06-08 22:10:04.885 INFO  [localhost-startStop-1] com.haulmont.cuba.core.sys.jmx.MBeanExporter - Registering beans for JMX exposure: [app-core.cuba:type=PersistenceManager, app-core.cuba:type=ConfigStorage, app-core.cuba:type=UserSessions, app-core.cuba:type=UniqueNumbers, app-core.cuba:type=Emailer, app-core.cuba:type=EntityLog, app-core.cuba:type=FileStorage, app-core.cuba:type=LockManager, app-core.cuba:type=CachingFacade, app-core.cuba:type=ClusterManager, app-core.cuba:type=ScriptingManager, app-core.cuba:type=ServerInfo, app-core.cuba:type=Scheduling, app-core.cuba:type=ObjectsCacheManager, app-core.cuba:type=PasswordEncryptionSupport, app-core.cuba:type=JmxNodeIdentifier, app-core.cuba:type=JmxLogControl, app-core.cuba:type=ClassLoaderManager, app-core.cuba:type=StatisticsCounter, app-core.cuba:type=BruteForceProtection, app-core.cuba:type=QueryCacheSupport, app-core.cuba:type=IdpSessions, app-core.cuba:type=ServerTokenStore]
2018-06-08 22:10:05.272 INFO  [localhost-startStop-1] com.haulmont.cuba.core.sys.MetadataImpl - Initializing metadata
2018-06-08 22:10:05.687 INFO  [localhost-startStop-1] com.haulmont.cuba.core.sys.MetadataImpl - Metadata initialized in 413ms
2018-06-08 22:10:06.446 DEBUG [localhost-startStop-1] com.haulmont.cuba.security.auth.AnonymousSessionHolder - Initialize anonymous session
2018-06-08 22:10:07.079 INFO  [localhost-startStop-1/app-core/server] com.haulmont.cuba.core.app.ConfigStorage - Loading DB-stored app properties cache
2018-06-08 22:10:07.697 INFO  [localhost-startStop-1/app-core/server] com.haulmont.cuba.core.sys.DefaultPermissionValuesConfig - Initializing default permission values
2018-06-08 22:10:07.858 INFO  [localhost-startStop-1/app-core/server] com.haulmont.cuba.security.auth.AuthenticationManagerBean - Logged in: e273a94a-b804-f228-3305-a49bdd65a18d [anonymous]
2018-06-08 22:10:07.859 DEBUG [localhost-startStop-1] com.haulmont.cuba.security.auth.AnonymousSessionHolder - Anonymous session initialized with id e273a94a-b804-f228-3305-a49bdd65a18d
2018-06-08 22:10:07.860 INFO  [localhost-startStop-1] com.haulmont.cuba.core.sys.AbstractWebAppContextLoader - AppContext started
2018-06-08 22:10:07.862 INFO  [localhost-startStop-1] com.haulmont.cuba.core.sys.remoting.RemotingServlet - FrameworkServlet 'remoting': initialization started
2018-06-08 22:10:07.868 INFO  [localhost-startStop-1] com.haulmont.cuba.core.sys.CubaXmlWebApplicationContext - Refreshing WebApplicationContext for namespace 'remoting-servlet': startup date [Fri Jun 08 22:10:07 CEST 2018]; parent: com.haulmont.cuba.core.sys.CubaCoreApplicationContext@12dad939
2018-06-08 22:10:07.930 INFO  [localhost-startStop-1] com.haulmont.cuba.core.sys.remoting.RemoteServicesBeanCreator - Configuring remote services
2018-06-08 22:10:08.255 INFO  [localhost-startStop-1] com.haulmont.cuba.core.sys.remoting.RemotingServlet - FrameworkServlet 'remoting': initialization completed in 392 ms
2018-06-08 22:43:00.828 INFO  [localhost-startStop-2] com.haulmont.cuba.core.sys.CubaXmlWebApplicationContext - Closing WebApplicationContext for namespace 'rest_api-servlet': startup date [Fri Jun 08 22:09:38 CEST 2018]; parent: com.haulmont.cuba.core.sys.CubaClassPathXmlApplicationContext@5a60f850
2018-06-08 22:43:01.010 INFO  [localhost-startStop-2] com.haulmont.cuba.core.sys.CubaXmlWebApplicationContext - Closing WebApplicationContext for namespace 'dispatcher-servlet': startup date [Fri Jun 08 22:09:35 CEST 2018]; parent: com.haulmont.cuba.core.sys.CubaClassPathXmlApplicationContext@5a60f850
2018-06-08 22:43:24.797 INFO  [localhost-startStop-1] org.atmosphere.cpr.AtmosphereFramework - Installed AtmosphereHandler com.vaadin.server.communication.PushAtmosphereHandler mapped to context-path: /*
2018-06-08 22:43:24.803 INFO  [localhost-startStop-1] org.atmosphere.cpr.AtmosphereFramework - Installed the following AtmosphereInterceptor mapped to AtmosphereHandler com.vaadin.server.communication.PushAtmosphereHandler
2018-06-08 22:43:24.809 INFO  [localhost-startStop-1] org.atmosphere.util.IOUtils - META-INF/services/org.atmosphere.cpr.AtmosphereFramework not found in class loader
2018-06-08 22:43:24.842 INFO  [localhost-startStop-1] org.atmosphere.cpr.AtmosphereFramework - Atmosphere is using org.atmosphere.util.VoidAnnotationProcessor for processing annotation
2018-06-08 22:43:24.867 INFO  [localhost-startStop-1] org.atmosphere.cpr.AtmosphereFramework - Installed WebSocketProtocol org.atmosphere.websocket.protocol.SimpleHttpProtocol 
2018-06-08 22:43:24.881 INFO  [localhost-startStop-1] org.atmosphere.container.JSR356AsyncSupport - JSR 356 Mapping path /{path}
2018-06-08 22:43:24.907 INFO  [localhost-startStop-1] org.atmosphere.cpr.AtmosphereFramework - Installing Default AtmosphereInterceptors
2018-06-08 22:43:24.908 INFO  [localhost-startStop-1] org.atmosphere.cpr.AtmosphereFramework - 	org.atmosphere.interceptor.CorsInterceptor : CORS Interceptor Support
2018-06-08 22:43:24.910 INFO  [localhost-startStop-1] org.atmosphere.cpr.AtmosphereFramework - 	org.atmosphere.interceptor.CacheHeadersInterceptor : Default Response's Headers Interceptor
2018-06-08 22:43:24.915 INFO  [localhost-startStop-1] org.atmosphere.cpr.AtmosphereFramework - 	org.atmosphere.interceptor.PaddingAtmosphereInterceptor : Browser Padding Interceptor Support
2018-06-08 22:43:24.916 INFO  [localhost-startStop-1] org.atmosphere.cpr.AtmosphereFramework - 	org.atmosphere.interceptor.AndroidAtmosphereInterceptor : Android Interceptor Support
2018-06-08 22:43:24.917 INFO  [localhost-startStop-1] org.atmosphere.cpr.AtmosphereFramework - Dropping Interceptor org.atmosphere.interceptor.HeartbeatInterceptor
2018-06-08 22:43:24.920 INFO  [localhost-startStop-1] org.atmosphere.cpr.AtmosphereFramework - 	org.atmosphere.interceptor.SSEAtmosphereInterceptor : SSE Interceptor Support
2018-06-08 22:43:24.921 INFO  [localhost-startStop-1] org.atmosphere.cpr.AtmosphereFramework - 	org.atmosphere.interceptor.JSONPAtmosphereInterceptor : JSONP Interceptor Support
2018-06-08 22:43:24.924 INFO  [localhost-startStop-1] org.atmosphere.cpr.AtmosphereFramework - 	org.atmosphere.interceptor.JavaScriptProtocol : Atmosphere JavaScript Protocol
2018-06-08 22:43:24.925 INFO  [localhost-startStop-1] org.atmosphere.cpr.AtmosphereFramework - 	org.atmosphere.interceptor.WebSocketMessageSuspendInterceptor : org.atmosphere.interceptor.WebSocketMessageSuspendInterceptor
2018-06-08 22:43:24.927 INFO  [localhost-startStop-1] org.atmosphere.cpr.AtmosphereFramework - 	org.atmosphere.interceptor.OnDisconnectInterceptor : Browser disconnection detection
2018-06-08 22:43:24.930 INFO  [localhost-startStop-1] org.atmosphere.cpr.AtmosphereFramework - 	org.atmosphere.interceptor.IdleResourceInterceptor : org.atmosphere.interceptor.IdleResourceInterceptor
2018-06-08 22:43:24.930 INFO  [localhost-startStop-1] org.atmosphere.cpr.AtmosphereFramework - Set org.atmosphere.cpr.AtmosphereInterceptor.disableDefaults to disable them.
2018-06-08 22:43:24.936 INFO  [localhost-startStop-1] org.atmosphere.cpr.AtmosphereFramework - Using EndpointMapper class org.atmosphere.util.DefaultEndpointMapper
2018-06-08 22:43:24.936 INFO  [localhost-startStop-1] org.atmosphere.cpr.AtmosphereFramework - Using BroadcasterCache: org.atmosphere.cache.UUIDBroadcasterCache
2018-06-08 22:43:24.938 INFO  [localhost-startStop-1] org.atmosphere.cpr.AtmosphereFramework - Default Broadcaster Class: org.atmosphere.cpr.DefaultBroadcaster
2018-06-08 22:43:24.938 INFO  [localhost-startStop-1] org.atmosphere.cpr.AtmosphereFramework - Broadcaster Polling Wait Time 100
2018-06-08 22:43:24.938 INFO  [localhost-startStop-1] org.atmosphere.cpr.AtmosphereFramework - Shared ExecutorService supported: true
2018-06-08 22:43:24.939 INFO  [localhost-startStop-1] org.atmosphere.cpr.AtmosphereFramework - Messaging Thread Pool Size: Unlimited
2018-06-08 22:43:24.939 INFO  [localhost-startStop-1] org.atmosphere.cpr.AtmosphereFramework - Async I/O Thread Pool Size: 200
2018-06-08 22:43:24.940 INFO  [localhost-startStop-1] org.atmosphere.cpr.AtmosphereFramework - Using BroadcasterFactory: org.atmosphere.cpr.DefaultBroadcasterFactory
2018-06-08 22:43:24.940 INFO  [localhost-startStop-1] org.atmosphere.cpr.AtmosphereFramework - Using WebSocketProcessor: org.atmosphere.websocket.DefaultWebSocketProcessor
2018-06-08 22:43:24.946 INFO  [localhost-startStop-1] org.atmosphere.cpr.AtmosphereFramework - Invoke AtmosphereInterceptor on WebSocket message true
2018-06-08 22:43:24.948 INFO  [localhost-startStop-1] org.atmosphere.cpr.AtmosphereFramework - HttpSession supported: true
2018-06-08 22:43:24.948 INFO  [localhost-startStop-1] org.atmosphere.cpr.AtmosphereFramework - Atmosphere is using DefaultAtmosphereObjectFactory for dependency injection and object creation
2018-06-08 22:43:24.949 INFO  [localhost-startStop-1] org.atmosphere.cpr.AtmosphereFramework - Atmosphere is using async support: org.atmosphere.container.JSR356AsyncSupport running under container: Apache Tomcat/8.5.23 using javax.servlet/3.0 and jsr356/WebSocket API
2018-06-08 22:43:24.949 INFO  [localhost-startStop-1] org.atmosphere.cpr.AtmosphereFramework - Atmosphere Framework 2.2.9.vaadin2.cuba1 started.
2018-06-08 22:43:24.954 INFO  [localhost-startStop-1] org.atmosphere.cpr.AtmosphereFramework - Installed AtmosphereInterceptor  Track Message Size Interceptor using | with priority BEFORE_DEFAULT 
2018-06-08 22:43:25.140 INFO  [localhost-startStop-1] com.haulmont.cuba.core.sys.AppComponents - Using app components: [com.haulmont.cuba]
2018-06-08 22:43:25.182 INFO  [localhost-startStop-1] com.haulmont.cuba.core.sys.AbstractWebAppContextLoader - Loading app properties from classpath:eu/skillguard/web-app.properties
2018-06-08 22:43:25.392 INFO  [localhost-startStop-1] com.haulmont.cuba.core.sys.CubaClassPathXmlApplicationContext - Refreshing com.haulmont.cuba.core.sys.CubaClassPathXmlApplicationContext@32f8c5e6: startup date [Fri Jun 08 22:43:25 CEST 2018]; root of context hierarchy
2018-06-08 22:43:30.913 INFO  [localhost-startStop-1] com.haulmont.cuba.core.sys.remoting.discovery.StaticServerSelector - Server URLs: [http://localhost:8080/app-core/remoting]
2018-06-08 22:43:30.930 INFO  [localhost-startStop-1] com.haulmont.cuba.web.sys.remoting.WebRemoteProxyBeanCreator - Configuring proxy beans for local service invocations: [cuba_LoginService, cuba_AuthenticationService, cuba_TrustedClientService, cuba_ServerInfoService, cuba_UserSettingService, cuba_UserManagementService, cuba_DataService, cuba_ConfigStorageService, cuba_PersistenceManagerService, cuba_LockService, cuba_UserSessionService, cuba_FoldersService, cuba_EmailService, cuba_FileStorageService, cuba_EntitySnapshotService, cuba_UniqueNumbersService, cuba_LocalizedMessageService, cuba_ResourceService, cuba_ScheduledTasksService, cuba_EntityLogService, cuba_TestingService, cuba_ObjectsCacheManagerService, cuba_DomainDescriptionService, cuba_RelatedEntitiesService, cuba_EntitySqlGenerationService, cuba_NumberIdService, cuba_QueryResultsService, cuba_DynamicAttributesCacheService, cuba_EntityRestoreService, cuba_LocalFileExchangeService, cuba_EntityImportExportService, cuba_ScreenProfilerService, cuba_ServerTokenStore, cuba_IdpService, cuba_ConstraintLocalizationService, cuba_AttributeAccessService, cuba_ExceptionReportService]
2018-06-08 22:43:34.228 INFO  [localhost-startStop-1] com.haulmont.cuba.core.sys.CubaThreadPoolTaskScheduler - Initializing ExecutorService  'scheduler'
2018-06-08 22:43:34.855 INFO  [localhost-startStop-1] com.haulmont.cuba.core.sys.jmx.MBeanExporter - Registering beans for JMX exposure: [app.cuba:type=ConfigStorage, app.cuba:type=CachingFacade, app.cuba:type=FileUploading, app.cuba:type=JmxNodeIdentifier, app.cuba:type=JmxLogControl, app.cuba:type=ClassLoaderManager, app.cuba:type=StatisticsCounter]
2018-06-08 22:43:34.963 INFO  [localhost-startStop-1] com.haulmont.cuba.core.sys.MetadataImpl - Initializing metadata
2018-06-08 22:43:35.425 INFO  [localhost-startStop-1] com.haulmont.cuba.core.sys.MetadataImpl - Metadata initialized in 461ms
2018-06-08 22:43:35.448 INFO  [localhost-startStop-1] com.haulmont.cuba.core.sys.AbstractWebAppContextLoader - AppContext started
2018-06-08 22:43:35.713 INFO  [localhost-startStop-1] com.haulmont.cuba.web.sys.CubaDispatcherServlet - FrameworkServlet 'dispatcher': initialization started
2018-06-08 22:43:35.726 INFO  [localhost-startStop-1] com.haulmont.cuba.core.sys.CubaXmlWebApplicationContext - Refreshing WebApplicationContext for namespace 'dispatcher-servlet': startup date [Fri Jun 08 22:43:35 CEST 2018]; parent: com.haulmont.cuba.core.sys.CubaClassPathXmlApplicationContext@32f8c5e6
2018-06-08 22:43:36.742 DEBUG [localhost-startStop-1] org.jboss.logging - Logging Provider: org.jboss.logging.Slf4jLoggerProvider
2018-06-08 22:43:38.730 INFO  [localhost-startStop-1] com.haulmont.cuba.web.sys.CubaDispatcherServlet - FrameworkServlet 'dispatcher': initialization completed in 3014 ms
2018-06-08 22:43:38.739 INFO  [localhost-startStop-1] com.haulmont.restapi.sys.CubaRestApiServlet - FrameworkServlet 'rest_api': initialization started
2018-06-08 22:43:38.746 INFO  [localhost-startStop-1] com.haulmont.cuba.core.sys.CubaXmlWebApplicationContext - Refreshing WebApplicationContext for namespace 'rest_api-servlet': startup date [Fri Jun 08 22:43:38 CEST 2018]; parent: com.haulmont.cuba.core.sys.CubaClassPathXmlApplicationContext@32f8c5e6
2018-06-08 22:43:42.457 INFO  [localhost-startStop-1] com.haulmont.restapi.sys.CubaRestApiServlet - FrameworkServlet 'rest_api': initialization completed in 3712 ms
2018-06-08 22:43:43.221 INFO  [localhost-startStop-1] com.haulmont.cuba.core.sys.AppComponents - Using app components: [com.haulmont.cuba]
2018-06-08 22:43:43.248 INFO  [localhost-startStop-1] com.haulmont.cuba.core.sys.AbstractWebAppContextLoader - Loading app properties from classpath:eu/skillguard/app.properties
2018-06-08 22:43:43.264 INFO  [localhost-startStop-1] com.haulmont.cuba.core.sys.AppContextLoader - DbmsType of the main database is set to hsql
2018-06-08 22:43:43.520 INFO  [localhost-startStop-1] com.haulmont.cuba.core.sys.persistence.PersistenceConfigProcessor - Creating file C:\Users\Christian\Documents\GitHub\skillguard\deploy\tomcat\work\app-core\persistence.xml
2018-06-08 22:43:43.676 INFO  [localhost-startStop-1] com.haulmont.cuba.core.sys.CubaCoreApplicationContext - Refreshing com.haulmont.cuba.core.sys.CubaCoreApplicationContext@7dec918b: startup date [Fri Jun 08 22:43:43 CEST 2018]; root of context hierarchy
2018-06-08 22:43:58.718 INFO  [localhost-startStop-1] com.haulmont.cuba.core.sys.CubaThreadPoolTaskScheduler - Initializing ExecutorService  'scheduler'
2018-06-08 22:43:59.579 INFO  [localhost-startStop-1] com.haulmont.cuba.core.sys.jmx.MBeanExporter - Registering beans for JMX exposure: [app-core.cuba:type=PersistenceManager, app-core.cuba:type=ConfigStorage, app-core.cuba:type=UserSessions, app-core.cuba:type=UniqueNumbers, app-core.cuba:type=Emailer, app-core.cuba:type=EntityLog, app-core.cuba:type=FileStorage, app-core.cuba:type=LockManager, app-core.cuba:type=CachingFacade, app-core.cuba:type=ClusterManager, app-core.cuba:type=ScriptingManager, app-core.cuba:type=ServerInfo, app-core.cuba:type=Scheduling, app-core.cuba:type=ObjectsCacheManager, app-core.cuba:type=PasswordEncryptionSupport, app-core.cuba:type=JmxNodeIdentifier, app-core.cuba:type=JmxLogControl, app-core.cuba:type=ClassLoaderManager, app-core.cuba:type=StatisticsCounter, app-core.cuba:type=BruteForceProtection, app-core.cuba:type=QueryCacheSupport, app-core.cuba:type=IdpSessions, app-core.cuba:type=ServerTokenStore]
2018-06-08 22:44:00.062 INFO  [localhost-startStop-1] com.haulmont.cuba.core.sys.MetadataImpl - Initializing metadata
2018-06-08 22:44:00.469 INFO  [localhost-startStop-1] com.haulmont.cuba.core.sys.MetadataImpl - Metadata initialized in 406ms
2018-06-08 22:44:01.407 DEBUG [localhost-startStop-1] com.haulmont.cuba.security.auth.AnonymousSessionHolder - Initialize anonymous session
2018-06-08 22:44:02.053 INFO  [localhost-startStop-1/app-core/server] com.haulmont.cuba.core.app.ConfigStorage - Loading DB-stored app properties cache
2018-06-08 22:44:02.905 INFO  [localhost-startStop-1/app-core/server] com.haulmont.cuba.core.sys.DefaultPermissionValuesConfig - Initializing default permission values
2018-06-08 22:44:03.074 INFO  [localhost-startStop-1/app-core/server] com.haulmont.cuba.security.auth.AuthenticationManagerBean - Logged in: e273a94a-b804-f228-3305-a49bdd65a18d [anonymous]
2018-06-08 22:44:03.075 DEBUG [localhost-startStop-1] com.haulmont.cuba.security.auth.AnonymousSessionHolder - Anonymous session initialized with id e273a94a-b804-f228-3305-a49bdd65a18d
2018-06-08 22:44:03.075 INFO  [localhost-startStop-1] com.haulmont.cuba.core.sys.AbstractWebAppContextLoader - AppContext started
2018-06-08 22:44:03.081 INFO  [localhost-startStop-1] com.haulmont.cuba.core.sys.remoting.RemotingServlet - FrameworkServlet 'remoting': initialization started
2018-06-08 22:44:03.087 INFO  [localhost-startStop-1] com.haulmont.cuba.core.sys.CubaXmlWebApplicationContext - Refreshing WebApplicationContext for namespace 'remoting-servlet': startup date [Fri Jun 08 22:44:03 CEST 2018]; parent: com.haulmont.cuba.core.sys.CubaCoreApplicationContext@7dec918b
2018-06-08 22:44:03.141 INFO  [localhost-startStop-1] com.haulmont.cuba.core.sys.remoting.RemoteServicesBeanCreator - Configuring remote services
2018-06-08 22:44:03.399 INFO  [localhost-startStop-1] com.haulmont.cuba.core.sys.remoting.RemotingServlet - FrameworkServlet 'remoting': initialization completed in 318 ms
2018-06-08 22:45:14.357 INFO  [localhost-startStop-2] com.haulmont.cuba.core.sys.CubaXmlWebApplicationContext - Closing WebApplicationContext for namespace 'rest_api-servlet': startup date [Fri Jun 08 22:43:38 CEST 2018]; parent: com.haulmont.cuba.core.sys.CubaClassPathXmlApplicationContext@32f8c5e6
2018-06-08 22:45:14.378 INFO  [localhost-startStop-2] com.haulmont.cuba.core.sys.CubaXmlWebApplicationContext - Closing WebApplicationContext for namespace 'dispatcher-servlet': startup date [Fri Jun 08 22:43:35 CEST 2018]; parent: com.haulmont.cuba.core.sys.CubaClassPathXmlApplicationContext@32f8c5e6
2018-06-08 22:45:30.334 INFO  [localhost-startStop-1] org.atmosphere.cpr.AtmosphereFramework - Installed AtmosphereHandler com.vaadin.server.communication.PushAtmosphereHandler mapped to context-path: /*
2018-06-08 22:45:30.341 INFO  [localhost-startStop-1] org.atmosphere.cpr.AtmosphereFramework - Installed the following AtmosphereInterceptor mapped to AtmosphereHandler com.vaadin.server.communication.PushAtmosphereHandler
2018-06-08 22:45:30.347 INFO  [localhost-startStop-1] org.atmosphere.util.IOUtils - META-INF/services/org.atmosphere.cpr.AtmosphereFramework not found in class loader
2018-06-08 22:45:30.382 INFO  [localhost-startStop-1] org.atmosphere.cpr.AtmosphereFramework - Atmosphere is using org.atmosphere.util.VoidAnnotationProcessor for processing annotation
2018-06-08 22:45:30.405 INFO  [localhost-startStop-1] org.atmosphere.cpr.AtmosphereFramework - Installed WebSocketProtocol org.atmosphere.websocket.protocol.SimpleHttpProtocol 
2018-06-08 22:45:30.419 INFO  [localhost-startStop-1] org.atmosphere.container.JSR356AsyncSupport - JSR 356 Mapping path /{path}
2018-06-08 22:45:30.443 INFO  [localhost-startStop-1] org.atmosphere.cpr.AtmosphereFramework - Installing Default AtmosphereInterceptors
2018-06-08 22:45:30.445 INFO  [localhost-startStop-1] org.atmosphere.cpr.AtmosphereFramework - 	org.atmosphere.interceptor.CorsInterceptor : CORS Interceptor Support
2018-06-08 22:45:30.446 INFO  [localhost-startStop-1] org.atmosphere.cpr.AtmosphereFramework - 	org.atmosphere.interceptor.CacheHeadersInterceptor : Default Response's Headers Interceptor
2018-06-08 22:45:30.449 INFO  [localhost-startStop-1] org.atmosphere.cpr.AtmosphereFramework - 	org.atmosphere.interceptor.PaddingAtmosphereInterceptor : Browser Padding Interceptor Support
2018-06-08 22:45:30.451 INFO  [localhost-startStop-1] org.atmosphere.cpr.AtmosphereFramework - 	org.atmosphere.interceptor.AndroidAtmosphereInterceptor : Android Interceptor Support
2018-06-08 22:45:30.451 INFO  [localhost-startStop-1] org.atmosphere.cpr.AtmosphereFramework - Dropping Interceptor org.atmosphere.interceptor.HeartbeatInterceptor
2018-06-08 22:45:30.454 INFO  [localhost-startStop-1] org.atmosphere.cpr.AtmosphereFramework - 	org.atmosphere.interceptor.SSEAtmosphereInterceptor : SSE Interceptor Support
2018-06-08 22:45:30.456 INFO  [localhost-startStop-1] org.atmosphere.cpr.AtmosphereFramework - 	org.atmosphere.interceptor.JSONPAtmosphereInterceptor : JSONP Interceptor Support
2018-06-08 22:45:30.460 INFO  [localhost-startStop-1] org.atmosphere.cpr.AtmosphereFramework - 	org.atmosphere.interceptor.JavaScriptProtocol : Atmosphere JavaScript Protocol
2018-06-08 22:45:30.462 INFO  [localhost-startStop-1] org.atmosphere.cpr.AtmosphereFramework - 	org.atmosphere.interceptor.WebSocketMessageSuspendInterceptor : org.atmosphere.interceptor.WebSocketMessageSuspendInterceptor
2018-06-08 22:45:30.463 INFO  [localhost-startStop-1] org.atmosphere.cpr.AtmosphereFramework - 	org.atmosphere.interceptor.OnDisconnectInterceptor : Browser disconnection detection
2018-06-08 22:45:30.465 INFO  [localhost-startStop-1] org.atmosphere.cpr.AtmosphereFramework - 	org.atmosphere.interceptor.IdleResourceInterceptor : org.atmosphere.interceptor.IdleResourceInterceptor
2018-06-08 22:45:30.465 INFO  [localhost-startStop-1] org.atmosphere.cpr.AtmosphereFramework - Set org.atmosphere.cpr.AtmosphereInterceptor.disableDefaults to disable them.
2018-06-08 22:45:30.471 INFO  [localhost-startStop-1] org.atmosphere.cpr.AtmosphereFramework - Using EndpointMapper class org.atmosphere.util.DefaultEndpointMapper
2018-06-08 22:45:30.471 INFO  [localhost-startStop-1] org.atmosphere.cpr.AtmosphereFramework - Using BroadcasterCache: org.atmosphere.cache.UUIDBroadcasterCache
2018-06-08 22:45:30.472 INFO  [localhost-startStop-1] org.atmosphere.cpr.AtmosphereFramework - Default Broadcaster Class: org.atmosphere.cpr.DefaultBroadcaster
2018-06-08 22:45:30.472 INFO  [localhost-startStop-1] org.atmosphere.cpr.AtmosphereFramework - Broadcaster Polling Wait Time 100
2018-06-08 22:45:30.473 INFO  [localhost-startStop-1] org.atmosphere.cpr.AtmosphereFramework - Shared ExecutorService supported: true
2018-06-08 22:45:30.475 INFO  [localhost-startStop-1] org.atmosphere.cpr.AtmosphereFramework - Messaging Thread Pool Size: Unlimited
2018-06-08 22:45:30.475 INFO  [localhost-startStop-1] org.atmosphere.cpr.AtmosphereFramework - Async I/O Thread Pool Size: 200
2018-06-08 22:45:30.475 INFO  [localhost-startStop-1] org.atmosphere.cpr.AtmosphereFramework - Using BroadcasterFactory: org.atmosphere.cpr.DefaultBroadcasterFactory
2018-06-08 22:45:30.476 INFO  [localhost-startStop-1] org.atmosphere.cpr.AtmosphereFramework - Using WebSocketProcessor: org.atmosphere.websocket.DefaultWebSocketProcessor
2018-06-08 22:45:30.496 INFO  [localhost-startStop-1] org.atmosphere.cpr.AtmosphereFramework - Invoke AtmosphereInterceptor on WebSocket message true
2018-06-08 22:45:30.496 INFO  [localhost-startStop-1] org.atmosphere.cpr.AtmosphereFramework - HttpSession supported: true
2018-06-08 22:45:30.498 INFO  [localhost-startStop-1] org.atmosphere.cpr.AtmosphereFramework - Atmosphere is using DefaultAtmosphereObjectFactory for dependency injection and object creation
2018-06-08 22:45:30.498 INFO  [localhost-startStop-1] org.atmosphere.cpr.AtmosphereFramework - Atmosphere is using async support: org.atmosphere.container.JSR356AsyncSupport running under container: Apache Tomcat/8.5.23 using javax.servlet/3.0 and jsr356/WebSocket API
2018-06-08 22:45:30.499 INFO  [localhost-startStop-1] org.atmosphere.cpr.AtmosphereFramework - Atmosphere Framework 2.2.9.vaadin2.cuba1 started.
2018-06-08 22:45:30.504 INFO  [localhost-startStop-1] org.atmosphere.cpr.AtmosphereFramework - Installed AtmosphereInterceptor  Track Message Size Interceptor using | with priority BEFORE_DEFAULT 
2018-06-08 22:45:30.689 INFO  [localhost-startStop-1] com.haulmont.cuba.core.sys.AppComponents - Using app components: [com.haulmont.cuba]
2018-06-08 22:45:30.725 INFO  [localhost-startStop-1] com.haulmont.cuba.core.sys.AbstractWebAppContextLoader - Loading app properties from classpath:eu/skillguard/web-app.properties
2018-06-08 22:45:30.917 INFO  [localhost-startStop-1] com.haulmont.cuba.core.sys.CubaClassPathXmlApplicationContext - Refreshing com.haulmont.cuba.core.sys.CubaClassPathXmlApplicationContext@58e4e9cc: startup date [Fri Jun 08 22:45:30 CEST 2018]; root of context hierarchy
2018-06-08 22:45:34.716 INFO  [localhost-startStop-1] com.haulmont.cuba.core.sys.remoting.discovery.StaticServerSelector - Server URLs: [http://localhost:8080/app-core/remoting]
2018-06-08 22:45:34.749 INFO  [localhost-startStop-1] com.haulmont.cuba.web.sys.remoting.WebRemoteProxyBeanCreator - Configuring proxy beans for local service invocations: [cuba_LoginService, cuba_AuthenticationService, cuba_TrustedClientService, cuba_ServerInfoService, cuba_UserSettingService, cuba_UserManagementService, cuba_DataService, cuba_ConfigStorageService, cuba_PersistenceManagerService, cuba_LockService, cuba_UserSessionService, cuba_FoldersService, cuba_EmailService, cuba_FileStorageService, cuba_EntitySnapshotService, cuba_UniqueNumbersService, cuba_LocalizedMessageService, cuba_ResourceService, cuba_ScheduledTasksService, cuba_EntityLogService, cuba_TestingService, cuba_ObjectsCacheManagerService, cuba_DomainDescriptionService, cuba_RelatedEntitiesService, cuba_EntitySqlGenerationService, cuba_NumberIdService, cuba_QueryResultsService, cuba_DynamicAttributesCacheService, cuba_EntityRestoreService, cuba_LocalFileExchangeService, cuba_EntityImportExportService, cuba_ScreenProfilerService, cuba_ServerTokenStore, cuba_IdpService, cuba_ConstraintLocalizationService, cuba_AttributeAccessService, cuba_ExceptionReportService]
2018-06-08 22:45:37.797 INFO  [localhost-startStop-1] com.haulmont.cuba.core.sys.CubaThreadPoolTaskScheduler - Initializing ExecutorService  'scheduler'
2018-06-08 22:45:38.655 INFO  [localhost-startStop-1] com.haulmont.cuba.core.sys.jmx.MBeanExporter - Registering beans for JMX exposure: [app.cuba:type=ConfigStorage, app.cuba:type=CachingFacade, app.cuba:type=FileUploading, app.cuba:type=JmxNodeIdentifier, app.cuba:type=JmxLogControl, app.cuba:type=ClassLoaderManager, app.cuba:type=StatisticsCounter]
2018-06-08 22:45:38.765 INFO  [localhost-startStop-1] com.haulmont.cuba.core.sys.MetadataImpl - Initializing metadata
2018-06-08 22:45:39.203 INFO  [localhost-startStop-1] com.haulmont.cuba.core.sys.MetadataImpl - Metadata initialized in 437ms
2018-06-08 22:45:39.214 INFO  [localhost-startStop-1] com.haulmont.cuba.core.sys.AbstractWebAppContextLoader - AppContext started
2018-06-08 22:45:39.291 INFO  [localhost-startStop-1] com.haulmont.cuba.web.sys.CubaDispatcherServlet - FrameworkServlet 'dispatcher': initialization started
2018-06-08 22:45:39.301 INFO  [localhost-startStop-1] com.haulmont.cuba.core.sys.CubaXmlWebApplicationContext - Refreshing WebApplicationContext for namespace 'dispatcher-servlet': startup date [Fri Jun 08 22:45:39 CEST 2018]; parent: com.haulmont.cuba.core.sys.CubaClassPathXmlApplicationContext@58e4e9cc
2018-06-08 22:45:40.158 DEBUG [localhost-startStop-1] org.jboss.logging - Logging Provider: org.jboss.logging.Slf4jLoggerProvider
2018-06-08 22:45:41.529 INFO  [localhost-startStop-1] com.haulmont.cuba.web.sys.CubaDispatcherServlet - FrameworkServlet 'dispatcher': initialization completed in 2238 ms
2018-06-08 22:45:41.531 INFO  [localhost-startStop-1] com.haulmont.restapi.sys.CubaRestApiServlet - FrameworkServlet 'rest_api': initialization started
2018-06-08 22:45:41.533 INFO  [localhost-startStop-1] com.haulmont.cuba.core.sys.CubaXmlWebApplicationContext - Refreshing WebApplicationContext for namespace 'rest_api-servlet': startup date [Fri Jun 08 22:45:41 CEST 2018]; parent: com.haulmont.cuba.core.sys.CubaClassPathXmlApplicationContext@58e4e9cc
2018-06-08 22:45:44.139 INFO  [localhost-startStop-1] com.haulmont.restapi.sys.CubaRestApiServlet - FrameworkServlet 'rest_api': initialization completed in 2607 ms
2018-06-08 22:45:44.347 INFO  [localhost-startStop-1] com.haulmont.cuba.core.sys.AppComponents - Using app components: [com.haulmont.cuba]
2018-06-08 22:45:44.372 INFO  [localhost-startStop-1] com.haulmont.cuba.core.sys.AbstractWebAppContextLoader - Loading app properties from classpath:eu/skillguard/app.properties
2018-06-08 22:45:44.388 INFO  [localhost-startStop-1] com.haulmont.cuba.core.sys.AppContextLoader - DbmsType of the main database is set to hsql
2018-06-08 22:45:44.546 INFO  [localhost-startStop-1] com.haulmont.cuba.core.sys.persistence.PersistenceConfigProcessor - Creating file C:\Users\Christian\Documents\GitHub\skillguard\deploy\tomcat\work\app-core\persistence.xml
2018-06-08 22:45:44.572 INFO  [localhost-startStop-1] com.haulmont.cuba.core.sys.CubaCoreApplicationContext - Refreshing com.haulmont.cuba.core.sys.CubaCoreApplicationContext@4ad02a7: startup date [Fri Jun 08 22:45:44 CEST 2018]; root of context hierarchy
2018-06-08 22:45:58.866 INFO  [localhost-startStop-1] com.haulmont.cuba.core.sys.CubaThreadPoolTaskScheduler - Initializing ExecutorService  'scheduler'
2018-06-08 22:45:59.233 INFO  [localhost-startStop-1] com.haulmont.cuba.core.sys.jmx.MBeanExporter - Registering beans for JMX exposure: [app-core.cuba:type=PersistenceManager, app-core.cuba:type=ConfigStorage, app-core.cuba:type=UserSessions, app-core.cuba:type=UniqueNumbers, app-core.cuba:type=Emailer, app-core.cuba:type=EntityLog, app-core.cuba:type=FileStorage, app-core.cuba:type=LockManager, app-core.cuba:type=CachingFacade, app-core.cuba:type=ClusterManager, app-core.cuba:type=ScriptingManager, app-core.cuba:type=ServerInfo, app-core.cuba:type=Scheduling, app-core.cuba:type=ObjectsCacheManager, app-core.cuba:type=PasswordEncryptionSupport, app-core.cuba:type=JmxNodeIdentifier, app-core.cuba:type=JmxLogControl, app-core.cuba:type=ClassLoaderManager, app-core.cuba:type=StatisticsCounter, app-core.cuba:type=BruteForceProtection, app-core.cuba:type=QueryCacheSupport, app-core.cuba:type=IdpSessions, app-core.cuba:type=ServerTokenStore]
2018-06-08 22:45:59.686 INFO  [localhost-startStop-1] com.haulmont.cuba.core.sys.MetadataImpl - Initializing metadata
2018-06-08 22:46:00.119 INFO  [localhost-startStop-1] com.haulmont.cuba.core.sys.MetadataImpl - Metadata initialized in 432ms
2018-06-08 22:46:00.666 DEBUG [localhost-startStop-1] com.haulmont.cuba.security.auth.AnonymousSessionHolder - Initialize anonymous session
2018-06-08 22:46:01.392 INFO  [localhost-startStop-1/app-core/server] com.haulmont.cuba.core.app.ConfigStorage - Loading DB-stored app properties cache
2018-06-08 22:46:01.913 INFO  [localhost-startStop-1/app-core/server] com.haulmont.cuba.core.sys.DefaultPermissionValuesConfig - Initializing default permission values
2018-06-08 22:46:02.044 INFO  [localhost-startStop-1/app-core/server] com.haulmont.cuba.security.auth.AuthenticationManagerBean - Logged in: e273a94a-b804-f228-3305-a49bdd65a18d [anonymous]
2018-06-08 22:46:02.046 DEBUG [localhost-startStop-1] com.haulmont.cuba.security.auth.AnonymousSessionHolder - Anonymous session initialized with id e273a94a-b804-f228-3305-a49bdd65a18d
2018-06-08 22:46:02.046 INFO  [localhost-startStop-1] com.haulmont.cuba.core.sys.AbstractWebAppContextLoader - AppContext started
2018-06-08 22:46:02.049 INFO  [localhost-startStop-1] com.haulmont.cuba.core.sys.remoting.RemotingServlet - FrameworkServlet 'remoting': initialization started
2018-06-08 22:46:02.055 INFO  [localhost-startStop-1] com.haulmont.cuba.core.sys.CubaXmlWebApplicationContext - Refreshing WebApplicationContext for namespace 'remoting-servlet': startup date [Fri Jun 08 22:46:02 CEST 2018]; parent: com.haulmont.cuba.core.sys.CubaCoreApplicationContext@4ad02a7
2018-06-08 22:46:02.121 INFO  [localhost-startStop-1] com.haulmont.cuba.core.sys.remoting.RemoteServicesBeanCreator - Configuring remote services
2018-06-08 22:46:02.371 INFO  [localhost-startStop-1] com.haulmont.cuba.core.sys.remoting.RemotingServlet - FrameworkServlet 'remoting': initialization completed in 322 ms
2018-06-08 22:46:26.355 DEBUG [http-nio-8080-exec-13] com.haulmont.cuba.gui.theme.ThemeConstantsRepository - Loading theme constants
2018-06-08 22:46:26.373 DEBUG [http-nio-8080-exec-13] com.haulmont.cuba.web.App - Initializing application
2018-06-08 22:46:26.393 DEBUG [http-nio-8080-exec-13] com.haulmont.cuba.web.security.WebAnonymousSessionHolder - Loading anonymous session
2018-06-08 22:46:26.692 DEBUG [http-nio-8080-exec-13] com.haulmont.cuba.web.security.WebAnonymousSessionHolder - Anonymous session loaded with id e273a94a-b804-f228-3305-a49bdd65a18d
2018-06-08 22:46:26.727 DEBUG [http-nio-8080-exec-13/app/anonymous] com.haulmont.cuba.web.DefaultApp - connectionStateChanged connected: true, authenticated: false
2018-06-08 22:46:26.727 DEBUG [http-nio-8080-exec-13/app/anonymous] com.haulmont.cuba.web.App - Closing all windows
2018-06-08 22:46:33.370 INFO  [http-nio-8080-exec-22/app-core/server] com.haulmont.cuba.security.auth.AuthenticationManagerBean - Logged in: 18976f2f-8dd3-7d7a-8465-f9771a8ee0e0 [admin]
2018-06-08 22:46:33.396 DEBUG [http-nio-8080-exec-22/app/admin] com.haulmont.cuba.web.DefaultApp - connectionStateChanged connected: true, authenticated: true
2018-06-08 22:46:33.396 DEBUG [http-nio-8080-exec-22/app/admin] com.haulmont.cuba.web.App - Closing all windows
2018-06-08 22:46:33.401 DEBUG [http-nio-8080-exec-22/app/admin] com.haulmont.cuba.web.DefaultApp - Session reinitialized: HttpSession=org.apache.catalina.session.StandardSessionFacade@727098, timeout=1800sec, UserSession=18976f2f-8dd3-7d7a-8465-f9771a8ee0e0 [admin]
2018-06-08 22:46:33.739 INFO  [http-nio-8080-exec-22/app/admin] com.haulmont.cuba.core.sys.AbstractViewRepository - Initializing views
2018-06-08 22:46:33.794 DEBUG [http-nio-8080-exec-22/app-core/admin] com.haulmont.cuba.core.app.StoreFactory - No implementation is specified for _MAIN_ store, using RdbmsStore
2018-06-08 22:46:33.944 DEBUG [http-nio-8080-exec-22/app-core/admin] com.haulmont.cuba.core.app.RdbmsStore - loadList: metaClass=sec$UserSubstitution, view=com.haulmont.cuba.security.entity.UserSubstitution/app, query=select us from sec$UserSubstitution us where us.user.id = :userId and (us.endDate is null or us.endDate >= :currentDate) and (us.startDate is null or us.startDate <= :currentDate) and (us.substitutedUser.active = true or us.substitutedUser.active is null) order by us.substitutedUser.name
2018-06-08 22:46:34.148 DEBUG [http-nio-8080-exec-22/app-core/admin] com.haulmont.cuba.core.app.FoldersServiceBean - Loading AppFolders
2018-06-08 22:46:34.175 DEBUG [http-nio-8080-exec-22/app-core/admin] com.haulmont.cuba.core.app.FoldersServiceBean - Loading SearchFolders
2018-06-08 22:46:34.242 DEBUG [http-nio-8080-exec-22/app-core/admin] com.haulmont.cuba.security.app.EntityLog - Loading entities
2018-06-08 22:46:34.257 DEBUG [http-nio-8080-exec-22/app-core/admin] com.haulmont.cuba.security.app.EntityLog - Loaded: entitiesAuto=0, entitiesManual=0
