2019-09-30 23:31:45.047 INFO  [localhost-startStop-1] org.atmosphere.util.ForkJoinPool - Using ForkJoinPool  java.util.concurrent.ForkJoinPool. Set the org.atmosphere.cpr.broadcaster.maxAsyncWriteThreads to -1 to fully use its power.
2019-09-30 23:31:45.063 INFO  [localhost-startStop-1] org.atmosphere.container.JSR356AsyncSupport - JSR 356 Mapping path 
2019-09-30 23:31:45.110 INFO  [localhost-startStop-1] org.atmosphere.interceptor.HeartbeatInterceptor - HeartbeatInterceptor configured with padding value 'X', client frequency 60 seconds and server frequency 0 seconds
2019-09-30 23:31:45.407 INFO  [localhost-startStop-1] com.haulmont.cuba.core.sys.AppComponents - Using app components: [com.haulmont.cuba, de.balvi.cuba.declarativecontrollers, de.diedavids.cuba.dataimport]
2019-09-30 23:31:45.485 INFO  [localhost-startStop-1] com.haulmont.cuba.core.sys.AbstractWebAppContextLoader - Loading app properties from classpath:eu/skillguard/web-app.properties
2019-09-30 23:31:45.813 INFO  [localhost-startStop-1] com.haulmont.cuba.core.sys.environmentcheck.EnvironmentChecksRunner - Environment checks on web module completed successfully
2019-09-30 23:31:53.443 INFO  [localhost-startStop-1] com.haulmont.cuba.core.sys.remoting.discovery.StaticServerSelector - Server URLs: [http://localhost:8080/app-core/remoting]
2019-09-30 23:31:53.505 INFO  [localhost-startStop-1] com.haulmont.cuba.web.sys.remoting.WebRemoteProxyBeanCreator - Configuring proxy beans for local service invocations: [cuba_AuthenticationService, cuba_TrustedClientService, cuba_ServerInfoService, cuba_UserSettingService, cuba_UserManagementService, cuba_DataService, cuba_ConfigStorageService, cuba_PersistenceManagerService, cuba_LockService, cuba_UserSessionService, cuba_FoldersService, cuba_EmailService, cuba_FileStorageService, cuba_EntitySnapshotService, cuba_UniqueNumbersService, cuba_LocalizedMessageService, cuba_ResourceService, cuba_ScheduledTasksService, cuba_EntityLogService, cuba_TestingService, cuba_DomainDescriptionService, cuba_RelatedEntitiesService, cuba_EntitySqlGenerationService, cuba_NumberIdService, cuba_QueryResultsService, cuba_DynamicAttributesCacheService, cuba_EntityRestoreService, cuba_LocalFileExchangeService, cuba_EntityImportExportService, cuba_ConstraintLocalizationService, cuba_AttributeAccessService, cuba_ExceptionReportService, cuba_BulkEditorDataService, cuba_AttributeOptionsLoaderService]
2019-09-30 23:31:53.505 INFO  [localhost-startStop-1] com.haulmont.cuba.web.sys.remoting.WebRemoteProxyBeanCreator - Configuring proxy beans for local service invocations: [ddcdi_GenericDataImporterService, ddcdi_ImportWizardService, ddcdi_UniqueEntityFinderService]
2019-09-30 23:31:56.832 INFO  [localhost-startStop-1] com.haulmont.cuba.core.sys.CubaThreadPoolTaskScheduler - Initializing ExecutorService 'scheduler'
2019-09-30 23:31:56.989 WARN  [localhost-startStop-1] com.haulmont.cuba.core.sys.CubaClassPathXmlApplicationContext - Exception encountered during context initialization - cancelling refresh attempt: org.springframework.beans.factory.BeanCreationException: Error creating bean with name 'dbcdc_ButtonsPanelHelper': Lookup method resolution failed; nested exception is java.lang.IllegalStateException: Failed to introspect Class [de.balvi.cuba.declarativecontrollers.web.helper.ButtonsPanelHelperBean] from ClassLoader [ParallelWebappClassLoader
  context: app
  delegate: false
----------> Parent Classloader:
java.net.URLClassLoader@32eff876
]
2019-09-30 23:31:56.989 INFO  [localhost-startStop-1] com.haulmont.cuba.core.sys.CubaThreadPoolTaskScheduler - Shutting down ExecutorService 'scheduler'
2019-09-30 23:31:57.020 ERROR [localhost-startStop-1] com.haulmont.cuba.core.sys.AbstractWebAppContextLoader - Error initializing application
org.springframework.beans.factory.BeanCreationException: Error creating bean with name 'dbcdc_ButtonsPanelHelper': Lookup method resolution failed; nested exception is java.lang.IllegalStateException: Failed to introspect Class [de.balvi.cuba.declarativecontrollers.web.helper.ButtonsPanelHelperBean] from ClassLoader [ParallelWebappClassLoader
  context: app
  delegate: false
----------> Parent Classloader:
java.net.URLClassLoader@32eff876
]
	at org.springframework.beans.factory.annotation.AutowiredAnnotationBeanPostProcessor.determineCandidateConstructors(AutowiredAnnotationBeanPostProcessor.java:265) ~[spring-beans-5.1.6.RELEASE.jar:5.1.6.RELEASE]
	at org.springframework.beans.factory.support.AbstractAutowireCapableBeanFactory.determineConstructorsFromBeanPostProcessors(AbstractAutowireCapableBeanFactory.java:1269) ~[spring-beans-5.1.6.RELEASE.jar:5.1.6.RELEASE]
	at org.springframework.beans.factory.support.AbstractAutowireCapableBeanFactory.createBeanInstance(AbstractAutowireCapableBeanFactory.java:1184) ~[spring-beans-5.1.6.RELEASE.jar:5.1.6.RELEASE]
	at org.springframework.beans.factory.support.AbstractAutowireCapableBeanFactory.doCreateBean(AbstractAutowireCapableBeanFactory.java:555) ~[spring-beans-5.1.6.RELEASE.jar:5.1.6.RELEASE]
	at org.springframework.beans.factory.support.AbstractAutowireCapableBeanFactory.createBean(AbstractAutowireCapableBeanFactory.java:515) ~[spring-beans-5.1.6.RELEASE.jar:5.1.6.RELEASE]
	at org.springframework.beans.factory.support.AbstractBeanFactory.lambda$doGetBean$0(AbstractBeanFactory.java:320) ~[spring-beans-5.1.6.RELEASE.jar:5.1.6.RELEASE]
	at org.springframework.beans.factory.support.DefaultSingletonBeanRegistry.getSingleton(DefaultSingletonBeanRegistry.java:222) ~[spring-beans-5.1.6.RELEASE.jar:5.1.6.RELEASE]
	at org.springframework.beans.factory.support.AbstractBeanFactory.doGetBean(AbstractBeanFactory.java:318) ~[spring-beans-5.1.6.RELEASE.jar:5.1.6.RELEASE]
	at org.springframework.beans.factory.support.AbstractBeanFactory.getBean(AbstractBeanFactory.java:199) ~[spring-beans-5.1.6.RELEASE.jar:5.1.6.RELEASE]
	at org.springframework.beans.factory.support.DefaultListableBeanFactory.preInstantiateSingletons(DefaultListableBeanFactory.java:849) ~[spring-beans-5.1.6.RELEASE.jar:5.1.6.RELEASE]
	at org.springframework.context.support.AbstractApplicationContext.finishBeanFactoryInitialization(AbstractApplicationContext.java:877) ~[spring-context-5.1.6.RELEASE.jar:5.1.6.RELEASE]
	at org.springframework.context.support.AbstractApplicationContext.refresh(AbstractApplicationContext.java:549) ~[spring-context-5.1.6.RELEASE.jar:5.1.6.RELEASE]
	at org.springframework.context.support.ClassPathXmlApplicationContext.<init>(ClassPathXmlApplicationContext.java:144) ~[spring-context-5.1.6.RELEASE.jar:5.1.6.RELEASE]
	at org.springframework.context.support.ClassPathXmlApplicationContext.<init>(ClassPathXmlApplicationContext.java:95) ~[spring-context-5.1.6.RELEASE.jar:5.1.6.RELEASE]
	at com.haulmont.cuba.core.sys.CubaClassPathXmlApplicationContext.<init>(CubaClassPathXmlApplicationContext.java:27) ~[cuba-global-7.1.1.jar:7.1.1]
	at com.haulmont.cuba.core.sys.AbstractAppContextLoader.createApplicationContext(AbstractAppContextLoader.java:90) ~[cuba-global-7.1.1.jar:7.1.1]
	at com.haulmont.cuba.core.sys.AbstractAppContextLoader.initAppContext(AbstractAppContextLoader.java:62) ~[cuba-global-7.1.1.jar:7.1.1]
	at com.haulmont.cuba.core.sys.AbstractWebAppContextLoader.contextInitialized(AbstractWebAppContextLoader.java:78) ~[cuba-global-7.1.1.jar:7.1.1]
	at org.apache.catalina.core.StandardContext.listenerStart(StandardContext.java:4792) ~[catalina.jar:8.5.33]
	at org.apache.catalina.core.StandardContext.startInternal(StandardContext.java:5256) ~[catalina.jar:8.5.33]
	at org.apache.catalina.util.LifecycleBase.start(LifecycleBase.java:150) ~[catalina.jar:8.5.33]
	at org.apache.catalina.core.ContainerBase.addChildInternal(ContainerBase.java:754) ~[catalina.jar:8.5.33]
	at org.apache.catalina.core.ContainerBase.addChild(ContainerBase.java:730) ~[catalina.jar:8.5.33]
	at org.apache.catalina.core.StandardHost.addChild(StandardHost.java:734) ~[catalina.jar:8.5.33]
	at org.apache.catalina.startup.HostConfig.deployDirectory(HostConfig.java:1140) ~[catalina.jar:8.5.33]
	at org.apache.catalina.startup.HostConfig$DeployDirectory.run(HostConfig.java:1875) ~[catalina.jar:8.5.33]
	at java.base/java.util.concurrent.Executors$RunnableAdapter.call(Executors.java:515) ~[na:na]
	at java.base/java.util.concurrent.FutureTask.run(FutureTask.java:264) ~[na:na]
	at java.base/java.util.concurrent.ThreadPoolExecutor.runWorker(ThreadPoolExecutor.java:1128) ~[na:na]
	at java.base/java.util.concurrent.ThreadPoolExecutor$Worker.run(ThreadPoolExecutor.java:628) ~[na:na]
	at java.base/java.lang.Thread.run(Thread.java:834) ~[na:na]
Caused by: java.lang.IllegalStateException: Failed to introspect Class [de.balvi.cuba.declarativecontrollers.web.helper.ButtonsPanelHelperBean] from ClassLoader [ParallelWebappClassLoader
  context: app
  delegate: false
----------> Parent Classloader:
java.net.URLClassLoader@32eff876
]
	at org.springframework.util.ReflectionUtils.getDeclaredMethods(ReflectionUtils.java:507) ~[spring-core-5.1.6.RELEASE.jar:5.1.6.RELEASE]
	at org.springframework.util.ReflectionUtils.doWithMethods(ReflectionUtils.java:404) ~[spring-core-5.1.6.RELEASE.jar:5.1.6.RELEASE]
	at org.springframework.util.ReflectionUtils.doWithMethods(ReflectionUtils.java:389) ~[spring-core-5.1.6.RELEASE.jar:5.1.6.RELEASE]
	at org.springframework.beans.factory.annotation.AutowiredAnnotationBeanPostProcessor.determineCandidateConstructors(AutowiredAnnotationBeanPostProcessor.java:248) ~[spring-beans-5.1.6.RELEASE.jar:5.1.6.RELEASE]
	... 30 common frames omitted
Caused by: java.lang.NoClassDefFoundError: com/haulmont/cuba/gui/components/Component$Container
	at java.base/java.lang.Class.getDeclaredMethods0(Native Method) ~[na:na]
	at java.base/java.lang.Class.privateGetDeclaredMethods(Class.java:3167) ~[na:na]
	at java.base/java.lang.Class.getDeclaredMethods(Class.java:2310) ~[na:na]
	at org.springframework.util.ReflectionUtils.getDeclaredMethods(ReflectionUtils.java:489) ~[spring-core-5.1.6.RELEASE.jar:5.1.6.RELEASE]
	... 33 common frames omitted
Caused by: java.lang.ClassNotFoundException: com.haulmont.cuba.gui.components.Component$Container
	at org.apache.catalina.loader.WebappClassLoaderBase.loadClass(WebappClassLoaderBase.java:1309) ~[catalina.jar:8.5.33]
	at org.apache.catalina.loader.WebappClassLoaderBase.loadClass(WebappClassLoaderBase.java:1137) ~[catalina.jar:8.5.33]
	... 37 common frames omitted
