24-Jun-2018 19:29:54.355 INFORMATION [main] org.apache.catalina.startup.VersionLoggerListener.log Server version:        Apache Tomcat/8.5.23
24-Jun-2018 19:29:54.374 INFORMATION [main] org.apache.catalina.startup.VersionLoggerListener.log Server built:          Sep 28 2017 10:30:11 UTC
24-Jun-2018 19:29:54.378 INFORMATION [main] org.apache.catalina.startup.VersionLoggerListener.log Server number:         8.5.23.0
24-Jun-2018 19:29:54.381 INFORMATION [main] org.apache.catalina.startup.VersionLoggerListener.log OS Name:               Windows 10
24-Jun-2018 19:29:54.384 INFORMATION [main] org.apache.catalina.startup.VersionLoggerListener.log OS Version:            10.0
24-Jun-2018 19:29:54.388 INFORMATION [main] org.apache.catalina.startup.VersionLoggerListener.log Architecture:          amd64
24-Jun-2018 19:29:54.389 INFORMATION [main] org.apache.catalina.startup.VersionLoggerListener.log Java Home:             C:\Program Files\Java\jdk1.8.0_121\jre
24-Jun-2018 19:29:54.392 INFORMATION [main] org.apache.catalina.startup.VersionLoggerListener.log JVM Version:           1.8.0_121-b13
24-Jun-2018 19:29:54.393 INFORMATION [main] org.apache.catalina.startup.VersionLoggerListener.log JVM Vendor:            Oracle Corporation
24-Jun-2018 19:29:54.396 INFORMATION [main] org.apache.catalina.startup.VersionLoggerListener.log CATALINA_BASE:         C:\Users\Christian\Documents\GitHub\skillguard\deploy\tomcat
24-Jun-2018 19:29:54.399 INFORMATION [main] org.apache.catalina.startup.VersionLoggerListener.log CATALINA_HOME:         C:\Users\Christian\Documents\GitHub\skillguard\deploy\tomcat
24-Jun-2018 19:29:54.400 INFORMATION [main] org.apache.catalina.startup.VersionLoggerListener.log Command line argument: -Djava.util.logging.config.file=C:\Users\Christian\Documents\GitHub\skillguard\deploy\tomcat\conf\logging.properties
24-Jun-2018 19:29:54.402 INFORMATION [main] org.apache.catalina.startup.VersionLoggerListener.log Command line argument: -Djava.util.logging.manager=org.apache.juli.ClassLoaderLogManager
24-Jun-2018 19:29:54.403 INFORMATION [main] org.apache.catalina.startup.VersionLoggerListener.log Command line argument: -Djdk.tls.ephemeralDHKeySize=2048
24-Jun-2018 19:29:54.404 INFORMATION [main] org.apache.catalina.startup.VersionLoggerListener.log Command line argument: -Djava.protocol.handler.pkgs=org.apache.catalina.webresources
24-Jun-2018 19:29:54.405 INFORMATION [main] org.apache.catalina.startup.VersionLoggerListener.log Command line argument: -Xrunjdwp:transport=dt_socket,address=8787,server=y,suspend=n
24-Jun-2018 19:29:54.406 INFORMATION [main] org.apache.catalina.startup.VersionLoggerListener.log Command line argument: -Xmx512m
24-Jun-2018 19:29:54.411 INFORMATION [main] org.apache.catalina.startup.VersionLoggerListener.log Command line argument: -Dfile.encoding=UTF-8
24-Jun-2018 19:29:54.413 INFORMATION [main] org.apache.catalina.startup.VersionLoggerListener.log Command line argument: -Dlogback.configurationFile=C:\Users\Christian\Documents\GitHub\skillguard\deploy\tomcat/conf/logback.xml
24-Jun-2018 19:29:54.414 INFORMATION [main] org.apache.catalina.startup.VersionLoggerListener.log Command line argument: -Dcom.sun.management.jmxremote
24-Jun-2018 19:29:54.421 INFORMATION [main] org.apache.catalina.startup.VersionLoggerListener.log Command line argument: -Dcatalina.base=C:\Users\Christian\Documents\GitHub\skillguard\deploy\tomcat
24-Jun-2018 19:29:54.423 INFORMATION [main] org.apache.catalina.startup.VersionLoggerListener.log Command line argument: -Dcatalina.home=C:\Users\Christian\Documents\GitHub\skillguard\deploy\tomcat
24-Jun-2018 19:29:54.424 INFORMATION [main] org.apache.catalina.startup.VersionLoggerListener.log Command line argument: -Djava.io.tmpdir=C:\Users\Christian\Documents\GitHub\skillguard\deploy\tomcat\temp
24-Jun-2018 19:29:54.426 INFORMATION [main] org.apache.catalina.core.AprLifecycleListener.lifecycleEvent The APR based Apache Tomcat Native library which allows optimal performance in production environments was not found on the java.library.path: [C:\Program Files\Java\jdk1.8.0_121\bin;C:\WINDOWS\Sun\Java\bin;C:\WINDOWS\system32;C:\WINDOWS;C:\ProgramData\Oracle\Java\javapath;C:\Program Files (x86)\Intel\iCLS Client\;C:\Program Files\Intel\iCLS Client\;C:\WINDOWS\system32;C:\WINDOWS;C:\WINDOWS\System32\Wbem;C:\WINDOWS\System32\WindowsPowerShell\v1.0\;C:\Program Files (x86)\Intel\Intel(R) Management Engine Components\DAL;C:\Program Files\Intel\Intel(R) Management Engine Components\DAL;C:\Program Files (x86)\Intel\Intel(R) Management Engine Components\IPT;C:\Program Files\Intel\Intel(R) Management Engine Components\IPT;C:\Program Files\Git\cmd;C:\Program Files (x86)\Brackets\command;C:\Program Files\PuTTY\;C:\Users\Christian\AppData\Local\Microsoft\WindowsApps;;.]
24-Jun-2018 19:29:56.746 INFORMATION [main] org.apache.coyote.AbstractProtocol.init Initializing ProtocolHandler ["http-nio-8080"]
24-Jun-2018 19:29:56.785 INFORMATION [main] org.apache.tomcat.util.net.NioSelectorPool.getSharedSelector Using a shared selector for servlet write/read
24-Jun-2018 19:29:56.791 INFORMATION [main] org.apache.coyote.AbstractProtocol.init Initializing ProtocolHandler ["ajp-nio-8009"]
24-Jun-2018 19:29:56.794 INFORMATION [main] org.apache.tomcat.util.net.NioSelectorPool.getSharedSelector Using a shared selector for servlet write/read
24-Jun-2018 19:29:56.797 INFORMATION [main] org.apache.catalina.startup.Catalina.load Initialization processed in 3126 ms
24-Jun-2018 19:29:56.863 INFORMATION [main] org.apache.catalina.core.StandardService.startInternal Starting service [Catalina]
24-Jun-2018 19:29:56.864 INFORMATION [main] org.apache.catalina.core.StandardEngine.startInternal Starting Servlet Engine: Apache Tomcat/8.5.23
24-Jun-2018 19:29:56.889 INFORMATION [localhost-startStop-1] org.apache.catalina.startup.HostConfig.deployDirectory Deploying web application directory [C:\Users\Christian\Documents\GitHub\skillguard\deploy\tomcat\webapps\app]
24-Jun-2018 19:30:17.429 INFORMATION [localhost-startStop-1] org.apache.catalina.startup.HostConfig.deployDirectory Deployment of web application directory [C:\Users\Christian\Documents\GitHub\skillguard\deploy\tomcat\webapps\app] has finished in [20,540] ms
24-Jun-2018 19:30:17.429 INFORMATION [localhost-startStop-1] org.apache.catalina.startup.HostConfig.deployDirectory Deploying web application directory [C:\Users\Christian\Documents\GitHub\skillguard\deploy\tomcat\webapps\app-core]
24-Jun-2018 19:30:40.416 INFORMATION [localhost-startStop-1] org.apache.catalina.startup.HostConfig.deployDirectory Deployment of web application directory [C:\Users\Christian\Documents\GitHub\skillguard\deploy\tomcat\webapps\app-core] has finished in [22,986] ms
24-Jun-2018 19:30:40.426 INFORMATION [main] org.apache.coyote.AbstractProtocol.start Starting ProtocolHandler ["http-nio-8080"]
24-Jun-2018 19:30:40.448 INFORMATION [main] org.apache.coyote.AbstractProtocol.start Starting ProtocolHandler ["ajp-nio-8009"]
24-Jun-2018 19:30:40.460 INFORMATION [main] org.apache.catalina.startup.Catalina.start Server startup in 43660 ms
24-Jun-2018 19:32:25.121 INFORMATION [main] org.apache.catalina.core.StandardServer.await A valid shutdown command was received via the shutdown port. Stopping the Server instance.
24-Jun-2018 19:32:25.123 INFORMATION [main] org.apache.coyote.AbstractProtocol.pause Pausing ProtocolHandler ["http-nio-8080"]
24-Jun-2018 19:32:25.231 INFORMATION [main] org.apache.coyote.AbstractProtocol.pause Pausing ProtocolHandler ["ajp-nio-8009"]
24-Jun-2018 19:32:25.295 INFORMATION [main] org.apache.catalina.core.StandardService.stopInternal Stopping service [Catalina]
24-Jun-2018 19:32:26.449 INFORMATION [main] org.apache.coyote.AbstractProtocol.stop Stopping ProtocolHandler ["http-nio-8080"]
24-Jun-2018 19:32:26.465 INFORMATION [main] org.apache.coyote.AbstractProtocol.stop Stopping ProtocolHandler ["ajp-nio-8009"]
24-Jun-2018 19:32:26.467 INFORMATION [main] org.apache.coyote.AbstractProtocol.destroy Destroying ProtocolHandler ["http-nio-8080"]
24-Jun-2018 19:32:26.470 INFORMATION [main] org.apache.coyote.AbstractProtocol.destroy Destroying ProtocolHandler ["ajp-nio-8009"]
24-Jun-2018 20:31:29.198 INFORMATION [main] org.apache.catalina.startup.VersionLoggerListener.log Server version:        Apache Tomcat/8.5.23
24-Jun-2018 20:31:29.214 INFORMATION [main] org.apache.catalina.startup.VersionLoggerListener.log Server built:          Sep 28 2017 10:30:11 UTC
24-Jun-2018 20:31:29.214 INFORMATION [main] org.apache.catalina.startup.VersionLoggerListener.log Server number:         8.5.23.0
24-Jun-2018 20:31:29.214 INFORMATION [main] org.apache.catalina.startup.VersionLoggerListener.log OS Name:               Windows 10
24-Jun-2018 20:31:29.214 INFORMATION [main] org.apache.catalina.startup.VersionLoggerListener.log OS Version:            10.0
24-Jun-2018 20:31:29.214 INFORMATION [main] org.apache.catalina.startup.VersionLoggerListener.log Architecture:          amd64
24-Jun-2018 20:31:29.214 INFORMATION [main] org.apache.catalina.startup.VersionLoggerListener.log Java Home:             C:\Program Files\Java\jdk1.8.0_121\jre
24-Jun-2018 20:31:29.230 INFORMATION [main] org.apache.catalina.startup.VersionLoggerListener.log JVM Version:           1.8.0_121-b13
24-Jun-2018 20:31:29.230 INFORMATION [main] org.apache.catalina.startup.VersionLoggerListener.log JVM Vendor:            Oracle Corporation
24-Jun-2018 20:31:29.230 INFORMATION [main] org.apache.catalina.startup.VersionLoggerListener.log CATALINA_BASE:         C:\Users\Christian\Documents\GitHub\skillguard\deploy\tomcat
24-Jun-2018 20:31:29.230 INFORMATION [main] org.apache.catalina.startup.VersionLoggerListener.log CATALINA_HOME:         C:\Users\Christian\Documents\GitHub\skillguard\deploy\tomcat
24-Jun-2018 20:31:29.230 INFORMATION [main] org.apache.catalina.startup.VersionLoggerListener.log Command line argument: -Djava.util.logging.config.file=C:\Users\Christian\Documents\GitHub\skillguard\deploy\tomcat\conf\logging.properties
24-Jun-2018 20:31:29.230 INFORMATION [main] org.apache.catalina.startup.VersionLoggerListener.log Command line argument: -Djava.util.logging.manager=org.apache.juli.ClassLoaderLogManager
24-Jun-2018 20:31:29.230 INFORMATION [main] org.apache.catalina.startup.VersionLoggerListener.log Command line argument: -Djdk.tls.ephemeralDHKeySize=2048
24-Jun-2018 20:31:29.230 INFORMATION [main] org.apache.catalina.startup.VersionLoggerListener.log Command line argument: -Djava.protocol.handler.pkgs=org.apache.catalina.webresources
24-Jun-2018 20:31:29.230 INFORMATION [main] org.apache.catalina.startup.VersionLoggerListener.log Command line argument: -Xrunjdwp:transport=dt_socket,address=8787,server=y,suspend=n
24-Jun-2018 20:31:29.230 INFORMATION [main] org.apache.catalina.startup.VersionLoggerListener.log Command line argument: -Xmx512m
24-Jun-2018 20:31:29.230 INFORMATION [main] org.apache.catalina.startup.VersionLoggerListener.log Command line argument: -Dfile.encoding=UTF-8
24-Jun-2018 20:31:29.230 INFORMATION [main] org.apache.catalina.startup.VersionLoggerListener.log Command line argument: -Dlogback.configurationFile=C:\Users\Christian\Documents\GitHub\skillguard\deploy\tomcat/conf/logback.xml
24-Jun-2018 20:31:29.230 INFORMATION [main] org.apache.catalina.startup.VersionLoggerListener.log Command line argument: -Dcom.sun.management.jmxremote
24-Jun-2018 20:31:29.230 INFORMATION [main] org.apache.catalina.startup.VersionLoggerListener.log Command line argument: -Dcatalina.base=C:\Users\Christian\Documents\GitHub\skillguard\deploy\tomcat
24-Jun-2018 20:31:29.230 INFORMATION [main] org.apache.catalina.startup.VersionLoggerListener.log Command line argument: -Dcatalina.home=C:\Users\Christian\Documents\GitHub\skillguard\deploy\tomcat
24-Jun-2018 20:31:29.230 INFORMATION [main] org.apache.catalina.startup.VersionLoggerListener.log Command line argument: -Djava.io.tmpdir=C:\Users\Christian\Documents\GitHub\skillguard\deploy\tomcat\temp
24-Jun-2018 20:31:29.230 INFORMATION [main] org.apache.catalina.core.AprLifecycleListener.lifecycleEvent The APR based Apache Tomcat Native library which allows optimal performance in production environments was not found on the java.library.path: [C:\Program Files\Java\jdk1.8.0_121\bin;C:\WINDOWS\Sun\Java\bin;C:\WINDOWS\system32;C:\WINDOWS;C:\ProgramData\Oracle\Java\javapath;C:\Program Files (x86)\Intel\iCLS Client\;C:\Program Files\Intel\iCLS Client\;C:\WINDOWS\system32;C:\WINDOWS;C:\WINDOWS\System32\Wbem;C:\WINDOWS\System32\WindowsPowerShell\v1.0\;C:\Program Files (x86)\Intel\Intel(R) Management Engine Components\DAL;C:\Program Files\Intel\Intel(R) Management Engine Components\DAL;C:\Program Files (x86)\Intel\Intel(R) Management Engine Components\IPT;C:\Program Files\Intel\Intel(R) Management Engine Components\IPT;C:\Program Files\Git\cmd;C:\Program Files (x86)\Brackets\command;C:\Program Files\PuTTY\;C:\Users\Christian\AppData\Local\Microsoft\WindowsApps;;.]
24-Jun-2018 20:31:32.192 INFORMATION [main] org.apache.coyote.AbstractProtocol.init Initializing ProtocolHandler ["http-nio-8080"]
24-Jun-2018 20:31:32.223 INFORMATION [main] org.apache.tomcat.util.net.NioSelectorPool.getSharedSelector Using a shared selector for servlet write/read
24-Jun-2018 20:31:32.223 INFORMATION [main] org.apache.coyote.AbstractProtocol.init Initializing ProtocolHandler ["ajp-nio-8009"]
24-Jun-2018 20:31:32.239 INFORMATION [main] org.apache.tomcat.util.net.NioSelectorPool.getSharedSelector Using a shared selector for servlet write/read
24-Jun-2018 20:31:32.239 INFORMATION [main] org.apache.catalina.startup.Catalina.load Initialization processed in 3493 ms
24-Jun-2018 20:31:32.270 INFORMATION [main] org.apache.catalina.core.StandardService.startInternal Starting service [Catalina]
24-Jun-2018 20:31:32.270 INFORMATION [main] org.apache.catalina.core.StandardEngine.startInternal Starting Servlet Engine: Apache Tomcat/8.5.23
24-Jun-2018 20:31:32.285 INFORMATION [localhost-startStop-1] org.apache.catalina.startup.HostConfig.deployDirectory Deploying web application directory [C:\Users\Christian\Documents\GitHub\skillguard\deploy\tomcat\webapps\app]
24-Jun-2018 20:31:51.792 INFORMATION [localhost-startStop-1] org.apache.catalina.startup.HostConfig.deployDirectory Deployment of web application directory [C:\Users\Christian\Documents\GitHub\skillguard\deploy\tomcat\webapps\app] has finished in [19,507] ms
24-Jun-2018 20:31:51.792 INFORMATION [localhost-startStop-1] org.apache.catalina.startup.HostConfig.deployDirectory Deploying web application directory [C:\Users\Christian\Documents\GitHub\skillguard\deploy\tomcat\webapps\app-core]
24-Jun-2018 20:32:09.595 INFORMATION [localhost-startStop-1] org.apache.catalina.startup.HostConfig.deployDirectory Deployment of web application directory [C:\Users\Christian\Documents\GitHub\skillguard\deploy\tomcat\webapps\app-core] has finished in [17,803] ms
24-Jun-2018 20:32:09.610 INFORMATION [main] org.apache.coyote.AbstractProtocol.start Starting ProtocolHandler ["http-nio-8080"]
24-Jun-2018 20:32:09.626 INFORMATION [main] org.apache.coyote.AbstractProtocol.start Starting ProtocolHandler ["ajp-nio-8009"]
24-Jun-2018 20:32:09.626 INFORMATION [main] org.apache.catalina.startup.Catalina.start Server startup in 37395 ms
24-Jun-2018 20:35:47.430 INFORMATION [main] org.apache.catalina.core.StandardServer.await A valid shutdown command was received via the shutdown port. Stopping the Server instance.
24-Jun-2018 20:38:24.841 INFORMATION [main] org.apache.coyote.AbstractProtocol.pause Pausing ProtocolHandler ["http-nio-8080"]
24-Jun-2018 20:38:24.966 INFORMATION [main] org.apache.coyote.AbstractProtocol.pause Pausing ProtocolHandler ["ajp-nio-8009"]
24-Jun-2018 20:38:25.076 INFORMATION [main] org.apache.catalina.core.StandardService.stopInternal Stopping service [Catalina]
24-Jun-2018 20:38:26.107 INFORMATION [main] org.apache.coyote.AbstractProtocol.stop Stopping ProtocolHandler ["http-nio-8080"]
24-Jun-2018 20:38:26.123 INFORMATION [main] org.apache.coyote.AbstractProtocol.stop Stopping ProtocolHandler ["ajp-nio-8009"]
24-Jun-2018 20:38:26.123 INFORMATION [main] org.apache.coyote.AbstractProtocol.destroy Destroying ProtocolHandler ["http-nio-8080"]
24-Jun-2018 20:38:26.138 INFORMATION [main] org.apache.coyote.AbstractProtocol.destroy Destroying ProtocolHandler ["ajp-nio-8009"]
24-Jun-2018 22:24:37.345 INFORMATION [main] org.apache.catalina.startup.VersionLoggerListener.log Server version:        Apache Tomcat/8.5.23
24-Jun-2018 22:24:37.355 INFORMATION [main] org.apache.catalina.startup.VersionLoggerListener.log Server built:          Sep 28 2017 10:30:11 UTC
24-Jun-2018 22:24:37.356 INFORMATION [main] org.apache.catalina.startup.VersionLoggerListener.log Server number:         8.5.23.0
24-Jun-2018 22:24:37.357 INFORMATION [main] org.apache.catalina.startup.VersionLoggerListener.log OS Name:               Windows 10
24-Jun-2018 22:24:37.358 INFORMATION [main] org.apache.catalina.startup.VersionLoggerListener.log OS Version:            10.0
24-Jun-2018 22:24:37.359 INFORMATION [main] org.apache.catalina.startup.VersionLoggerListener.log Architecture:          amd64
24-Jun-2018 22:24:37.360 INFORMATION [main] org.apache.catalina.startup.VersionLoggerListener.log Java Home:             C:\Program Files\Java\jdk1.8.0_121\jre
24-Jun-2018 22:24:37.361 INFORMATION [main] org.apache.catalina.startup.VersionLoggerListener.log JVM Version:           1.8.0_121-b13
24-Jun-2018 22:24:37.361 INFORMATION [main] org.apache.catalina.startup.VersionLoggerListener.log JVM Vendor:            Oracle Corporation
24-Jun-2018 22:24:37.362 INFORMATION [main] org.apache.catalina.startup.VersionLoggerListener.log CATALINA_BASE:         C:\Users\Christian\Documents\GitHub\skillguard\deploy\tomcat
24-Jun-2018 22:24:37.363 INFORMATION [main] org.apache.catalina.startup.VersionLoggerListener.log CATALINA_HOME:         C:\Users\Christian\Documents\GitHub\skillguard\deploy\tomcat
24-Jun-2018 22:24:37.363 INFORMATION [main] org.apache.catalina.startup.VersionLoggerListener.log Command line argument: -Djava.util.logging.config.file=C:\Users\Christian\Documents\GitHub\skillguard\deploy\tomcat\conf\logging.properties
24-Jun-2018 22:24:37.364 INFORMATION [main] org.apache.catalina.startup.VersionLoggerListener.log Command line argument: -Djava.util.logging.manager=org.apache.juli.ClassLoaderLogManager
24-Jun-2018 22:24:37.365 INFORMATION [main] org.apache.catalina.startup.VersionLoggerListener.log Command line argument: -Djdk.tls.ephemeralDHKeySize=2048
24-Jun-2018 22:24:37.365 INFORMATION [main] org.apache.catalina.startup.VersionLoggerListener.log Command line argument: -Djava.protocol.handler.pkgs=org.apache.catalina.webresources
24-Jun-2018 22:24:37.366 INFORMATION [main] org.apache.catalina.startup.VersionLoggerListener.log Command line argument: -Xrunjdwp:transport=dt_socket,address=8787,server=y,suspend=n
24-Jun-2018 22:24:37.367 INFORMATION [main] org.apache.catalina.startup.VersionLoggerListener.log Command line argument: -Xmx512m
24-Jun-2018 22:24:37.375 INFORMATION [main] org.apache.catalina.startup.VersionLoggerListener.log Command line argument: -Dfile.encoding=UTF-8
24-Jun-2018 22:24:37.375 INFORMATION [main] org.apache.catalina.startup.VersionLoggerListener.log Command line argument: -Dlogback.configurationFile=C:\Users\Christian\Documents\GitHub\skillguard\deploy\tomcat/conf/logback.xml
24-Jun-2018 22:24:37.376 INFORMATION [main] org.apache.catalina.startup.VersionLoggerListener.log Command line argument: -Dcom.sun.management.jmxremote
24-Jun-2018 22:24:37.377 INFORMATION [main] org.apache.catalina.startup.VersionLoggerListener.log Command line argument: -Dcatalina.base=C:\Users\Christian\Documents\GitHub\skillguard\deploy\tomcat
24-Jun-2018 22:24:37.379 INFORMATION [main] org.apache.catalina.startup.VersionLoggerListener.log Command line argument: -Dcatalina.home=C:\Users\Christian\Documents\GitHub\skillguard\deploy\tomcat
24-Jun-2018 22:24:37.379 INFORMATION [main] org.apache.catalina.startup.VersionLoggerListener.log Command line argument: -Djava.io.tmpdir=C:\Users\Christian\Documents\GitHub\skillguard\deploy\tomcat\temp
24-Jun-2018 22:24:37.380 INFORMATION [main] org.apache.catalina.core.AprLifecycleListener.lifecycleEvent The APR based Apache Tomcat Native library which allows optimal performance in production environments was not found on the java.library.path: [C:\Program Files\Java\jdk1.8.0_121\bin;C:\WINDOWS\Sun\Java\bin;C:\WINDOWS\system32;C:\WINDOWS;C:\ProgramData\Oracle\Java\javapath;C:\Program Files (x86)\Intel\iCLS Client\;C:\Program Files\Intel\iCLS Client\;C:\WINDOWS\system32;C:\WINDOWS;C:\WINDOWS\System32\Wbem;C:\WINDOWS\System32\WindowsPowerShell\v1.0\;C:\Program Files (x86)\Intel\Intel(R) Management Engine Components\DAL;C:\Program Files\Intel\Intel(R) Management Engine Components\DAL;C:\Program Files (x86)\Intel\Intel(R) Management Engine Components\IPT;C:\Program Files\Intel\Intel(R) Management Engine Components\IPT;C:\Program Files\Git\cmd;C:\Program Files (x86)\Brackets\command;C:\Program Files\PuTTY\;C:\WINDOWS\System32\OpenSSH\;C:\Users\Christian\AppData\Local\Microsoft\WindowsApps;;.]
24-Jun-2018 22:24:42.522 INFORMATION [main] org.apache.coyote.AbstractProtocol.init Initializing ProtocolHandler ["http-nio-8080"]
24-Jun-2018 22:24:42.541 INFORMATION [main] org.apache.tomcat.util.net.NioSelectorPool.getSharedSelector Using a shared selector for servlet write/read
24-Jun-2018 22:24:42.554 INFORMATION [main] org.apache.coyote.AbstractProtocol.init Initializing ProtocolHandler ["ajp-nio-8009"]
24-Jun-2018 22:24:42.556 INFORMATION [main] org.apache.tomcat.util.net.NioSelectorPool.getSharedSelector Using a shared selector for servlet write/read
24-Jun-2018 22:24:42.557 INFORMATION [main] org.apache.catalina.startup.Catalina.load Initialization processed in 5701 ms
24-Jun-2018 22:24:42.672 INFORMATION [main] org.apache.catalina.core.StandardService.startInternal Starting service [Catalina]
24-Jun-2018 22:24:42.673 INFORMATION [main] org.apache.catalina.core.StandardEngine.startInternal Starting Servlet Engine: Apache Tomcat/8.5.23
24-Jun-2018 22:24:42.715 INFORMATION [localhost-startStop-1] org.apache.catalina.startup.HostConfig.deployDirectory Deploying web application directory [C:\Users\Christian\Documents\GitHub\skillguard\deploy\tomcat\webapps\app]
24-Jun-2018 22:25:00.996 INFORMATION [localhost-startStop-1] org.apache.catalina.startup.HostConfig.deployDirectory Deployment of web application directory [C:\Users\Christian\Documents\GitHub\skillguard\deploy\tomcat\webapps\app] has finished in [18,269] ms
24-Jun-2018 22:25:00.997 INFORMATION [localhost-startStop-1] org.apache.catalina.startup.HostConfig.deployDirectory Deploying web application directory [C:\Users\Christian\Documents\GitHub\skillguard\deploy\tomcat\webapps\app-core]
24-Jun-2018 22:25:18.906 SCHWERWIEGEND [localhost-startStop-1] org.apache.catalina.core.StandardContext.startInternal One or more listeners failed to start. Full details will be found in the appropriate container log file
24-Jun-2018 22:25:18.906 SCHWERWIEGEND [localhost-startStop-1] org.apache.catalina.core.StandardContext.startInternal Context [/app-core] startup failed due to previous errors
24-Jun-2018 22:25:18.924 WARNUNG [localhost-startStop-1] org.apache.catalina.loader.WebappClassLoaderBase.clearReferencesThreads The web application [app-core] appears to have started a thread named [Timer-0] but has failed to stop it. This is very likely to create a memory leak. Stack trace of thread:
 java.lang.Object.wait(Native Method)
 java.util.TimerThread.mainLoop(Timer.java:552)
 java.util.TimerThread.run(Timer.java:505)
24-Jun-2018 22:25:18.929 INFORMATION [localhost-startStop-1] org.apache.catalina.startup.HostConfig.deployDirectory Deployment of web application directory [C:\Users\Christian\Documents\GitHub\skillguard\deploy\tomcat\webapps\app-core] has finished in [17,932] ms
24-Jun-2018 22:25:18.934 INFORMATION [main] org.apache.coyote.AbstractProtocol.start Starting ProtocolHandler ["http-nio-8080"]
24-Jun-2018 22:25:18.956 INFORMATION [main] org.apache.coyote.AbstractProtocol.start Starting ProtocolHandler ["ajp-nio-8009"]
24-Jun-2018 22:25:18.956 INFORMATION [main] org.apache.catalina.startup.Catalina.start Server startup in 36402 ms
24-Jun-2018 22:25:48.180 INFORMATION [ServerInfoTimer] org.apache.catalina.loader.WebappClassLoaderBase.checkStateForResourceLoading Illegal access: this web application instance has been stopped already. Could not load [com.haulmont.cuba.core.sys.persistence.HsqlDbTypeConverter]. The following stack trace is thrown for debugging purposes as well as to attempt to terminate the thread which caused the illegal access.
 java.lang.IllegalStateException: Illegal access: this web application instance has been stopped already. Could not load [com.haulmont.cuba.core.sys.persistence.HsqlDbTypeConverter]. The following stack trace is thrown for debugging purposes as well as to attempt to terminate the thread which caused the illegal access.
	at org.apache.catalina.loader.WebappClassLoaderBase.checkStateForResourceLoading(WebappClassLoaderBase.java:1311)
	at org.apache.catalina.loader.WebappClassLoaderBase.checkStateForClassLoading(WebappClassLoaderBase.java:1299)
	at org.apache.catalina.loader.WebappClassLoaderBase.loadClass(WebappClassLoaderBase.java:1158)
	at org.apache.catalina.loader.WebappClassLoaderBase.loadClass(WebappClassLoaderBase.java:1119)
	at com.haulmont.bali.util.ReflectionHelper.loadClass(ReflectionHelper.java:62)
	at com.haulmont.cuba.core.sys.persistence.DbmsSpecificFactory.create(DbmsSpecificFactory.java:76)
	at com.haulmont.cuba.core.sys.persistence.DbmsSpecificFactory.create(DbmsSpecificFactory.java:66)
	at com.haulmont.cuba.core.sys.persistence.DbmsSpecificFactory.getDbTypeConverter(DbmsSpecificFactory.java:54)
	at com.haulmont.cuba.core.sys.PersistenceImpl.getDbTypeConverter(PersistenceImpl.java:93)
	at com.haulmont.cuba.core.app.ServerInfo.updateCurrentServer(ServerInfo.java:170)
	at com.haulmont.cuba.core.app.ServerInfo$1.run(ServerInfo.java:130)
	at java.util.TimerThread.mainLoop(Timer.java:555)
	at java.util.TimerThread.run(Timer.java:505)

24-Jun-2018 22:25:48.182 INFORMATION [ServerInfoTimer] org.apache.catalina.loader.WebappClassLoaderBase.checkStateForResourceLoading Illegal access: this web application instance has been stopped already. Could not load [com.haulmont.cuba.core.sys.persistence.HsqlDbTypeConverter]. The following stack trace is thrown for debugging purposes as well as to attempt to terminate the thread which caused the illegal access.
 java.lang.IllegalStateException: Illegal access: this web application instance has been stopped already. Could not load [com.haulmont.cuba.core.sys.persistence.HsqlDbTypeConverter]. The following stack trace is thrown for debugging purposes as well as to attempt to terminate the thread which caused the illegal access.
	at org.apache.catalina.loader.WebappClassLoaderBase.checkStateForResourceLoading(WebappClassLoaderBase.java:1311)
	at org.apache.catalina.loader.WebappClassLoaderBase.checkStateForClassLoading(WebappClassLoaderBase.java:1299)
	at org.apache.catalina.loader.WebappClassLoaderBase.loadClass(WebappClassLoaderBase.java:1158)
	at org.apache.catalina.loader.WebappClassLoaderBase.loadClass(WebappClassLoaderBase.java:1119)
	at com.haulmont.bali.util.ReflectionHelper.loadClass(ReflectionHelper.java:62)
	at com.haulmont.cuba.core.sys.persistence.DbmsSpecificFactory.create(DbmsSpecificFactory.java:80)
	at com.haulmont.cuba.core.sys.persistence.DbmsSpecificFactory.create(DbmsSpecificFactory.java:66)
	at com.haulmont.cuba.core.sys.persistence.DbmsSpecificFactory.getDbTypeConverter(DbmsSpecificFactory.java:54)
	at com.haulmont.cuba.core.sys.PersistenceImpl.getDbTypeConverter(PersistenceImpl.java:93)
	at com.haulmont.cuba.core.app.ServerInfo.updateCurrentServer(ServerInfo.java:170)
	at com.haulmont.cuba.core.app.ServerInfo$1.run(ServerInfo.java:130)
	at java.util.TimerThread.mainLoop(Timer.java:555)
	at java.util.TimerThread.run(Timer.java:505)

