08-Jun-2018 22:09:22.592 INFORMATION [main] org.apache.catalina.startup.VersionLoggerListener.log Server version:        Apache Tomcat/8.5.23
08-Jun-2018 22:09:22.610 INFORMATION [main] org.apache.catalina.startup.VersionLoggerListener.log Server built:          Sep 28 2017 10:30:11 UTC
08-Jun-2018 22:09:22.610 INFORMATION [main] org.apache.catalina.startup.VersionLoggerListener.log Server number:         8.5.23.0
08-Jun-2018 22:09:22.610 INFORMATION [main] org.apache.catalina.startup.VersionLoggerListener.log OS Name:               Windows 10
08-Jun-2018 22:09:22.610 INFORMATION [main] org.apache.catalina.startup.VersionLoggerListener.log OS Version:            10.0
08-Jun-2018 22:09:22.610 INFORMATION [main] org.apache.catalina.startup.VersionLoggerListener.log Architecture:          amd64
08-Jun-2018 22:09:22.610 INFORMATION [main] org.apache.catalina.startup.VersionLoggerListener.log Java Home:             C:\Program Files\Java\jdk1.8.0_121\jre
08-Jun-2018 22:09:22.610 INFORMATION [main] org.apache.catalina.startup.VersionLoggerListener.log JVM Version:           1.8.0_121-b13
08-Jun-2018 22:09:22.610 INFORMATION [main] org.apache.catalina.startup.VersionLoggerListener.log JVM Vendor:            Oracle Corporation
08-Jun-2018 22:09:22.610 INFORMATION [main] org.apache.catalina.startup.VersionLoggerListener.log CATALINA_BASE:         C:\Users\Christian\Documents\GitHub\skillguard\deploy\tomcat
08-Jun-2018 22:09:22.610 INFORMATION [main] org.apache.catalina.startup.VersionLoggerListener.log CATALINA_HOME:         C:\Users\Christian\Documents\GitHub\skillguard\deploy\tomcat
08-Jun-2018 22:09:22.610 INFORMATION [main] org.apache.catalina.startup.VersionLoggerListener.log Command line argument: -Djava.util.logging.config.file=C:\Users\Christian\Documents\GitHub\skillguard\deploy\tomcat\conf\logging.properties
08-Jun-2018 22:09:22.610 INFORMATION [main] org.apache.catalina.startup.VersionLoggerListener.log Command line argument: -Djava.util.logging.manager=org.apache.juli.ClassLoaderLogManager
08-Jun-2018 22:09:22.625 INFORMATION [main] org.apache.catalina.startup.VersionLoggerListener.log Command line argument: -Djdk.tls.ephemeralDHKeySize=2048
08-Jun-2018 22:09:22.625 INFORMATION [main] org.apache.catalina.startup.VersionLoggerListener.log Command line argument: -Djava.protocol.handler.pkgs=org.apache.catalina.webresources
08-Jun-2018 22:09:22.625 INFORMATION [main] org.apache.catalina.startup.VersionLoggerListener.log Command line argument: -Xrunjdwp:transport=dt_socket,address=8787,server=y,suspend=n
08-Jun-2018 22:09:22.625 INFORMATION [main] org.apache.catalina.startup.VersionLoggerListener.log Command line argument: -Xmx512m
08-Jun-2018 22:09:22.625 INFORMATION [main] org.apache.catalina.startup.VersionLoggerListener.log Command line argument: -Dfile.encoding=UTF-8
08-Jun-2018 22:09:22.625 INFORMATION [main] org.apache.catalina.startup.VersionLoggerListener.log Command line argument: -Dlogback.configurationFile=C:\Users\Christian\Documents\GitHub\skillguard\deploy\tomcat/conf/logback.xml
08-Jun-2018 22:09:22.625 INFORMATION [main] org.apache.catalina.startup.VersionLoggerListener.log Command line argument: -Dcom.sun.management.jmxremote
08-Jun-2018 22:09:22.625 INFORMATION [main] org.apache.catalina.startup.VersionLoggerListener.log Command line argument: -Dcatalina.base=C:\Users\Christian\Documents\GitHub\skillguard\deploy\tomcat
08-Jun-2018 22:09:22.625 INFORMATION [main] org.apache.catalina.startup.VersionLoggerListener.log Command line argument: -Dcatalina.home=C:\Users\Christian\Documents\GitHub\skillguard\deploy\tomcat
08-Jun-2018 22:09:22.641 INFORMATION [main] org.apache.catalina.startup.VersionLoggerListener.log Command line argument: -Djava.io.tmpdir=C:\Users\Christian\Documents\GitHub\skillguard\deploy\tomcat\temp
08-Jun-2018 22:09:22.641 INFORMATION [main] org.apache.catalina.core.AprLifecycleListener.lifecycleEvent The APR based Apache Tomcat Native library which allows optimal performance in production environments was not found on the java.library.path: [C:\Program Files\Java\jdk1.8.0_121\bin;C:\WINDOWS\Sun\Java\bin;C:\WINDOWS\system32;C:\WINDOWS;C:\ProgramData\Oracle\Java\javapath;C:\Program Files (x86)\Intel\iCLS Client\;C:\Program Files\Intel\iCLS Client\;C:\WINDOWS\system32;C:\WINDOWS;C:\WINDOWS\System32\Wbem;C:\WINDOWS\System32\WindowsPowerShell\v1.0\;C:\Program Files (x86)\Intel\Intel(R) Management Engine Components\DAL;C:\Program Files\Intel\Intel(R) Management Engine Components\DAL;C:\Program Files (x86)\Intel\Intel(R) Management Engine Components\IPT;C:\Program Files\Intel\Intel(R) Management Engine Components\IPT;C:\Program Files\Git\cmd;C:\Program Files (x86)\Brackets\command;C:\Program Files\PuTTY\;C:\Users\Christian\AppData\Local\Microsoft\WindowsApps;;.]
08-Jun-2018 22:09:24.626 INFORMATION [main] org.apache.coyote.AbstractProtocol.init Initializing ProtocolHandler ["http-nio-8080"]
08-Jun-2018 22:09:24.657 INFORMATION [main] org.apache.tomcat.util.net.NioSelectorPool.getSharedSelector Using a shared selector for servlet write/read
08-Jun-2018 22:09:24.657 INFORMATION [main] org.apache.coyote.AbstractProtocol.init Initializing ProtocolHandler ["ajp-nio-8009"]
08-Jun-2018 22:09:24.673 INFORMATION [main] org.apache.tomcat.util.net.NioSelectorPool.getSharedSelector Using a shared selector for servlet write/read
08-Jun-2018 22:09:24.673 INFORMATION [main] org.apache.catalina.startup.Catalina.load Initialization processed in 2598 ms
08-Jun-2018 22:09:24.722 INFORMATION [main] org.apache.catalina.core.StandardService.startInternal Starting service [Catalina]
08-Jun-2018 22:09:24.722 INFORMATION [main] org.apache.catalina.core.StandardEngine.startInternal Starting Servlet Engine: Apache Tomcat/8.5.23
08-Jun-2018 22:09:24.734 INFORMATION [localhost-startStop-1] org.apache.catalina.startup.HostConfig.deployDirectory Deploying web application directory [C:\Users\Christian\Documents\GitHub\skillguard\deploy\tomcat\webapps\app]
08-Jun-2018 22:09:44.507 INFORMATION [localhost-startStop-1] org.apache.catalina.startup.HostConfig.deployDirectory Deployment of web application directory [C:\Users\Christian\Documents\GitHub\skillguard\deploy\tomcat\webapps\app] has finished in [19,772] ms
08-Jun-2018 22:09:44.515 INFORMATION [localhost-startStop-1] org.apache.catalina.startup.HostConfig.deployDirectory Deploying web application directory [C:\Users\Christian\Documents\GitHub\skillguard\deploy\tomcat\webapps\app-core]
08-Jun-2018 22:10:08.261 INFORMATION [localhost-startStop-1] org.apache.catalina.startup.HostConfig.deployDirectory Deployment of web application directory [C:\Users\Christian\Documents\GitHub\skillguard\deploy\tomcat\webapps\app-core] has finished in [23,746] ms
08-Jun-2018 22:10:08.271 INFORMATION [main] org.apache.coyote.AbstractProtocol.start Starting ProtocolHandler ["http-nio-8080"]
08-Jun-2018 22:10:08.292 INFORMATION [main] org.apache.coyote.AbstractProtocol.start Starting ProtocolHandler ["ajp-nio-8009"]
08-Jun-2018 22:10:08.298 INFORMATION [main] org.apache.catalina.startup.Catalina.start Server startup in 43620 ms
08-Jun-2018 22:43:00.346 INFORMATION [main] org.apache.catalina.core.StandardServer.await A valid shutdown command was received via the shutdown port. Stopping the Server instance.
08-Jun-2018 22:43:00.389 INFORMATION [main] org.apache.coyote.AbstractProtocol.pause Pausing ProtocolHandler ["http-nio-8080"]
08-Jun-2018 22:43:00.561 INFORMATION [main] org.apache.coyote.AbstractProtocol.pause Pausing ProtocolHandler ["ajp-nio-8009"]
08-Jun-2018 22:43:00.705 INFORMATION [main] org.apache.catalina.core.StandardService.stopInternal Stopping service [Catalina]
08-Jun-2018 22:43:02.219 INFORMATION [main] org.apache.coyote.AbstractProtocol.stop Stopping ProtocolHandler ["http-nio-8080"]
08-Jun-2018 22:43:02.246 INFORMATION [main] org.apache.coyote.AbstractProtocol.stop Stopping ProtocolHandler ["ajp-nio-8009"]
08-Jun-2018 22:43:02.252 INFORMATION [main] org.apache.coyote.AbstractProtocol.destroy Destroying ProtocolHandler ["http-nio-8080"]
08-Jun-2018 22:43:02.272 INFORMATION [main] org.apache.coyote.AbstractProtocol.destroy Destroying ProtocolHandler ["ajp-nio-8009"]
08-Jun-2018 22:43:19.985 INFORMATION [main] org.apache.catalina.startup.VersionLoggerListener.log Server version:        Apache Tomcat/8.5.23
08-Jun-2018 22:43:20.003 INFORMATION [main] org.apache.catalina.startup.VersionLoggerListener.log Server built:          Sep 28 2017 10:30:11 UTC
08-Jun-2018 22:43:20.004 INFORMATION [main] org.apache.catalina.startup.VersionLoggerListener.log Server number:         8.5.23.0
08-Jun-2018 22:43:20.005 INFORMATION [main] org.apache.catalina.startup.VersionLoggerListener.log OS Name:               Windows 10
08-Jun-2018 22:43:20.006 INFORMATION [main] org.apache.catalina.startup.VersionLoggerListener.log OS Version:            10.0
08-Jun-2018 22:43:20.007 INFORMATION [main] org.apache.catalina.startup.VersionLoggerListener.log Architecture:          amd64
08-Jun-2018 22:43:20.009 INFORMATION [main] org.apache.catalina.startup.VersionLoggerListener.log Java Home:             C:\Program Files\Java\jdk1.8.0_121\jre
08-Jun-2018 22:43:20.010 INFORMATION [main] org.apache.catalina.startup.VersionLoggerListener.log JVM Version:           1.8.0_121-b13
08-Jun-2018 22:43:20.014 INFORMATION [main] org.apache.catalina.startup.VersionLoggerListener.log JVM Vendor:            Oracle Corporation
08-Jun-2018 22:43:20.015 INFORMATION [main] org.apache.catalina.startup.VersionLoggerListener.log CATALINA_BASE:         C:\Users\Christian\Documents\GitHub\skillguard\deploy\tomcat
08-Jun-2018 22:43:20.017 INFORMATION [main] org.apache.catalina.startup.VersionLoggerListener.log CATALINA_HOME:         C:\Users\Christian\Documents\GitHub\skillguard\deploy\tomcat
08-Jun-2018 22:43:20.018 INFORMATION [main] org.apache.catalina.startup.VersionLoggerListener.log Command line argument: -Djava.util.logging.config.file=C:\Users\Christian\Documents\GitHub\skillguard\deploy\tomcat\conf\logging.properties
08-Jun-2018 22:43:20.019 INFORMATION [main] org.apache.catalina.startup.VersionLoggerListener.log Command line argument: -Djava.util.logging.manager=org.apache.juli.ClassLoaderLogManager
08-Jun-2018 22:43:20.020 INFORMATION [main] org.apache.catalina.startup.VersionLoggerListener.log Command line argument: -Djdk.tls.ephemeralDHKeySize=2048
08-Jun-2018 22:43:20.021 INFORMATION [main] org.apache.catalina.startup.VersionLoggerListener.log Command line argument: -Djava.protocol.handler.pkgs=org.apache.catalina.webresources
08-Jun-2018 22:43:20.021 INFORMATION [main] org.apache.catalina.startup.VersionLoggerListener.log Command line argument: -Xrunjdwp:transport=dt_socket,address=8787,server=y,suspend=n
08-Jun-2018 22:43:20.026 INFORMATION [main] org.apache.catalina.startup.VersionLoggerListener.log Command line argument: -Xmx512m
08-Jun-2018 22:43:20.028 INFORMATION [main] org.apache.catalina.startup.VersionLoggerListener.log Command line argument: -Dfile.encoding=UTF-8
08-Jun-2018 22:43:20.030 INFORMATION [main] org.apache.catalina.startup.VersionLoggerListener.log Command line argument: -Dlogback.configurationFile=C:\Users\Christian\Documents\GitHub\skillguard\deploy\tomcat/conf/logback.xml
08-Jun-2018 22:43:20.033 INFORMATION [main] org.apache.catalina.startup.VersionLoggerListener.log Command line argument: -Dcom.sun.management.jmxremote
08-Jun-2018 22:43:20.034 INFORMATION [main] org.apache.catalina.startup.VersionLoggerListener.log Command line argument: -Dcatalina.base=C:\Users\Christian\Documents\GitHub\skillguard\deploy\tomcat
08-Jun-2018 22:43:20.038 INFORMATION [main] org.apache.catalina.startup.VersionLoggerListener.log Command line argument: -Dcatalina.home=C:\Users\Christian\Documents\GitHub\skillguard\deploy\tomcat
08-Jun-2018 22:43:20.040 INFORMATION [main] org.apache.catalina.startup.VersionLoggerListener.log Command line argument: -Djava.io.tmpdir=C:\Users\Christian\Documents\GitHub\skillguard\deploy\tomcat\temp
08-Jun-2018 22:43:20.042 INFORMATION [main] org.apache.catalina.core.AprLifecycleListener.lifecycleEvent The APR based Apache Tomcat Native library which allows optimal performance in production environments was not found on the java.library.path: [C:\Program Files\Java\jdk1.8.0_121\bin;C:\WINDOWS\Sun\Java\bin;C:\WINDOWS\system32;C:\WINDOWS;C:\ProgramData\Oracle\Java\javapath;C:\Program Files (x86)\Intel\iCLS Client\;C:\Program Files\Intel\iCLS Client\;C:\WINDOWS\system32;C:\WINDOWS;C:\WINDOWS\System32\Wbem;C:\WINDOWS\System32\WindowsPowerShell\v1.0\;C:\Program Files (x86)\Intel\Intel(R) Management Engine Components\DAL;C:\Program Files\Intel\Intel(R) Management Engine Components\DAL;C:\Program Files (x86)\Intel\Intel(R) Management Engine Components\IPT;C:\Program Files\Intel\Intel(R) Management Engine Components\IPT;C:\Program Files\Git\cmd;C:\Program Files (x86)\Brackets\command;C:\Program Files\PuTTY\;C:\Users\Christian\AppData\Local\Microsoft\WindowsApps;;.]
08-Jun-2018 22:43:23.200 INFORMATION [main] org.apache.coyote.AbstractProtocol.init Initializing ProtocolHandler ["http-nio-8080"]
08-Jun-2018 22:43:23.237 INFORMATION [main] org.apache.tomcat.util.net.NioSelectorPool.getSharedSelector Using a shared selector for servlet write/read
08-Jun-2018 22:43:23.243 INFORMATION [main] org.apache.coyote.AbstractProtocol.init Initializing ProtocolHandler ["ajp-nio-8009"]
08-Jun-2018 22:43:23.247 INFORMATION [main] org.apache.tomcat.util.net.NioSelectorPool.getSharedSelector Using a shared selector for servlet write/read
08-Jun-2018 22:43:23.248 INFORMATION [main] org.apache.catalina.startup.Catalina.load Initialization processed in 3796 ms
08-Jun-2018 22:43:23.298 INFORMATION [main] org.apache.catalina.core.StandardService.startInternal Starting service [Catalina]
08-Jun-2018 22:43:23.299 INFORMATION [main] org.apache.catalina.core.StandardEngine.startInternal Starting Servlet Engine: Apache Tomcat/8.5.23
08-Jun-2018 22:43:23.315 INFORMATION [localhost-startStop-1] org.apache.catalina.startup.HostConfig.deployDirectory Deploying web application directory [C:\Users\Christian\Documents\GitHub\skillguard\deploy\tomcat\webapps\app]
08-Jun-2018 22:43:42.499 INFORMATION [localhost-startStop-1] org.apache.catalina.startup.HostConfig.deployDirectory Deployment of web application directory [C:\Users\Christian\Documents\GitHub\skillguard\deploy\tomcat\webapps\app] has finished in [19,180] ms
08-Jun-2018 22:43:42.506 INFORMATION [localhost-startStop-1] org.apache.catalina.startup.HostConfig.deployDirectory Deploying web application directory [C:\Users\Christian\Documents\GitHub\skillguard\deploy\tomcat\webapps\app-core]
08-Jun-2018 22:44:03.405 INFORMATION [localhost-startStop-1] org.apache.catalina.startup.HostConfig.deployDirectory Deployment of web application directory [C:\Users\Christian\Documents\GitHub\skillguard\deploy\tomcat\webapps\app-core] has finished in [20,899] ms
08-Jun-2018 22:44:03.415 INFORMATION [main] org.apache.coyote.AbstractProtocol.start Starting ProtocolHandler ["http-nio-8080"]
08-Jun-2018 22:44:03.437 INFORMATION [main] org.apache.coyote.AbstractProtocol.start Starting ProtocolHandler ["ajp-nio-8009"]
08-Jun-2018 22:44:03.444 INFORMATION [main] org.apache.catalina.startup.Catalina.start Server startup in 40195 ms
08-Jun-2018 22:45:14.096 INFORMATION [main] org.apache.catalina.core.StandardServer.await A valid shutdown command was received via the shutdown port. Stopping the Server instance.
08-Jun-2018 22:45:14.098 INFORMATION [main] org.apache.coyote.AbstractProtocol.pause Pausing ProtocolHandler ["http-nio-8080"]
08-Jun-2018 22:45:14.235 INFORMATION [main] org.apache.coyote.AbstractProtocol.pause Pausing ProtocolHandler ["ajp-nio-8009"]
08-Jun-2018 22:45:14.348 INFORMATION [main] org.apache.catalina.core.StandardService.stopInternal Stopping service [Catalina]
08-Jun-2018 22:45:14.463 INFORMATION [main] org.apache.coyote.AbstractProtocol.stop Stopping ProtocolHandler ["http-nio-8080"]
08-Jun-2018 22:45:14.475 INFORMATION [main] org.apache.coyote.AbstractProtocol.stop Stopping ProtocolHandler ["ajp-nio-8009"]
08-Jun-2018 22:45:14.478 INFORMATION [main] org.apache.coyote.AbstractProtocol.destroy Destroying ProtocolHandler ["http-nio-8080"]
08-Jun-2018 22:45:14.481 INFORMATION [main] org.apache.coyote.AbstractProtocol.destroy Destroying ProtocolHandler ["ajp-nio-8009"]
08-Jun-2018 22:45:28.628 INFORMATION [main] org.apache.catalina.startup.VersionLoggerListener.log Server version:        Apache Tomcat/8.5.23
08-Jun-2018 22:45:28.641 INFORMATION [main] org.apache.catalina.startup.VersionLoggerListener.log Server built:          Sep 28 2017 10:30:11 UTC
08-Jun-2018 22:45:28.642 INFORMATION [main] org.apache.catalina.startup.VersionLoggerListener.log Server number:         8.5.23.0
08-Jun-2018 22:45:28.644 INFORMATION [main] org.apache.catalina.startup.VersionLoggerListener.log OS Name:               Windows 10
08-Jun-2018 22:45:28.647 INFORMATION [main] org.apache.catalina.startup.VersionLoggerListener.log OS Version:            10.0
08-Jun-2018 22:45:28.650 INFORMATION [main] org.apache.catalina.startup.VersionLoggerListener.log Architecture:          amd64
08-Jun-2018 22:45:28.652 INFORMATION [main] org.apache.catalina.startup.VersionLoggerListener.log Java Home:             C:\Program Files\Java\jdk1.8.0_121\jre
08-Jun-2018 22:45:28.653 INFORMATION [main] org.apache.catalina.startup.VersionLoggerListener.log JVM Version:           1.8.0_121-b13
08-Jun-2018 22:45:28.655 INFORMATION [main] org.apache.catalina.startup.VersionLoggerListener.log JVM Vendor:            Oracle Corporation
08-Jun-2018 22:45:28.656 INFORMATION [main] org.apache.catalina.startup.VersionLoggerListener.log CATALINA_BASE:         C:\Users\Christian\Documents\GitHub\skillguard\deploy\tomcat
08-Jun-2018 22:45:28.657 INFORMATION [main] org.apache.catalina.startup.VersionLoggerListener.log CATALINA_HOME:         C:\Users\Christian\Documents\GitHub\skillguard\deploy\tomcat
08-Jun-2018 22:45:28.658 INFORMATION [main] org.apache.catalina.startup.VersionLoggerListener.log Command line argument: -Djava.util.logging.config.file=C:\Users\Christian\Documents\GitHub\skillguard\deploy\tomcat\conf\logging.properties
08-Jun-2018 22:45:28.660 INFORMATION [main] org.apache.catalina.startup.VersionLoggerListener.log Command line argument: -Djava.util.logging.manager=org.apache.juli.ClassLoaderLogManager
08-Jun-2018 22:45:28.662 INFORMATION [main] org.apache.catalina.startup.VersionLoggerListener.log Command line argument: -Djdk.tls.ephemeralDHKeySize=2048
08-Jun-2018 22:45:28.663 INFORMATION [main] org.apache.catalina.startup.VersionLoggerListener.log Command line argument: -Djava.protocol.handler.pkgs=org.apache.catalina.webresources
08-Jun-2018 22:45:28.664 INFORMATION [main] org.apache.catalina.startup.VersionLoggerListener.log Command line argument: -Xrunjdwp:transport=dt_socket,address=8787,server=y,suspend=n
08-Jun-2018 22:45:28.665 INFORMATION [main] org.apache.catalina.startup.VersionLoggerListener.log Command line argument: -Xmx512m
08-Jun-2018 22:45:28.667 INFORMATION [main] org.apache.catalina.startup.VersionLoggerListener.log Command line argument: -Dfile.encoding=UTF-8
08-Jun-2018 22:45:28.668 INFORMATION [main] org.apache.catalina.startup.VersionLoggerListener.log Command line argument: -Dlogback.configurationFile=C:\Users\Christian\Documents\GitHub\skillguard\deploy\tomcat/conf/logback.xml
08-Jun-2018 22:45:28.672 INFORMATION [main] org.apache.catalina.startup.VersionLoggerListener.log Command line argument: -Dcom.sun.management.jmxremote
08-Jun-2018 22:45:28.673 INFORMATION [main] org.apache.catalina.startup.VersionLoggerListener.log Command line argument: -Dcatalina.base=C:\Users\Christian\Documents\GitHub\skillguard\deploy\tomcat
08-Jun-2018 22:45:28.675 INFORMATION [main] org.apache.catalina.startup.VersionLoggerListener.log Command line argument: -Dcatalina.home=C:\Users\Christian\Documents\GitHub\skillguard\deploy\tomcat
08-Jun-2018 22:45:28.676 INFORMATION [main] org.apache.catalina.startup.VersionLoggerListener.log Command line argument: -Djava.io.tmpdir=C:\Users\Christian\Documents\GitHub\skillguard\deploy\tomcat\temp
08-Jun-2018 22:45:28.678 INFORMATION [main] org.apache.catalina.core.AprLifecycleListener.lifecycleEvent The APR based Apache Tomcat Native library which allows optimal performance in production environments was not found on the java.library.path: [C:\Program Files\Java\jdk1.8.0_121\bin;C:\WINDOWS\Sun\Java\bin;C:\WINDOWS\system32;C:\WINDOWS;C:\ProgramData\Oracle\Java\javapath;C:\Program Files (x86)\Intel\iCLS Client\;C:\Program Files\Intel\iCLS Client\;C:\WINDOWS\system32;C:\WINDOWS;C:\WINDOWS\System32\Wbem;C:\WINDOWS\System32\WindowsPowerShell\v1.0\;C:\Program Files (x86)\Intel\Intel(R) Management Engine Components\DAL;C:\Program Files\Intel\Intel(R) Management Engine Components\DAL;C:\Program Files (x86)\Intel\Intel(R) Management Engine Components\IPT;C:\Program Files\Intel\Intel(R) Management Engine Components\IPT;C:\Program Files\Git\cmd;C:\Program Files (x86)\Brackets\command;C:\Program Files\PuTTY\;C:\Users\Christian\AppData\Local\Microsoft\WindowsApps;;.]
08-Jun-2018 22:45:29.173 INFORMATION [main] org.apache.coyote.AbstractProtocol.init Initializing ProtocolHandler ["http-nio-8080"]
08-Jun-2018 22:45:29.204 INFORMATION [main] org.apache.tomcat.util.net.NioSelectorPool.getSharedSelector Using a shared selector for servlet write/read
08-Jun-2018 22:45:29.209 INFORMATION [main] org.apache.coyote.AbstractProtocol.init Initializing ProtocolHandler ["ajp-nio-8009"]
08-Jun-2018 22:45:29.213 INFORMATION [main] org.apache.tomcat.util.net.NioSelectorPool.getSharedSelector Using a shared selector for servlet write/read
08-Jun-2018 22:45:29.214 INFORMATION [main] org.apache.catalina.startup.Catalina.load Initialization processed in 1117 ms
08-Jun-2018 22:45:29.259 INFORMATION [main] org.apache.catalina.core.StandardService.startInternal Starting service [Catalina]
08-Jun-2018 22:45:29.260 INFORMATION [main] org.apache.catalina.core.StandardEngine.startInternal Starting Servlet Engine: Apache Tomcat/8.5.23
08-Jun-2018 22:45:29.274 INFORMATION [localhost-startStop-1] org.apache.catalina.startup.HostConfig.deployDirectory Deploying web application directory [C:\Users\Christian\Documents\GitHub\skillguard\deploy\tomcat\webapps\app]
08-Jun-2018 22:45:44.158 INFORMATION [localhost-startStop-1] org.apache.catalina.startup.HostConfig.deployDirectory Deployment of web application directory [C:\Users\Christian\Documents\GitHub\skillguard\deploy\tomcat\webapps\app] has finished in [14,883] ms
08-Jun-2018 22:45:44.159 INFORMATION [localhost-startStop-1] org.apache.catalina.startup.HostConfig.deployDirectory Deploying web application directory [C:\Users\Christian\Documents\GitHub\skillguard\deploy\tomcat\webapps\app-core]
08-Jun-2018 22:46:02.375 INFORMATION [localhost-startStop-1] org.apache.catalina.startup.HostConfig.deployDirectory Deployment of web application directory [C:\Users\Christian\Documents\GitHub\skillguard\deploy\tomcat\webapps\app-core] has finished in [18,216] ms
08-Jun-2018 22:46:02.381 INFORMATION [main] org.apache.coyote.AbstractProtocol.start Starting ProtocolHandler ["http-nio-8080"]
08-Jun-2018 22:46:02.399 INFORMATION [main] org.apache.coyote.AbstractProtocol.start Starting ProtocolHandler ["ajp-nio-8009"]
08-Jun-2018 22:46:02.406 INFORMATION [main] org.apache.catalina.startup.Catalina.start Server startup in 33188 ms
08-Jun-2018 22:46:25.244 WARNUNG [http-nio-8080-exec-26] com.vaadin.server.DefaultDeploymentConfiguration.checkProductionMode 
=================================================================
Vaadin is running in DEBUG MODE.
Add productionMode=true to web.xml to disable debug features.
To show debug window, add ?debug to your application URL.
=================================================================
