Performance Statistics   2018-06-14 18:00:00 - 2018-06-14 18:02:00
Tag                                                  Avg(ms)         Min         Max     Std Dev       Count
loginWindow#init                                        40,0          40          40         0,0           1
loginWindow#inject                                      27,0          27          27         0,0           1
loginWindow#load                                       465,0         465         465         0,0           1
loginWindow#ready                                        0,0           0           0         0,0           1
loginWindow#uiPermissions                                2,0           2           2         0,0           1
loginWindow#xml                                         20,0          20          20         0,0           1
mainWindow#init                                         32,0          32          32         0,0           1
mainWindow#inject                                       28,0          28          28         0,0           1
mainWindow#load                                        316,0         316         316         0,0           1
mainWindow#ready                                         8,0           8           8         0,0           1
mainWindow#uiPermissions                                 0,0           0           0         0,0           1
mainWindow#xml                                           5,0           5           5         0,0           1
skillguard$Employee.browse#init                          8,0           8           8         0,0           1
skillguard$Employee.browse#inject                        4,0           4           4         0,0           1
skillguard$Employee.browse#load                        894,0         894         894         0,0           1
skillguard$Employee.browse#ready                         0,0           0           0         0,0           1
skillguard$Employee.browse#uiPermissions                 0,0           0           0         0,0           1
skillguard$Employee.browse#xml                          12,0          12          12         0,0           1
skillguard$Employee.browse@departmentsDs                39,5          30          49         9,5           2
skillguard$Employee.browse@employeesDs                 302,0         302         302         0,0           1

Performance Statistics   2018-06-14 18:02:00 - 2018-06-14 18:04:00
Tag                                                  Avg(ms)         Min         Max     Std Dev       Count
sec$User.browse#init                                     8,0           8           8         0,0           1
sec$User.browse#inject                                   3,0           3           3         0,0           1
sec$User.browse#load                                   113,0         113         113         0,0           1
sec$User.browse#ready                                    0,0           0           0         0,0           1
sec$User.browse#uiPermissions                            0,0           0           0         0,0           1
sec$User.browse#xml                                      4,0           4           4         0,0           1
sec$User.browse@usersDs                                 52,0          52          52         0,0           1
sec$User.edit#companion                                  6,0           6           6         0,0           1
sec$User.edit#init                                      64,0          64          64         0,0           1
sec$User.edit#inject                                     2,0           0           4         2,0           2
sec$User.edit#load                                     131,0         131         131         0,0           1
sec$User.edit#ready                                      0,0           0           0         0,0           1
sec$User.edit#setItem                                   63,0          63          63         0,0           1
sec$User.edit#uiPermissions                              0,0           0           0         0,0           1
sec$User.edit#xml                                        8,0           8           8         0,0           1
sec$User.edit.windowActions#load                         4,0           4           4         0,0           1
windowActions#xml                                        2,0           2           2         0,0           1

Performance Statistics   2018-06-14 18:04:00 - 2018-06-14 18:06:00
Tag                                                  Avg(ms)         Min         Max     Std Dev       Count
sec$User.edit#companion                                  1,0           1           1         0,0           1
sec$User.edit#init                                       8,0           8           8         0,0           1
sec$User.edit#inject                                     1,5           0           3         1,5           2
sec$User.edit#load                                      39,0          39          39         0,0           1
sec$User.edit#ready                                      0,0           0           0         0,0           1
sec$User.edit#setItem                                   49,0          49          49         0,0           1
sec$User.edit#uiPermissions                              0,0           0           0         0,0           1
sec$User.edit#xml                                        2,0           2           2         0,0           1
sec$User.edit.windowActions#load                         0,0           0           0         0,0           1
windowActions#xml                                        1,0           1           1         0,0           1

Performance Statistics   2018-06-14 18:06:00 - 2018-06-14 18:08:00
Tag                                                  Avg(ms)         Min         Max     Std Dev       Count
loginWindow#init                                         0,0           0           0         0,0           1
loginWindow#inject                                       0,0           0           0         0,0           1
loginWindow#load                                         9,0           9           9         0,0           1
loginWindow#ready                                        0,0           0           0         0,0           1
loginWindow#uiPermissions                                0,0           0           0         0,0           1
loginWindow#xml                                          3,0           3           3         0,0           1
mainWindow#init                                          0,0           0           0         0,0           1
mainWindow#inject                                        0,0           0           0         0,0           1
mainWindow#load                                         14,0          14          14         0,0           1
mainWindow#ready                                         9,0           9           9         0,0           1
mainWindow#uiPermissions                                 0,0           0           0         0,0           1
mainWindow#xml                                           4,0           4           4         0,0           1
sec$User.browse#init                                     0,0           0           0         0,0           1
sec$User.browse#inject                                   0,0           0           0         0,0           1
sec$User.browse#load                                     9,0           9           9         0,0           1
sec$User.browse#ready                                    0,0           0           0         0,0           1
sec$User.browse#uiPermissions                            0,0           0           0         0,0           1
sec$User.browse#xml                                      1,0           1           1         0,0           1
sec$User.browse@usersDs                                 23,0          23          23         0,0           1
sec$User.edit#companion                                  1,0           1           1         0,0           1
sec$User.edit#init                                       7,0           7           7         0,0           1
sec$User.edit#inject                                     1,5           0           3         1,5           2
sec$User.edit#load                                      19,0          19          19         0,0           1
sec$User.edit#ready                                      0,0           0           0         0,0           1
sec$User.edit#setItem                                   55,0          55          55         0,0           1
sec$User.edit#uiPermissions                              0,0           0           0         0,0           1
sec$User.edit#xml                                        1,0           1           1         0,0           1
sec$User.edit.windowActions#load                         0,0           0           0         0,0           1
windowActions#xml                                        1,0           1           1         0,0           1

Performance Statistics   2018-06-14 18:08:00 - 2018-06-14 18:10:00
Tag                                                  Avg(ms)         Min         Max     Std Dev       Count
lookupWindowActions#inject                               0,0           0           0         0,0           2
lookupWindowActions#load                                 5,0           3           7         2,0           2
lookupWindowActions#xml                                  2,0           2           2         0,0           2
skillguard$Department.browse#init                        0,0           0           0         0,0           1
skillguard$Department.browse#inject                      0,0           0           0         0,0           1
skillguard$Department.browse#load                       93,0          93          93         0,0           1
skillguard$Department.browse#ready                       0,0           0           0         0,0           1
skillguard$Department.browse#uiPermissions               0,0           0           0         0,0           1
skillguard$Department.browse#xml                        14,0          14          14         0,0           1
skillguard$Department.browse@departmentsDs              31,0          31          31         0,0           1
skillguard$Department.browse@parentDepartmentsDs        11,0          10          12         1,0           2
skillguard$Employee.browse#init                          0,0           0           0         0,0           2
skillguard$Employee.browse#inject                        1,0           0           2         1,0           2
skillguard$Employee.browse#load                         24,0          15          33         9,0           2
skillguard$Employee.browse#ready                         0,0           0           0         0,0           2
skillguard$Employee.browse#uiPermissions                 0,0           0           0         0,0           2
skillguard$Employee.browse#xml                           0,5           0           1         0,5           2
skillguard$Employee.browse@departmentsDs                10,5          10          11         0,5           2
skillguard$Employee.browse@employeesDs                  15,0          13          17         2,0           2

Performance Statistics   2018-06-14 18:10:00 - 2018-06-14 18:12:00
Tag                                                  Avg(ms)         Min         Max     Std Dev       Count
skillguard$Department.browse@departmentsDs              21,0          21          21         0,0           1
skillguard$Department.browse@parentDepartmentsDs         8,5           8           9         0,5           2

Performance Statistics   2018-06-14 18:12:00 - 2018-06-14 18:14:00
Tag                                                  Avg(ms)         Min         Max     Std Dev       Count
loginWindow#init                                        19,0          19          19         0,0           1
loginWindow#inject                                      19,0          19          19         0,0           1
loginWindow#load                                       498,0         498         498         0,0           1
loginWindow#ready                                        0,0           0           0         0,0           1
loginWindow#uiPermissions                                2,0           2           2         0,0           1
loginWindow#xml                                         15,0          15          15         0,0           1
mainWindow#init                                         34,0          34          34         0,0           1
mainWindow#inject                                       15,0          15          15         0,0           1
mainWindow#load                                        287,0         287         287         0,0           1
mainWindow#ready                                        12,0          12          12         0,0           1
mainWindow#uiPermissions                                 0,0           0           0         0,0           1
mainWindow#xml                                           4,0           4           4         0,0           1
skillguard$Department.browse#init                       15,0          15          15         0,0           1
skillguard$Department.browse#inject                      4,0           4           4         0,0           1
skillguard$Department.browse#load                      881,0         881         881         0,0           1
skillguard$Department.browse#ready                       0,0           0           0         0,0           1
skillguard$Department.browse#uiPermissions               0,0           0           0         0,0           1
skillguard$Department.browse#xml                         6,0           6           6         0,0           1
skillguard$Department.browse@departmentsDs              42,0          42          42         0,0           1
skillguard$Department.browse@parentDepartmentsDs       114,7          13         287       122,5           3

Performance Statistics   2018-06-14 18:14:00 - 2018-06-14 18:16:00
Tag                                                  Avg(ms)         Min         Max     Std Dev       Count
loginWindow#init                                         0,0           0           0         0,0           1
loginWindow#inject                                       1,0           1           1         0,0           1
loginWindow#load                                        12,0          12          12         0,0           1
loginWindow#ready                                        0,0           0           0         0,0           1
loginWindow#uiPermissions                                0,0           0           0         0,0           1
loginWindow#xml                                          4,0           4           4         0,0           1
mainWindow#init                                          0,0           0           0         0,0           1
mainWindow#inject                                        0,0           0           0         0,0           1
mainWindow#load                                         13,0          13          13         0,0           1
mainWindow#ready                                         4,0           4           4         0,0           1
mainWindow#uiPermissions                                 0,0           0           0         0,0           1
mainWindow#xml                                           1,0           1           1         0,0           1
skillguard$Department.browse#init                        0,0           0           0         0,0           1
skillguard$Department.browse#inject                      0,0           0           0         0,0           1
skillguard$Department.browse#load                       24,0          24          24         0,0           1
skillguard$Department.browse#ready                       0,0           0           0         0,0           1
skillguard$Department.browse#uiPermissions               0,0           0           0         0,0           1
skillguard$Department.browse#xml                         1,0           1           1         0,0           1
skillguard$Department.browse@departmentsDs              18,5          18          19         0,5           2
skillguard$Department.browse@parentDepartmentsDs         9,0           6          12         3,0           2
skillguard$Department.edit#init                          0,0           0           0         0,0           1
skillguard$Department.edit#inject                        0,5           0           1         0,5           2
skillguard$Department.edit#load                         35,0          35          35         0,0           1
skillguard$Department.edit#ready                         0,0           0           0         0,0           1
skillguard$Department.edit#setItem                      44,0          44          44         0,0           1
skillguard$Department.edit#uiPermissions                 0,0           0           0         0,0           1
skillguard$Department.edit#xml                           2,0           2           2         0,0           1
skillguard$Department.edit.windowActions#load            4,0           4           4         0,0           1
skillguard$Department.edit@parentDepartmentsDs          13,0          13          13         0,0           1
skillguard$Employee.browse#init                          0,0           0           0         0,0           1
skillguard$Employee.browse#inject                        1,0           1           1         0,0           1
skillguard$Employee.browse#load                        118,0         118         118         0,0           1
skillguard$Employee.browse#ready                         0,0           0           0         0,0           1
skillguard$Employee.browse#uiPermissions                 0,0           0           0         0,0           1
skillguard$Employee.browse#xml                           7,0           7           7         0,0           1
skillguard$Employee.browse@departmentsDs                13,5          13          14         0,5           2
skillguard$Employee.browse@employeesDs                  19,0          19          19         0,0           1
windowActions#xml                                        2,0           2           2         0,0           1

Performance Statistics   2018-06-14 18:18:00 - 2018-06-14 18:20:00
Tag                                                  Avg(ms)         Min         Max     Std Dev       Count
ddcdi$ImportConfiguration.browse#init                   21,0          21          21         0,0           1
ddcdi$ImportConfiguration.browse#inject                  0,0           0           0         0,0           1
ddcdi$ImportConfiguration.browse#load                  140,0         140         140         0,0           1
ddcdi$ImportConfiguration.browse#ready                   0,0           0           0         0,0           1
ddcdi$ImportConfiguration.browse#uiPermissions           0,0           0           0         0,0           1
ddcdi$ImportConfiguration.browse#xml                    12,0          12          12         0,0           1
ddcdi$ImportConfiguration.browse@importConfigurationsDs        76,0          76          76         0,0           1
ddcdi$ImportConfiguration.edit#init                      0,0           0           0         0,0           1
ddcdi$ImportConfiguration.edit#inject                    0,5           0           1         0,5           2
ddcdi$ImportConfiguration.edit#load                    304,0         304         304         0,0           1
ddcdi$ImportConfiguration.edit#ready                     0,0           0           0         0,0           1
ddcdi$ImportConfiguration.edit#setItem                 141,0         141         141         0,0           1
ddcdi$ImportConfiguration.edit#uiPermissions             0,0           0           0         0,0           1
ddcdi$ImportConfiguration.edit#xml                       3,0           3           3         0,0           1
ddcdi$ImportConfiguration.edit.windowActions#load         5,0           5           5         0,0           1
ddcdi$import-with-import-configuration-wizard#init       129,0         129         129         0,0           1
ddcdi$import-with-import-configuration-wizard#inject         2,0           2           2         0,0           1
ddcdi$import-with-import-configuration-wizard#load        81,0          81          81         0,0           1
ddcdi$import-with-import-configuration-wizard#ready         0,0           0           0         0,0           1
ddcdi$import-with-import-configuration-wizard#setItem        41,0          41          41         0,0           1
ddcdi$import-with-import-configuration-wizard#uiPermissions         0,0           0           0         0,0           1
ddcdi$import-with-import-configuration-wizard#xml         3,0           3           3         0,0           1
ddcdi$import-with-import-configuration-wizard@ds         0,0           0           0         0,0           1
loginWindow#init                                        21,0          21          21         0,0           1
loginWindow#inject                                      47,0          47          47         0,0           1
loginWindow#load                                       551,0         551         551         0,0           1
loginWindow#ready                                        0,0           0           0         0,0           1
loginWindow#uiPermissions                                1,0           1           1         0,0           1
loginWindow#xml                                         44,0          44          44         0,0           1
mainWindow#init                                         43,0          43          43         0,0           1
mainWindow#inject                                       15,0          15          15         0,0           1
mainWindow#load                                        252,0         252         252         0,0           1
mainWindow#ready                                         8,0           8           8         0,0           1
mainWindow#uiPermissions                                 0,0           0           0         0,0           1
mainWindow#xml                                           8,0           8           8         0,0           1
skillguard$Department.browse#init                        8,0           8           8         0,0           1
skillguard$Department.browse#inject                      4,0           4           4         0,0           1
skillguard$Department.browse#load                      908,0         908         908         0,0           1
skillguard$Department.browse#ready                       0,0           0           0         0,0           1
skillguard$Department.browse#uiPermissions               0,0           0           0         0,0           1
skillguard$Department.browse#xml                        13,0          13          13         0,0           1
skillguard$Department.browse@departmentsDs              25,0          23          27         2,0           2
skillguard$Department.browse@parentDepartmentsDs        96,0           9         269       122,3           3
windowActions#xml                                        2,0           2           2         0,0           1

Performance Statistics   2018-06-14 18:20:00 - 2018-06-14 18:22:00
Tag                                                  Avg(ms)         Min         Max     Std Dev       Count
skillguard$Department.browse#init                        0,0           0           0         0,0           1
skillguard$Department.browse#inject                      0,0           0           0         0,0           1
skillguard$Department.browse#load                       20,0          20          20         0,0           1
skillguard$Department.browse#ready                       0,0           0           0         0,0           1
skillguard$Department.browse#uiPermissions               0,0           0           0         0,0           1
skillguard$Department.browse#xml                         1,0           1           1         0,0           1
skillguard$Department.browse@departmentsDs              14,0          12          16         2,0           2
skillguard$Department.browse@parentDepartmentsDs        14,0           8          35        10,6           5

Performance Statistics   2018-06-14 18:22:00 - 2018-06-14 18:24:00
Tag                                                  Avg(ms)         Min         Max     Std Dev       Count

Performance Statistics   2018-06-14 18:24:00 - 2018-06-14 18:26:00
Tag                                                  Avg(ms)         Min         Max     Std Dev       Count

Performance Statistics   2018-06-14 18:26:00 - 2018-06-14 18:28:00
Tag                                                  Avg(ms)         Min         Max     Std Dev       Count

Performance Statistics   2018-06-14 18:28:00 - 2018-06-14 18:30:00
Tag                                                  Avg(ms)         Min         Max     Std Dev       Count
ddcdi$ImportAttributeMapper.edit#init                    0,0           0           0         0,0           1
ddcdi$ImportAttributeMapper.edit#inject                  0,0           0           0         0,0           2
ddcdi$ImportAttributeMapper.edit#load                   21,0          21          21         0,0           1
ddcdi$ImportAttributeMapper.edit#ready                   0,0           0           0         0,0           1
ddcdi$ImportAttributeMapper.edit#setItem               313,0         313         313         0,0           1
ddcdi$ImportAttributeMapper.edit#uiPermissions           0,0           0           0         0,0           1
ddcdi$ImportAttributeMapper.edit#xml                     5,0           5           5         0,0           1
ddcdi$ImportAttributeMapper.edit.ddcdi$ImportAttributeMapperAutomatic.frame#init       259,0         259         259         0,0           1
ddcdi$ImportAttributeMapper.edit.ddcdi$ImportAttributeMapperAutomatic.frame#uiPermissions         0,0           0           0         0,0           1
ddcdi$ImportAttributeMapper.edit.windowActions#load         0,0           0           0         0,0           1
ddcdi$ImportAttributeMapperAutomatic.frame#inject         1,0           1           1         0,0           1
ddcdi$ImportAttributeMapperAutomatic.frame#load        292,0         292         292         0,0           1
ddcdi$ImportAttributeMapperAutomatic.frame#xml           1,0           1           1         0,0           1
ddcdi$ImportConfiguration.edit#init                      0,0           0           0         0,0           1
ddcdi$ImportConfiguration.edit#inject                    0,0           0           0         0,0           2
ddcdi$ImportConfiguration.edit#load                     21,0          21          21         0,0           1
ddcdi$ImportConfiguration.edit#ready                     0,0           0           0         0,0           1
ddcdi$ImportConfiguration.edit#setItem                  34,0          34          34         0,0           1
ddcdi$ImportConfiguration.edit#uiPermissions             0,0           0           0         0,0           1
ddcdi$ImportConfiguration.edit#xml                       3,0           3           3         0,0           1
ddcdi$ImportConfiguration.edit.windowActions#load         0,0           0           0         0,0           1
ddcdi$UniqueConfiguration.edit#init                      0,0           0           0         0,0           1
ddcdi$UniqueConfiguration.edit#inject                    0,0           0           0         0,0           2
ddcdi$UniqueConfiguration.edit#load                     41,0          41          41         0,0           1
ddcdi$UniqueConfiguration.edit#ready                     0,0           0           0         0,0           1
ddcdi$UniqueConfiguration.edit#setItem                   0,0           0           0         0,0           1
ddcdi$UniqueConfiguration.edit#uiPermissions             0,0           0           0         0,0           1
ddcdi$UniqueConfiguration.edit#xml                      12,0          12          12         0,0           1
ddcdi$UniqueConfiguration.edit.windowActions#load         0,0           0           0         0,0           1
ddcdi$UniqueConfigurationAttribute.edit#init             0,0           0           0         0,0           1
ddcdi$UniqueConfigurationAttribute.edit#inject           0,0           0           0         0,0           2
ddcdi$UniqueConfigurationAttribute.edit#load            32,0          32          32         0,0           1
ddcdi$UniqueConfigurationAttribute.edit#ready            0,0           0           0         0,0           1
ddcdi$UniqueConfigurationAttribute.edit#setItem          0,0           0           0         0,0           1
ddcdi$UniqueConfigurationAttribute.edit#uiPermissions         0,0           0           0         0,0           1
ddcdi$UniqueConfigurationAttribute.edit#xml              6,0           6           6         0,0           1
ddcdi$UniqueConfigurationAttribute.edit.windowActions#load         0,0           0           0         0,0           1
skillguard$Department.browse#init                        0,0           0           0         0,0           1
skillguard$Department.browse#inject                      0,0           0           0         0,0           1
skillguard$Department.browse#load                      807,0         807         807         0,0           1
skillguard$Department.browse#ready                       0,0           0           0         0,0           1
skillguard$Department.browse#uiPermissions               0,0           0           0         0,0           1
skillguard$Department.browse#xml                       260,0         260         260         0,0           1
skillguard$Department.browse@departmentsDs              16,0          16          16         0,0           1
skillguard$Department.browse@parentDepartmentsDs        12,0          12          12         0,0           1
windowActions#xml                                        0,8           0           2         0,8           4

Performance Statistics   2018-06-14 18:30:00 - 2018-06-14 18:32:00
Tag                                                  Avg(ms)         Min         Max     Std Dev       Count
ddcdi$ImportConfiguration.edit#init                      0,0           0           0         0,0           1
ddcdi$ImportConfiguration.edit#inject                    0,0           0           0         0,0           2
ddcdi$ImportConfiguration.edit#load                     24,0          24          24         0,0           1
ddcdi$ImportConfiguration.edit#ready                     0,0           0           0         0,0           1
ddcdi$ImportConfiguration.edit#setItem                  34,0          34          34         0,0           1
ddcdi$ImportConfiguration.edit#uiPermissions             0,0           0           0         0,0           1
ddcdi$ImportConfiguration.edit#xml                       6,0           6           6         0,0           1
ddcdi$ImportConfiguration.edit.windowActions#load         0,0           0           0         0,0           1
ddcdi$UniqueConfiguration.edit#init                      0,0           0           0         0,0           1
ddcdi$UniqueConfiguration.edit#inject                    0,0           0           0         0,0           2
ddcdi$UniqueConfiguration.edit#load                      8,0           8           8         0,0           1
ddcdi$UniqueConfiguration.edit#ready                     0,0           0           0         0,0           1
ddcdi$UniqueConfiguration.edit#setItem                   7,0           7           7         0,0           1
ddcdi$UniqueConfiguration.edit#uiPermissions             0,0           0           0         0,0           1
ddcdi$UniqueConfiguration.edit#xml                       1,0           1           1         0,0           1
ddcdi$UniqueConfiguration.edit.windowActions#load         0,0           0           0         0,0           1
ddcdi$UniqueConfigurationAttribute.edit#init             0,0           0           0         0,0           1
ddcdi$UniqueConfigurationAttribute.edit#inject           0,0           0           0         0,0           2
ddcdi$UniqueConfigurationAttribute.edit#load            12,0          12          12         0,0           1
ddcdi$UniqueConfigurationAttribute.edit#ready            0,0           0           0         0,0           1
ddcdi$UniqueConfigurationAttribute.edit#setItem          2,0           2           2         0,0           1
ddcdi$UniqueConfigurationAttribute.edit#uiPermissions         0,0           0           0         0,0           1
ddcdi$UniqueConfigurationAttribute.edit#xml              5,0           5           5         0,0           1
ddcdi$UniqueConfigurationAttribute.edit.windowActions#load         0,0           0           0         0,0           1
ddcdi$import-with-import-configuration-wizard#init         0,0           0           0         0,0           2
ddcdi$import-with-import-configuration-wizard#inject         0,0           0           0         0,0           2
ddcdi$import-with-import-configuration-wizard#load        12,5          11          14         1,5           2
ddcdi$import-with-import-configuration-wizard#ready         0,0           0           0         0,0           2
ddcdi$import-with-import-configuration-wizard#setItem        33,0          32          34         1,0           2
ddcdi$import-with-import-configuration-wizard#uiPermissions         0,0           0           0         0,0           2
ddcdi$import-with-import-configuration-wizard#xml         3,5           3           4         0,5           2
ddcdi$import-with-import-configuration-wizard@ds         0,0           0           0         0,0           2
skillguard$Department.browse@departmentsDs              35,0          35          35         0,0           1
windowActions#xml                                        0,3           0           1         0,5           3

Performance Statistics   2018-06-14 18:34:00 - 2018-06-14 18:36:00
Tag                                                  Avg(ms)         Min         Max     Std Dev       Count
loginWindow#init                                        19,0          19          19         0,0           1
loginWindow#inject                                      23,0          23          23         0,0           1
loginWindow#load                                       476,0         476         476         0,0           1
loginWindow#ready                                        0,0           0           0         0,0           1
loginWindow#uiPermissions                                2,0           2           2         0,0           1
loginWindow#xml                                         16,0          16          16         0,0           1
mainWindow#init                                         32,0          32          32         0,0           1
mainWindow#inject                                       16,0          16          16         0,0           1
mainWindow#load                                        292,0         292         292         0,0           1
mainWindow#ready                                         7,0           7           7         0,0           1
mainWindow#uiPermissions                                 0,0           0           0         0,0           1
mainWindow#xml                                           4,0           4           4         0,0           1
skillguard$Department.browse#init                       10,0          10          10         0,0           1
skillguard$Department.browse#inject                      3,0           3           3         0,0           1
skillguard$Department.browse#load                     1969,0        1969        1969         0,0           1
skillguard$Department.browse#ready                       0,0           0           0         0,0           1
skillguard$Department.browse#uiPermissions               0,0           0           0         0,0           1
skillguard$Department.browse#xml                         6,0           6           6         0,0           1
skillguard$Department.browse@departmentsDs              39,0          39          39         0,0           1
skillguard$Department.browse@parentDepartmentsDs       229,5          14         445       215,5           2

Performance Statistics   2018-06-14 18:36:00 - 2018-06-14 18:38:00
Tag                                                  Avg(ms)         Min         Max     Std Dev       Count
skillguard$Department.browse@departmentsDs              23,0          23          23         0,0           1
skillguard$Department.browse@parentDepartmentsDs        11,5          11          12         0,5           2
skillguard$Employee.browse#init                          1,0           1           1         0,0           1
skillguard$Employee.browse#inject                        1,0           1           1         0,0           1
skillguard$Employee.browse#load                        131,0         131         131         0,0           1
skillguard$Employee.browse#ready                         0,0           0           0         0,0           1
skillguard$Employee.browse#uiPermissions                 0,0           0           0         0,0           1
skillguard$Employee.browse#xml                           7,0           7           7         0,0           1
skillguard$Employee.browse@departmentsDs                10,0           9          11         1,0           2
skillguard$Employee.browse@employeesDs                  18,0          18          18         0,0           1

Performance Statistics   2018-06-14 18:38:00 - 2018-06-14 18:40:00
Tag                                                  Avg(ms)         Min         Max     Std Dev       Count

Performance Statistics   2018-06-14 18:40:00 - 2018-06-14 18:42:00
Tag                                                  Avg(ms)         Min         Max     Std Dev       Count
mainWindow#init                                          0,0           0           0         0,0           1
mainWindow#inject                                        0,0           0           0         0,0           1
mainWindow#load                                         33,0          33          33         0,0           1
mainWindow#ready                                        10,0          10          10         0,0           1
mainWindow#uiPermissions                                 0,0           0           0         0,0           1
mainWindow#xml                                           5,0           5           5         0,0           1
skillguard$Employee.browse@employeesDs                  20,0          20          20         0,0           1
skillguard$Jobfunction.browse#init                       6,0           6           6         0,0           1
skillguard$Jobfunction.browse#inject                     1,0           1           1         0,0           1
skillguard$Jobfunction.browse#load                    1280,0        1280        1280         0,0           1
skillguard$Jobfunction.browse#ready                      0,0           0           0         0,0           1
skillguard$Jobfunction.browse#uiPermissions              0,0           0           0         0,0           1
skillguard$Jobfunction.browse#xml                     1154,0        1154        1154         0,0           1
skillguard$Jobfunction.browse@jobfunctionsDs            41,0          41          41         0,0           1

Performance Statistics   2018-06-14 18:42:00 - 2018-06-14 18:44:00
Tag                                                  Avg(ms)         Min         Max     Std Dev       Count
loginWindow#init                                         0,5           0           1         0,5           2
loginWindow#inject                                       0,0           0           0         0,0           2
loginWindow#load                                         8,5           5          12         3,5           2
loginWindow#ready                                        0,0           0           0         0,0           2
loginWindow#uiPermissions                                0,0           0           0         0,0           2
loginWindow#xml                                          2,0           0           4         2,0           2
lookupWindowActions#inject                               0,0           0           0         0,0           2
lookupWindowActions#load                                 6,0           1          11         5,0           2
lookupWindowActions#xml                                  1,0           0           2         1,0           2
mainWindow#init                                          0,0           0           0         0,0           2
mainWindow#inject                                        0,0           0           0         0,0           2
mainWindow#load                                         24,5          14          35        10,5           2
mainWindow#ready                                         6,0           5           7         1,0           2
mainWindow#uiPermissions                                 0,0           0           0         0,0           2
mainWindow#xml                                           2,0           0           4         2,0           2
skillguard$Jobfunction.browse#init                       0,0           0           0         0,0           1
skillguard$Jobfunction.browse#inject                     1,0           1           1         0,0           1
skillguard$Jobfunction.browse#load                    1823,0        1823        1823         0,0           1
skillguard$Jobfunction.browse#ready                      0,0           0           0         0,0           1
skillguard$Jobfunction.browse#uiPermissions              0,0           0           0         0,0           1
skillguard$Jobfunction.browse#xml                       10,0          10          10         0,0           1
skillguard$Jobfunction.browse@jobfunctionsDs            10,0          10          10         0,0           1
skillguard$Jobfunction.edit#init                         0,0           0           0         0,0           1
skillguard$Jobfunction.edit#inject                       0,5           0           1         0,5           2
skillguard$Jobfunction.edit#load                        34,0          34          34         0,0           1
skillguard$Jobfunction.edit#ready                        0,0           0           0         0,0           1
skillguard$Jobfunction.edit#setItem                     19,0          19          19         0,0           1
skillguard$Jobfunction.edit#uiPermissions                0,0           0           0         0,0           1
skillguard$Jobfunction.edit#xml                          6,0           6           6         0,0           1
skillguard$Jobfunction.edit.windowActions#load           5,0           5           5         0,0           1
skillguard$Role.browse#init                              0,0           0           0         0,0           2
skillguard$Role.browse#inject                            0,5           0           1         0,5           2
skillguard$Role.browse#load                             28,0          11          45        17,0           2
skillguard$Role.browse#ready                             0,0           0           0         0,0           2
skillguard$Role.browse#uiPermissions                     0,0           0           0         0,0           2
skillguard$Role.browse#xml                               3,0           0           6         3,0           2
skillguard$Role.browse@rolesDs                          10,0           9          11         1,0           2
windowActions#xml                                        2,0           2           2         0,0           1

Performance Statistics   2018-06-14 18:44:00 - 2018-06-14 18:46:00
Tag                                                  Avg(ms)         Min         Max     Std Dev       Count
loginWindow#init                                         0,0           0           0         0,0           2
loginWindow#inject                                       2,0           0           4         2,0           2
loginWindow#load                                         6,0           4           8         2,0           2
loginWindow#ready                                        0,0           0           0         0,0           2
loginWindow#uiPermissions                                0,0           0           0         0,0           2
loginWindow#xml                                          0,5           0           1         0,5           2
mainWindow#init                                          0,0           0           0         0,0           2
mainWindow#inject                                        0,0           0           0         0,0           2
mainWindow#load                                         11,5          10          13         1,5           2
mainWindow#ready                                         4,0           4           4         0,0           2
mainWindow#uiPermissions                                 0,0           0           0         0,0           2
mainWindow#xml                                           0,5           0           1         0,5           2

Performance Statistics   2018-06-14 18:46:00 - 2018-06-14 18:48:00
Tag                                                  Avg(ms)         Min         Max     Std Dev       Count
loginWindow#init                                         0,0           0           0         0,0           2
loginWindow#inject                                       0,5           0           1         0,5           2
loginWindow#load                                         5,0           3           7         2,0           2
loginWindow#ready                                        0,0           0           0         0,0           2
loginWindow#uiPermissions                                0,0           0           0         0,0           2
loginWindow#xml                                          1,0           0           2         1,0           2
mainWindow#init                                          0,0           0           0         0,0           2
mainWindow#inject                                        1,5           0           3         1,5           2
mainWindow#load                                         10,0           8          12         2,0           2
mainWindow#ready                                         5,0           4           6         1,0           2
mainWindow#uiPermissions                                 0,0           0           0         0,0           2
mainWindow#xml                                           0,5           0           1         0,5           2
skillguard$Jobfunction.browse#init                       0,0           0           0         0,0           2
skillguard$Jobfunction.browse#inject                     0,0           0           0         0,0           2
skillguard$Jobfunction.browse#load                     127,5          11         244       116,5           2
skillguard$Jobfunction.browse#ready                      0,0           0           0         0,0           2
skillguard$Jobfunction.browse#uiPermissions              0,0           0           0         0,0           2
skillguard$Jobfunction.browse#xml                        2,0           1           3         1,0           2
skillguard$Jobfunction.browse@jobfunctionsDs            21,5          19          24         2,5           2

Performance Statistics   2018-06-14 18:48:00 - 2018-06-14 18:50:00
Tag                                                  Avg(ms)         Min         Max     Std Dev       Count
skillguard$Jobfunction.edit#init                         0,0           0           0         0,0           1
skillguard$Jobfunction.edit#inject                       0,0           0           0         0,0           2
skillguard$Jobfunction.edit#load                        15,0          15          15         0,0           1
skillguard$Jobfunction.edit#ready                        0,0           0           0         0,0           1
skillguard$Jobfunction.edit#setItem                     19,0          19          19         0,0           1
skillguard$Jobfunction.edit#uiPermissions                0,0           0           0         0,0           1
skillguard$Jobfunction.edit#xml                          2,0           2           2         0,0           1
skillguard$Jobfunction.edit.windowActions#load           0,0           0           0         0,0           1
windowActions#xml                                        1,0           1           1         0,0           1

Performance Statistics   2018-06-14 18:50:00 - 2018-06-14 18:52:00
Tag                                                  Avg(ms)         Min         Max     Std Dev       Count
loginWindow#init                                         0,0           0           0         0,0           4
loginWindow#inject                                       0,0           0           0         0,0           4
loginWindow#load                                         5,3           3          10         2,9           4
loginWindow#ready                                        0,0           0           0         0,0           4
loginWindow#uiPermissions                                0,0           0           0         0,0           4
loginWindow#xml                                          1,0           0           3         1,2           4
mainWindow#init                                          0,0           0           0         0,0           4
mainWindow#inject                                        0,0           0           0         0,0           4
mainWindow#load                                          9,0           7          12         1,9           4
mainWindow#ready                                         3,3           3           4         0,4           4
mainWindow#uiPermissions                                 0,0           0           0         0,0           4
mainWindow#xml                                           0,8           0           2         0,8           4
skillguard$Jobfunction.browse#init                       0,0           0           0         0,0           2
skillguard$Jobfunction.browse#inject                     0,0           0           0         0,0           2
skillguard$Jobfunction.browse#load                     120,0           9         231       111,0           2
skillguard$Jobfunction.browse#ready                      0,0           0           0         0,0           2
skillguard$Jobfunction.browse#uiPermissions              0,0           0           0         0,0           2
skillguard$Jobfunction.browse#xml                        5,0           0          10         5,0           2
skillguard$Jobfunction.browse@jobfunctionsDs            17,5          16          19         1,5           2
skillguard$Jobfunction.edit#init                         0,0           0           0         0,0           1
skillguard$Jobfunction.edit#inject                       0,0           0           0         0,0           2
skillguard$Jobfunction.edit#load                        10,0          10          10         0,0           1
skillguard$Jobfunction.edit#ready                        0,0           0           0         0,0           1
skillguard$Jobfunction.edit#setItem                     16,0          16          16         0,0           1
skillguard$Jobfunction.edit#uiPermissions                0,0           0           0         0,0           1
skillguard$Jobfunction.edit#xml                          0,0           0           0         0,0           1
skillguard$Jobfunction.edit.windowActions#load           0,0           0           0         0,0           1
windowActions#xml                                        1,0           1           1         0,0           1

Performance Statistics   2018-06-14 18:54:00 - 2018-06-14 18:56:00
Tag                                                  Avg(ms)         Min         Max     Std Dev       Count
loginWindow#init                                        21,0          21          21         0,0           1
loginWindow#inject                                      23,0          23          23         0,0           1
loginWindow#load                                       398,0         398         398         0,0           1
loginWindow#ready                                        0,0           0           0         0,0           1
loginWindow#uiPermissions                                1,0           1           1         0,0           1
loginWindow#xml                                         11,0          11          11         0,0           1
mainWindow#init                                         40,0          40          40         0,0           1
mainWindow#inject                                       16,0          16          16         0,0           1
mainWindow#load                                        304,0         304         304         0,0           1
mainWindow#ready                                        10,0          10          10         0,0           1
mainWindow#uiPermissions                                 0,0           0           0         0,0           1
mainWindow#xml                                           3,0           3           3         0,0           1
skillguard$Jobfunction.browse#init                       0,0           0           0         0,0           1
skillguard$Jobfunction.browse#inject                     1,0           1           1         0,0           1
skillguard$Jobfunction.browse#load                     566,0         566         566         0,0           1
skillguard$Jobfunction.browse#ready                      0,0           0           0         0,0           1
skillguard$Jobfunction.browse#uiPermissions              0,0           0           0         0,0           1
skillguard$Jobfunction.browse#xml                       11,0          11          11         0,0           1
skillguard$Jobfunction.browse@jobfunctionsDs           448,0         448         448         0,0           1
skillguard$Jobfunction.edit#init                         0,0           0           0         0,0           1
skillguard$Jobfunction.edit#inject                       0,5           0           1         0,5           2
skillguard$Jobfunction.edit#load                       242,0         242         242         0,0           1
skillguard$Jobfunction.edit#ready                        0,0           0           0         0,0           1
skillguard$Jobfunction.edit#setItem                     62,0          62          62         0,0           1
skillguard$Jobfunction.edit#uiPermissions                0,0           0           0         0,0           1
skillguard$Jobfunction.edit#xml                          3,0           3           3         0,0           1
skillguard$Jobfunction.edit.windowActions#load           4,0           4           4         0,0           1
windowActions#xml                                        2,0           2           2         0,0           1

Performance Statistics   2018-06-14 18:56:00 - 2018-06-14 18:58:00
Tag                                                  Avg(ms)         Min         Max     Std Dev       Count
loginWindow#init                                         0,0           0           0         0,0           2
loginWindow#inject                                       2,0           0           4         2,0           2
loginWindow#load                                       537,0           9        1065       528,0           2
loginWindow#ready                                        0,0           0           0         0,0           2
loginWindow#uiPermissions                                0,0           0           0         0,0           2
loginWindow#xml                                        422,0           1         843       421,0           2
mainWindow#init                                          0,0           0           0         0,0           2
mainWindow#inject                                        0,5           0           1         0,5           2
mainWindow#load                                         19,5          13          26         6,5           2
mainWindow#ready                                         5,5           5           6         0,5           2
mainWindow#uiPermissions                                 0,0           0           0         0,0           2
mainWindow#xml                                           1,0           1           1         0,0           2
skillguard$Jobfunction.browse#init                       7,0           0          14         7,0           2
skillguard$Jobfunction.browse#inject                     1,0           0           2         1,0           2
skillguard$Jobfunction.browse#load                     582,5          27        1138       555,5           2
skillguard$Jobfunction.browse#ready                      0,0           0           0         0,0           2
skillguard$Jobfunction.browse#uiPermissions              0,0           0           0         0,0           2
skillguard$Jobfunction.browse#xml                        6,5           5           8         1,5           2
skillguard$Jobfunction.browse@jobfunctionsDs            18,5          18          19         0,5           2
skillguard$Role.browse#init                              0,0           0           0         0,0           1
skillguard$Role.browse#inject                            1,0           1           1         0,0           1
skillguard$Role.browse#load                             65,0          65          65         0,0           1
skillguard$Role.browse#ready                             0,0           0           0         0,0           1
skillguard$Role.browse#uiPermissions                     0,0           0           0         0,0           1
skillguard$Role.browse#xml                               6,0           6           6         0,0           1
skillguard$Role.browse@rolesDs                          20,0          20          20         0,0           1

Performance Statistics   2018-06-14 18:58:00 - 2018-06-14 19:00:00
Tag                                                  Avg(ms)         Min         Max     Std Dev       Count
skillguard$Department.browse#init                        0,0           0           0         0,0           1
skillguard$Department.browse#inject                      0,0           0           0         0,0           1
skillguard$Department.browse#load                       88,0          88          88         0,0           1
skillguard$Department.browse#ready                       0,0           0           0         0,0           1
skillguard$Department.browse#uiPermissions               0,0           0           0         0,0           1
skillguard$Department.browse#xml                         7,0           7           7         0,0           1
skillguard$Department.browse@departmentsDs              21,0          21          21         0,0           1
skillguard$Department.browse@parentDepartmentsDs        12,0          12          12         0,0           1
skillguard$Employee.browse#init                          0,0           0           0         0,0           1
skillguard$Employee.browse#inject                        0,0           0           0         0,0           1
skillguard$Employee.browse#load                        165,0         165         165         0,0           1
skillguard$Employee.browse#ready                         0,0           0           0         0,0           1
skillguard$Employee.browse#uiPermissions                 0,0           0           0         0,0           1
skillguard$Employee.browse#xml                           8,0           8           8         0,0           1
skillguard$Employee.browse@departmentsDs                13,0          13          13         0,0           1
skillguard$Employee.browse@employeesDs                  25,0          25          25         0,0           1
skillguard$Jobfunction.browse@jobfunctionsDs            23,0          23          23         0,0           1

Performance Statistics   2018-06-14 19:00:00 - 2018-06-14 19:02:00
Tag                                                  Avg(ms)         Min         Max     Std Dev       Count
lookupWindowActions#inject                               0,0           0           0         0,0           1
lookupWindowActions#load                                 9,0           9           9         0,0           1
lookupWindowActions#xml                                  1,0           1           1         0,0           1
skillguard$Role.browse#init                              0,0           0           0         0,0           1
skillguard$Role.browse#inject                            0,0           0           0         0,0           1
skillguard$Role.browse#load                             22,0          22          22         0,0           1
skillguard$Role.browse#ready                             0,0           0           0         0,0           1
skillguard$Role.browse#uiPermissions                     0,0           0           0         0,0           1
skillguard$Role.browse#xml                               1,0           1           1         0,0           1
skillguard$Role.browse@rolesDs                           8,0           8           8         0,0           1

Performance Statistics   2018-06-14 19:02:00 - 2018-06-14 19:04:00
Tag                                                  Avg(ms)         Min         Max     Std Dev       Count
loginWindow#init                                         0,0           0           0         0,0           1
loginWindow#inject                                       3,0           3           3         0,0           1
loginWindow#load                                         5,0           5           5         0,0           1
loginWindow#ready                                        0,0           0           0         0,0           1
loginWindow#uiPermissions                                0,0           0           0         0,0           1
loginWindow#xml                                          1,0           1           1         0,0           1
mainWindow#init                                          0,0           0           0         0,0           1
mainWindow#inject                                        2,0           2           2         0,0           1
mainWindow#load                                         19,0          19          19         0,0           1
mainWindow#ready                                         9,0           9           9         0,0           1
mainWindow#uiPermissions                                 0,0           0           0         0,0           1
mainWindow#xml                                           1,0           1           1         0,0           1
skillguard$Jobfunction.browse#init                       0,0           0           0         0,0           1
skillguard$Jobfunction.browse#inject                     0,0           0           0         0,0           1
skillguard$Jobfunction.browse#load                     488,0         488         488         0,0           1
skillguard$Jobfunction.browse#ready                      0,0           0           0         0,0           1
skillguard$Jobfunction.browse#uiPermissions              0,0           0           0         0,0           1
skillguard$Jobfunction.browse#xml                        7,0           7           7         0,0           1
skillguard$Jobfunction.browse@jobfunctionsDs            39,0          39          39         0,0           1

Performance Statistics   2018-06-14 19:04:00 - 2018-06-14 19:06:00
Tag                                                  Avg(ms)         Min         Max     Std Dev       Count

Performance Statistics   2018-06-14 19:06:00 - 2018-06-14 19:08:00
Tag                                                  Avg(ms)         Min         Max     Std Dev       Count
lookupWindowActions#inject                               0,0           0           0         0,0           1
lookupWindowActions#load                                 2,0           2           2         0,0           1
lookupWindowActions#xml                                  1,0           1           1         0,0           1
skillguard$Role.browse#init                              0,0           0           0         0,0           1
skillguard$Role.browse#inject                            0,0           0           0         0,0           1
skillguard$Role.browse#load                             12,0          12          12         0,0           1
skillguard$Role.browse#ready                             0,0           0           0         0,0           1
skillguard$Role.browse#uiPermissions                     0,0           0           0         0,0           1
skillguard$Role.browse#xml                               1,0           1           1         0,0           1
skillguard$Role.browse@rolesDs                           7,0           7           7         0,0           1

Performance Statistics   2018-06-14 19:08:00 - 2018-06-14 19:10:00
Tag                                                  Avg(ms)         Min         Max     Std Dev       Count
lookupWindowActions#inject                               0,0           0           0         0,0           1
lookupWindowActions#load                                 2,0           2           2         0,0           1
lookupWindowActions#xml                                  1,0           1           1         0,0           1
skillguard$Role.browse#init                              0,0           0           0         0,0           1
skillguard$Role.browse#inject                            0,0           0           0         0,0           1
skillguard$Role.browse#load                             13,0          13          13         0,0           1
skillguard$Role.browse#ready                             0,0           0           0         0,0           1
skillguard$Role.browse#uiPermissions                     0,0           0           0         0,0           1
skillguard$Role.browse#xml                               1,0           1           1         0,0           1
skillguard$Role.browse@rolesDs                           7,0           7           7         0,0           1
skillguard$RoleCertificateType.browse#init               0,0           0           0         0,0           1
skillguard$RoleCertificateType.browse#inject             1,0           1           1         0,0           1
skillguard$RoleCertificateType.browse#load              47,0          47          47         0,0           1
skillguard$RoleCertificateType.browse#ready              0,0           0           0         0,0           1
skillguard$RoleCertificateType.browse#uiPermissions         0,0           0           0         0,0           1
skillguard$RoleCertificateType.browse#xml                7,0           7           7         0,0           1
skillguard$RoleCertificateType.browse@certificateTypesDs        11,0           8          14         3,0           2
skillguard$RoleCertificateType.browse@roleCertificateTypesDs        16,0          16          16         0,0           1
skillguard$RoleCertificateType.browse@rolesDs            8,0           7           9         1,0           2

Performance Statistics   2018-06-14 19:10:00 - 2018-06-14 19:12:00
Tag                                                  Avg(ms)         Min         Max     Std Dev       Count

Performance Statistics   2018-06-14 19:12:00 - 2018-06-14 19:14:00
Tag                                                  Avg(ms)         Min         Max     Std Dev       Count

Performance Statistics   2018-06-14 19:14:00 - 2018-06-14 19:16:00
Tag                                                  Avg(ms)         Min         Max     Std Dev       Count

Performance Statistics   2018-06-14 19:18:00 - 2018-06-14 19:20:00
Tag                                                  Avg(ms)         Min         Max     Std Dev       Count
loginWindow#init                                        24,0          24          24         0,0           1
loginWindow#inject                                      30,0          30          30         0,0           1
loginWindow#load                                       576,0         576         576         0,0           1
loginWindow#ready                                        0,0           0           0         0,0           1
loginWindow#uiPermissions                                2,0           2           2         0,0           1
loginWindow#xml                                         17,0          17          17         0,0           1

Performance Statistics   2018-06-14 19:20:00 - 2018-06-14 19:22:00
Tag                                                  Avg(ms)         Min         Max     Std Dev       Count
mainWindow#init                                         31,0          31          31         0,0           1
mainWindow#inject                                       15,0          15          15         0,0           1
mainWindow#load                                        349,0         349         349         0,0           1
mainWindow#ready                                         7,0           7           7         0,0           1
mainWindow#uiPermissions                                 0,0           0           0         0,0           1
mainWindow#xml                                           5,0           5           5         0,0           1
skillguard$Role.browse#init                             10,0          10          10         0,0           1
skillguard$Role.browse#inject                            3,0           3           3         0,0           1
skillguard$Role.browse#load                            868,0         868         868         0,0           1
skillguard$Role.browse#ready                             0,0           0           0         0,0           1
skillguard$Role.browse#uiPermissions                     0,0           0           0         0,0           1
skillguard$Role.browse#xml                               7,0           7           7         0,0           1
skillguard$Role.browse@rolesDs                         347,0         347         347         0,0           1

Performance Statistics   2018-06-14 19:52:00 - 2018-06-14 19:54:00
Tag                                                  Avg(ms)         Min         Max     Std Dev       Count
loginWindow#init                                        18,0          18          18         0,0           1
loginWindow#inject                                      16,0          16          16         0,0           1
loginWindow#load                                       359,0         359         359         0,0           1
loginWindow#ready                                        0,0           0           0         0,0           1
loginWindow#uiPermissions                                1,0           1           1         0,0           1
loginWindow#xml                                         13,0          13          13         0,0           1
mainWindow#init                                         34,0          34          34         0,0           1
mainWindow#inject                                       15,0          15          15         0,0           1
mainWindow#load                                        312,0         312         312         0,0           1
mainWindow#ready                                        10,0          10          10         0,0           1
mainWindow#uiPermissions                                 0,0           0           0         0,0           1
mainWindow#xml                                           5,0           5           5         0,0           1

Performance Statistics   2018-06-14 19:54:00 - 2018-06-14 19:56:00
Tag                                                  Avg(ms)         Min         Max     Std Dev       Count
lookupWindowActions#inject                               0,0           0           0         0,0           4
lookupWindowActions#load                                 6,8           1          22         8,8           4
lookupWindowActions#xml                                  0,8           0           2         0,8           4
skillguard$CertificateType.browse#init                   0,0           0           0         0,0           5
skillguard$CertificateType.browse#inject                 0,2           0           1         0,4           5
skillguard$CertificateType.browse#load                  22,4          13          56        16,9           5
skillguard$CertificateType.browse#ready                  0,0           0           0         0,0           5
skillguard$CertificateType.browse#uiPermissions          0,0           0           0         0,0           5
skillguard$CertificateType.browse#xml                    1,6           0           4         1,4           5
skillguard$CertificateType.browse@certificateTypesDs        16,5           8          49        14,6           6
skillguard$Role.browse#init                             14,0          14          14         0,0           1
skillguard$Role.browse#inject                            2,0           2           2         0,0           1
skillguard$Role.browse#load                            867,0         867         867         0,0           1
skillguard$Role.browse#ready                             0,0           0           0         0,0           1
skillguard$Role.browse#uiPermissions                     0,0           0           0         0,0           1
skillguard$Role.browse#xml                              12,0          12          12         0,0           1
skillguard$Role.browse@rolesDs                         446,0         446         446         0,0           1

Performance Statistics   2018-06-14 19:56:00 - 2018-06-14 19:58:00
Tag                                                  Avg(ms)         Min         Max     Std Dev       Count

Performance Statistics   2018-06-14 19:58:00 - 2018-06-14 20:00:00
Tag                                                  Avg(ms)         Min         Max     Std Dev       Count

Performance Statistics   2018-06-14 20:00:00 - 2018-06-14 20:02:00
Tag                                                  Avg(ms)         Min         Max     Std Dev       Count

Performance Statistics   2018-06-14 20:02:00 - 2018-06-14 20:04:00
Tag                                                  Avg(ms)         Min         Max     Std Dev       Count

Performance Statistics   2018-06-14 20:04:00 - 2018-06-14 20:06:00
Tag                                                  Avg(ms)         Min         Max     Std Dev       Count
mainWindow#init                                          0,0           0           0         0,0           1
mainWindow#inject                                        0,0           0           0         0,0           1
mainWindow#load                                         19,0          19          19         0,0           1
mainWindow#ready                                        10,0          10          10         0,0           1
mainWindow#uiPermissions                                 0,0           0           0         0,0           1
mainWindow#xml                                           4,0           4           4         0,0           1

Performance Statistics   2018-06-14 20:06:00 - 2018-06-14 20:08:00
Tag                                                  Avg(ms)         Min         Max     Std Dev       Count
skillguard$Certificate.browse#init                       0,0           0           0         0,0           1
skillguard$Certificate.browse#inject                     0,0           0           0         0,0           1
skillguard$Certificate.browse#load                      92,0          92          92         0,0           1
skillguard$Certificate.browse#ready                      0,0           0           0         0,0           1
skillguard$Certificate.browse#uiPermissions              0,0           0           0         0,0           1
skillguard$Certificate.browse#xml                        6,0           6           6         0,0           1
skillguard$Certificate.browse@certificatesDs            14,0          14          14         0,0           1

Performance Statistics   2018-06-14 20:08:00 - 2018-06-14 20:10:00
Tag                                                  Avg(ms)         Min         Max     Std Dev       Count
loginWindow#init                                         0,0           0           0         0,0           2
loginWindow#inject                                       0,0           0           0         0,0           2
loginWindow#load                                         5,0           4           6         1,0           2
loginWindow#ready                                        0,0           0           0         0,0           2
loginWindow#uiPermissions                                0,0           0           0         0,0           2
loginWindow#xml                                          0,5           0           1         0,5           2
lookupWindowActions#inject                               0,0           0           0         0,0           1
lookupWindowActions#load                                 4,0           4           4         0,0           1
lookupWindowActions#xml                                  1,0           1           1         0,0           1
mainWindow#init                                          0,0           0           0         0,0           2
mainWindow#inject                                        2,0           0           4         2,0           2
mainWindow#load                                         16,0           8          24         8,0           2
mainWindow#ready                                         3,5           3           4         0,5           2
mainWindow#uiPermissions                                 0,0           0           0         0,0           2
mainWindow#xml                                           1,5           0           3         1,5           2
sec$User.lookup#init                                     7,0           7           7         0,0           1
sec$User.lookup#inject                                   2,0           2           2         0,0           1
sec$User.lookup#load                                    27,0          27          27         0,0           1
sec$User.lookup#ready                                    0,0           0           0         0,0           1
sec$User.lookup#uiPermissions                            0,0           0           0         0,0           1
sec$User.lookup#xml                                      5,0           5           5         0,0           1
sec$User.lookup@usersDs                                 23,0          23          23         0,0           1
skillguard$Certificate.browse#init                       0,0           0           0         0,0           1
skillguard$Certificate.browse#inject                     5,0           5           5         0,0           1
skillguard$Certificate.browse#load                    1998,0        1998        1998         0,0           1
skillguard$Certificate.browse#ready                      0,0           0           0         0,0           1
skillguard$Certificate.browse#uiPermissions              0,0           0           0         0,0           1
skillguard$Certificate.browse#xml                        3,0           3           3         0,0           1
skillguard$Certificate.browse@certificatesDs            41,0          41          41         0,0           1
skillguard$Certificate.browse@employeesDs               14,5           8          21         6,5           2
skillguard$Certificate.browse@qualificationTypesDs        20,5           9          32        11,5           2
skillguard$CertificateType.browse#init                   0,0           0           0         0,0           1
skillguard$CertificateType.browse#inject                 0,0           0           0         0,0           1
skillguard$CertificateType.browse#load                  12,0          12          12         0,0           1
skillguard$CertificateType.browse#ready                  0,0           0           0         0,0           1
skillguard$CertificateType.browse#uiPermissions          0,0           0           0         0,0           1
skillguard$CertificateType.browse#xml                    1,0           1           1         0,0           1
skillguard$CertificateType.browse@certificateTypesDs        10,0          10          10         0,0           1

Performance Statistics   2018-06-14 20:10:00 - 2018-06-14 20:12:00
Tag                                                  Avg(ms)         Min         Max     Std Dev       Count

Performance Statistics   2018-06-14 20:12:00 - 2018-06-14 20:14:00
Tag                                                  Avg(ms)         Min         Max     Std Dev       Count
loginWindow#init                                         0,0           0           0         0,0           2
loginWindow#inject                                       1,0           0           2         1,0           2
loginWindow#load                                         5,5           3           8         2,5           2
loginWindow#ready                                        0,0           0           0         0,0           2
loginWindow#uiPermissions                                0,0           0           0         0,0           2
loginWindow#xml                                          1,5           0           3         1,5           2
mainWindow#init                                          0,0           0           0         0,0           2
mainWindow#inject                                        0,5           0           1         0,5           2
mainWindow#load                                         10,0          10          10         0,0           2
mainWindow#ready                                         5,0           5           5         0,0           2
mainWindow#uiPermissions                                 0,0           0           0         0,0           2
mainWindow#xml                                           0,5           0           1         0,5           2
skillguard$Certificate.browse#init                       0,0           0           0         0,0           1
skillguard$Certificate.browse#inject                     0,0           0           0         0,0           1
skillguard$Certificate.browse#load                      23,0          23          23         0,0           1
skillguard$Certificate.browse#uiPermissions              0,0           0           0         0,0           1
skillguard$Certificate.browse#xml                        0,0           0           0         0,0           1
skillguard$Certificate.browse@certificatesDs            23,0          23          23         0,0           1
skillguard$Certificate.browse@employeesDs                8,0           8           8         0,0           1
skillguard$Certificate.browse@qualificationTypesDs         9,0           9           9         0,0           1

Performance Statistics   2018-06-14 20:14:00 - 2018-06-14 20:16:00
Tag                                                  Avg(ms)         Min         Max     Std Dev       Count
loginWindow#init                                         0,0           0           0         0,0           8
loginWindow#inject                                       1,0           0           5         1,8           8
loginWindow#load                                         5,0           3           9         2,2           8
loginWindow#ready                                        0,0           0           0         0,0           8
loginWindow#uiPermissions                                0,0           0           0         0,0           8
loginWindow#xml                                          0,9           0           4         1,4           8
mainWindow#init                                          0,0           0           0         0,0           4
mainWindow#inject                                        1,0           0           4         1,7           4
mainWindow#load                                          9,5           8          12         1,5           4
mainWindow#ready                                         6,0           3          13         4,1           4
mainWindow#uiPermissions                                 0,0           0           0         0,0           4
mainWindow#xml                                           0,8           0           2         0,8           4
skillguard$Certificate.browse#init                       0,0           0           0         0,0           2
skillguard$Certificate.browse#inject                     0,0           0           0         0,0           2
skillguard$Certificate.browse#load                      16,5          16          17         0,5           2
skillguard$Certificate.browse#uiPermissions              0,0           0           0         0,0           2
skillguard$Certificate.browse#xml                        0,0           0           0         0,0           2
skillguard$Certificate.browse@certificatesDs            15,0          13          17         2,0           2
skillguard$Certificate.browse@employeesDs                7,0           6           8         1,0           2
skillguard$Certificate.browse@qualificationTypesDs         7,5           7           8         0,5           2

Performance Statistics   2018-06-14 20:16:00 - 2018-06-14 20:18:00
Tag                                                  Avg(ms)         Min         Max     Std Dev       Count
loginWindow#init                                        23,0          23          23         0,0           1
loginWindow#inject                                      29,0          29          29         0,0           1
loginWindow#load                                       391,0         391         391         0,0           1
loginWindow#ready                                        0,0           0           0         0,0           1
loginWindow#uiPermissions                                1,0           1           1         0,0           1
loginWindow#xml                                         18,0          18          18         0,0           1
mainWindow#init                                         34,0          34          34         0,0           1
mainWindow#inject                                       13,0          13          13         0,0           1
mainWindow#load                                        318,0         318         318         0,0           1
mainWindow#ready                                         7,0           7           7         0,0           1
mainWindow#uiPermissions                                 0,0           0           0         0,0           1
mainWindow#xml                                           3,0           3           3         0,0           1
skillguard$Certificate.browse#init                       6,0           6           6         0,0           1
skillguard$Certificate.browse#inject                     2,0           2           2         0,0           1
skillguard$Certificate.browse#load                     962,0         962         962         0,0           1
skillguard$Certificate.browse#uiPermissions              0,0           0           0         0,0           1
skillguard$Certificate.browse#xml                        9,0           9           9         0,0           1
skillguard$Certificate.browse@certificatesDs            39,0          39          39         0,0           1
skillguard$Certificate.browse@employeesDs               16,0          16          16         0,0           1
skillguard$Certificate.browse@qualificationTypesDs       285,0         285         285         0,0           1

Performance Statistics   2018-06-14 20:18:00 - 2018-06-14 20:20:00
Tag                                                  Avg(ms)         Min         Max     Std Dev       Count
loginWindow#init                                         0,0           0           0         0,0           1
loginWindow#inject                                       0,0           0           0         0,0           1
loginWindow#load                                         7,0           7           7         0,0           1
loginWindow#ready                                        0,0           0           0         0,0           1
loginWindow#uiPermissions                                0,0           0           0         0,0           1
loginWindow#xml                                          1,0           1           1         0,0           1
mainWindow#init                                          0,0           0           0         0,0           1
mainWindow#inject                                        0,0           0           0         0,0           1
mainWindow#load                                         17,0          17          17         0,0           1
mainWindow#ready                                         6,0           6           6         0,0           1
mainWindow#uiPermissions                                 0,0           0           0         0,0           1
mainWindow#xml                                           1,0           1           1         0,0           1
skillguard$Certificate.browse#init                       0,0           0           0         0,0           1
skillguard$Certificate.browse#inject                     1,0           1           1         0,0           1
skillguard$Certificate.browse#load                    1578,0        1578        1578         0,0           1
skillguard$Certificate.browse#ready                      0,0           0           0         0,0           1
skillguard$Certificate.browse#uiPermissions              0,0           0           0         0,0           1
skillguard$Certificate.browse#xml                        2,0           2           2         0,0           1
skillguard$Certificate.browse@certificatesDs            22,0          22          22         0,0           1
skillguard$Certificate.browse@employeesDs                9,0           9           9         0,0           1
skillguard$Certificate.browse@qualificationTypesDs        13,0          13          13         0,0           1

Performance Statistics   2018-06-14 20:20:00 - 2018-06-14 20:22:00
Tag                                                  Avg(ms)         Min         Max     Std Dev       Count
skillguard$Certificate.browse@employeesDs               11,0          11          11         0,0           1
skillguard$Certificate.browse@qualificationTypesDs       370,0         370         370         0,0           1

Performance Statistics   2018-06-14 20:22:00 - 2018-06-14 20:24:00
Tag                                                  Avg(ms)         Min         Max     Std Dev       Count
skillguard$Certificate.browse@certificatesDs            18,0          18          18         0,0           1
skillguard$Certificate.browse@employeesDs               10,0          10          10         0,0           1
skillguard$Certificate.browse@qualificationTypesDs        12,0          12          12         0,0           1
skillguard$CertificateType.browse#init                   0,0           0           0         0,0           1
skillguard$CertificateType.browse#inject                 0,0           0           0         0,0           1
skillguard$CertificateType.browse#load                  96,0          96          96         0,0           1
skillguard$CertificateType.browse#ready                  0,0           0           0         0,0           1
skillguard$CertificateType.browse#uiPermissions          0,0           0           0         0,0           1
skillguard$CertificateType.browse#xml                   14,0          14          14         0,0           1
skillguard$CertificateType.browse@certificateTypesDs        10,0          10          10         0,0           1

Performance Statistics   2018-06-14 20:26:00 - 2018-06-14 20:28:00
Tag                                                  Avg(ms)         Min         Max     Std Dev       Count

Performance Statistics   2018-06-14 20:28:00 - 2018-06-14 20:30:00
Tag                                                  Avg(ms)         Min         Max     Std Dev       Count
loginWindow#init                                        18,0          18          18         0,0           1
loginWindow#inject                                      17,0          17          17         0,0           1
loginWindow#load                                       368,0         368         368         0,0           1
loginWindow#ready                                        0,0           0           0         0,0           1
loginWindow#uiPermissions                                1,0           1           1         0,0           1
loginWindow#xml                                         10,0          10          10         0,0           1
mainWindow#init                                         50,0          50          50         0,0           1
mainWindow#inject                                       26,0          26          26         0,0           1
mainWindow#load                                        360,0         360         360         0,0           1
mainWindow#ready                                         9,0           9           9         0,0           1
mainWindow#uiPermissions                                 0,0           0           0         0,0           1
mainWindow#xml                                           8,0           8           8         0,0           1
skillguard$Certificate.browse#init                       9,0           9           9         0,0           1
skillguard$Certificate.browse#inject                     4,0           4           4         0,0           1
skillguard$Certificate.browse#load                    1252,0        1252        1252         0,0           1
skillguard$Certificate.browse#ready                      0,0           0           0         0,0           1
skillguard$Certificate.browse#uiPermissions              0,0           0           0         0,0           1
skillguard$Certificate.browse#xml                       14,0          14          14         0,0           1
skillguard$Certificate.browse@certificatesDs            45,0          45          45         0,0           1
skillguard$Certificate.browse@employeesDs               25,0          25          25         0,0           1
skillguard$Certificate.browse@qualificationTypesDs       365,0         365         365         0,0           1

Performance Statistics   2018-06-14 20:30:00 - 2018-06-14 20:32:00
Tag                                                  Avg(ms)         Min         Max     Std Dev       Count
mainWindow#init                                          0,0           0           0         0,0           3
mainWindow#inject                                        1,7           0           5         2,4           3
mainWindow#load                                         42,3          11          75        26,1           3
mainWindow#ready                                         7,7           7           9         0,9           3
mainWindow#uiPermissions                                 0,0           0           0         0,0           3
mainWindow#xml                                           1,3           0           4         1,9           3
skillguard$Certificate.browse#init                       0,0           0           0         0,0           1
skillguard$Certificate.browse#inject                     1,0           1           1         0,0           1
skillguard$Certificate.browse#load                      38,0          38          38         0,0           1
skillguard$Certificate.browse#ready                      0,0           0           0         0,0           1
skillguard$Certificate.browse#uiPermissions              0,0           0           0         0,0           1
skillguard$Certificate.browse#xml                        2,0           2           2         0,0           1
skillguard$Certificate.browse@certificatesDs            38,0          38          38         0,0           1
skillguard$Certificate.browse@employeesDs               13,0          13          13         0,0           1
skillguard$Certificate.browse@qualificationTypesDs        11,0          11          11         0,0           1
skillguard$CertificateType.browse#init                   1,0           1           1         0,0           1
skillguard$CertificateType.browse#inject                 1,0           1           1         0,0           1
skillguard$CertificateType.browse#load                  73,0          73          73         0,0           1
skillguard$CertificateType.browse#ready                  0,0           0           0         0,0           1
skillguard$CertificateType.browse#uiPermissions          0,0           0           0         0,0           1
skillguard$CertificateType.browse#xml                    7,0           7           7         0,0           1
skillguard$CertificateType.browse@certificateTypesDs        13,5          11          16         2,5           2

Performance Statistics   2018-06-14 20:32:00 - 2018-06-14 20:34:00
Tag                                                  Avg(ms)         Min         Max     Std Dev       Count

Performance Statistics   2018-06-14 20:34:00 - 2018-06-14 20:36:00
Tag                                                  Avg(ms)         Min         Max     Std Dev       Count

