Performance Statistics   2018-06-08 22:09:00 - 2018-06-08 22:10:00
Tag                                                  Avg(ms)         Min         Max     Std Dev       Count
Messages.searchClasspath                                 0,5           0          15         2,0         160
Messages.searchFiles                                     0,2           0          27         2,1         160
Metadata.replaceExtendedMetaClasses                      2,0           2           2         0,0           1

Performance Statistics   2018-06-08 22:10:00 - 2018-06-08 22:11:00
Tag                                                  Avg(ms)         Min         Max     Std Dev       Count
Metadata.replaceExtendedMetaClasses                      1,0           1           1         0,0           1
QueryParser.getEntityName()                            117,0           3         340       157,7           3
QueryParser.getEntityNameIfSecondaryReturnedInsteadOfMain()         0,0           0           0         0,0           3
QueryParser.getEntityPathIfSecondaryReturnedInsteadOfMain()         0,0           0           0         0,0           3
QueryParser.getParamNames()                              0,3           0           1         0,5           3
QueryParser.isCollectionSecondaryEntitySelect()          0,0           0           0         0,0           2
QueryTransformer.addEntityInGroupBy(..)                  0,0           0           0         0,0           2
QueryTransformer.addFirstSelectionSource(..)             0,0           0           0         0,0           2
QueryTransformer.addWhereAsIs(..)                        0,5           0           1         0,5           2
QueryTransformer.getResult()                             1,0           0           2         1,0           2
QueryTransformer.replaceWithSelectEntityVariable(..)         1,5           1           2         0,5           2

Performance Statistics   2018-06-08 22:11:00 - 2018-06-08 22:12:00
Tag                                                  Avg(ms)         Min         Max     Std Dev       Count

Performance Statistics   2018-06-08 22:12:00 - 2018-06-08 22:13:00
Tag                                                  Avg(ms)         Min         Max     Std Dev       Count

Performance Statistics   2018-06-08 22:13:00 - 2018-06-08 22:14:00
Tag                                                  Avg(ms)         Min         Max     Std Dev       Count

Performance Statistics   2018-06-08 22:14:00 - 2018-06-08 22:15:00
Tag                                                  Avg(ms)         Min         Max     Std Dev       Count

Performance Statistics   2018-06-08 22:15:00 - 2018-06-08 22:16:00
Tag                                                  Avg(ms)         Min         Max     Std Dev       Count

Performance Statistics   2018-06-08 22:16:00 - 2018-06-08 22:17:00
Tag                                                  Avg(ms)         Min         Max     Std Dev       Count

Performance Statistics   2018-06-08 22:17:00 - 2018-06-08 22:18:00
Tag                                                  Avg(ms)         Min         Max     Std Dev       Count

Performance Statistics   2018-06-08 22:18:00 - 2018-06-08 22:19:00
Tag                                                  Avg(ms)         Min         Max     Std Dev       Count

Performance Statistics   2018-06-08 22:19:00 - 2018-06-08 22:20:00
Tag                                                  Avg(ms)         Min         Max     Std Dev       Count

Performance Statistics   2018-06-08 22:20:00 - 2018-06-08 22:21:00
Tag                                                  Avg(ms)         Min         Max     Std Dev       Count

Performance Statistics   2018-06-08 22:21:00 - 2018-06-08 22:22:00
Tag                                                  Avg(ms)         Min         Max     Std Dev       Count

Performance Statistics   2018-06-08 22:22:00 - 2018-06-08 22:23:00
Tag                                                  Avg(ms)         Min         Max     Std Dev       Count

Performance Statistics   2018-06-08 22:23:00 - 2018-06-08 22:24:00
Tag                                                  Avg(ms)         Min         Max     Std Dev       Count

Performance Statistics   2018-06-08 22:24:00 - 2018-06-08 22:25:00
Tag                                                  Avg(ms)         Min         Max     Std Dev       Count

Performance Statistics   2018-06-08 22:25:00 - 2018-06-08 22:26:00
Tag                                                  Avg(ms)         Min         Max     Std Dev       Count

Performance Statistics   2018-06-08 22:26:00 - 2018-06-08 22:27:00
Tag                                                  Avg(ms)         Min         Max     Std Dev       Count

Performance Statistics   2018-06-08 22:27:00 - 2018-06-08 22:28:00
Tag                                                  Avg(ms)         Min         Max     Std Dev       Count

Performance Statistics   2018-06-08 22:28:00 - 2018-06-08 22:29:00
Tag                                                  Avg(ms)         Min         Max     Std Dev       Count

Performance Statistics   2018-06-08 22:29:00 - 2018-06-08 22:30:00
Tag                                                  Avg(ms)         Min         Max     Std Dev       Count

Performance Statistics   2018-06-08 22:30:00 - 2018-06-08 22:31:00
Tag                                                  Avg(ms)         Min         Max     Std Dev       Count

Performance Statistics   2018-06-08 22:31:00 - 2018-06-08 22:32:00
Tag                                                  Avg(ms)         Min         Max     Std Dev       Count

Performance Statistics   2018-06-08 22:32:00 - 2018-06-08 22:33:00
Tag                                                  Avg(ms)         Min         Max     Std Dev       Count

Performance Statistics   2018-06-08 22:33:00 - 2018-06-08 22:34:00
Tag                                                  Avg(ms)         Min         Max     Std Dev       Count

Performance Statistics   2018-06-08 22:34:00 - 2018-06-08 22:35:00
Tag                                                  Avg(ms)         Min         Max     Std Dev       Count

Performance Statistics   2018-06-08 22:35:00 - 2018-06-08 22:36:00
Tag                                                  Avg(ms)         Min         Max     Std Dev       Count

Performance Statistics   2018-06-08 22:36:00 - 2018-06-08 22:37:00
Tag                                                  Avg(ms)         Min         Max     Std Dev       Count

Performance Statistics   2018-06-08 22:37:00 - 2018-06-08 22:38:00
Tag                                                  Avg(ms)         Min         Max     Std Dev       Count

Performance Statistics   2018-06-08 22:38:00 - 2018-06-08 22:39:00
Tag                                                  Avg(ms)         Min         Max     Std Dev       Count

Performance Statistics   2018-06-08 22:39:00 - 2018-06-08 22:40:00
Tag                                                  Avg(ms)         Min         Max     Std Dev       Count

Performance Statistics   2018-06-08 22:40:00 - 2018-06-08 22:41:00
Tag                                                  Avg(ms)         Min         Max     Std Dev       Count

Performance Statistics   2018-06-08 22:41:00 - 2018-06-08 22:42:00
Tag                                                  Avg(ms)         Min         Max     Std Dev       Count

Performance Statistics   2018-06-08 22:43:00 - 2018-06-08 22:44:00
Tag                                                  Avg(ms)         Min         Max     Std Dev       Count
Messages.searchClasspath                                 0,5           0          22         2,2         160
Messages.searchFiles                                     0,2           0          23         1,8         160
Metadata.replaceExtendedMetaClasses                      3,0           3           3         0,0           1

Performance Statistics   2018-06-08 22:44:00 - 2018-06-08 22:45:00
Tag                                                  Avg(ms)         Min         Max     Std Dev       Count
Metadata.replaceExtendedMetaClasses                      1,0           1           1         0,0           1
QueryParser.getEntityName()                            131,0           2         383       178,2           3
QueryParser.getEntityNameIfSecondaryReturnedInsteadOfMain()         0,0           0           0         0,0           3
QueryParser.getEntityPathIfSecondaryReturnedInsteadOfMain()         0,0           0           0         0,0           3
QueryParser.getParamNames()                              0,3           0           1         0,5           3
QueryParser.isCollectionSecondaryEntitySelect()          0,0           0           0         0,0           2
QueryTransformer.addEntityInGroupBy(..)                  0,0           0           0         0,0           2
QueryTransformer.addFirstSelectionSource(..)             0,0           0           0         0,0           2
QueryTransformer.addWhereAsIs(..)                        1,0           0           2         1,0           2
QueryTransformer.getResult()                             1,5           0           3         1,5           2
QueryTransformer.replaceWithSelectEntityVariable(..)         1,0           0           2         1,0           2

Performance Statistics   2018-06-08 22:45:00 - 2018-06-08 22:46:00
Tag                                                  Avg(ms)         Min         Max     Std Dev       Count
Messages.searchClasspath                                 0,4           0          14         1,6         160
Messages.searchFiles                                     0,2           0          23         1,8         160
Metadata.replaceExtendedMetaClasses                      1,0           1           1         0,0           1

Performance Statistics   2018-06-08 22:46:00 - 2018-06-08 22:47:00
Tag                                                  Avg(ms)         Min         Max     Std Dev       Count
AppFolders                                               7,0           7           7         0,0           1
LoadClass                                                1,0           0           2         1,0           4
Messages.searchClasspath                                 0,0           0           4         0,4         269
Messages.searchFiles                                     0,0           0           0         0,0         269
Metadata.replaceExtendedMetaClasses                      1,0           1           1         0,0           1
PersistenceSecurity.applyConstraints(..)                 5,0           5           5         0,0           1
QueryParser.getEntityAlias()                             2,0           2           2         0,0           2
QueryParser.getEntityName()                             16,9           0         247        59,4          16
QueryParser.getEntityNameIfSecondaryReturnedInsteadOfMain()         0,0           0           0         0,0          15
QueryParser.getEntityPathIfSecondaryReturnedInsteadOfMain()         0,0           0           0         0,0          15
QueryParser.getParamNames()                              0,6           0           8         1,9          16
QueryParser.hasIsNullCondition(..)                      11,0           2          20         9,0           2
QueryParser.isCollectionSecondaryEntitySelect()          0,0           0           0         0,0           4
QueryTransformer.addEntityInGroupBy(..)                  0,0           0           0         0,0           4
QueryTransformer.addFirstSelectionSource(..)             0,0           0           0         0,0           4
QueryTransformer.addWhereAsIs(..)                        0,3           0           1         0,4           4
QueryTransformer.getResult()                             0,5           0           2         0,9           4
QueryTransformer.replaceWithSelectEntityVariable(..)         0,3           0           1         0,4           4
SearchFolders                                           15,0          15          15         0,0           1
Security.isEntityOpPermitted(..)                         0,0           0           0         0,0           1
ViewRepository.init.ViewRepositoryClientImpl            24,0          24          24         0,0           1

Performance Statistics   2018-06-08 22:47:00 - 2018-06-08 22:48:00
Tag                                                  Avg(ms)         Min         Max     Std Dev       Count

