Performance Statistics   2018-06-08 22:48:00 - 2018-06-08 22:50:00
Tag                                                  Avg(ms)         Min         Max     Std Dev       Count

Performance Statistics   2018-06-09 07:54:00 - 2018-06-09 07:56:00
Tag                                                  Avg(ms)         Min         Max     Std Dev       Count

Performance Statistics   2018-06-09 07:56:00 - 2018-06-09 07:58:00
Tag                                                  Avg(ms)         Min         Max     Std Dev       Count

Performance Statistics   2018-06-09 07:58:00 - 2018-06-09 08:00:00
Tag                                                  Avg(ms)         Min         Max     Std Dev       Count

Performance Statistics   2018-06-09 08:00:00 - 2018-06-09 08:02:00
Tag                                                  Avg(ms)         Min         Max     Std Dev       Count

Performance Statistics   2018-06-09 08:02:00 - 2018-06-09 08:04:00
Tag                                                  Avg(ms)         Min         Max     Std Dev       Count

Performance Statistics   2018-06-09 08:04:00 - 2018-06-09 08:06:00
Tag                                                  Avg(ms)         Min         Max     Std Dev       Count

Performance Statistics   2018-06-09 08:06:00 - 2018-06-09 08:08:00
Tag                                                  Avg(ms)         Min         Max     Std Dev       Count

Performance Statistics   2018-06-09 08:08:00 - 2018-06-09 08:10:00
Tag                                                  Avg(ms)         Min         Max     Std Dev       Count

Performance Statistics   2018-06-09 08:10:00 - 2018-06-09 08:12:00
Tag                                                  Avg(ms)         Min         Max     Std Dev       Count

Performance Statistics   2018-06-09 08:32:00 - 2018-06-09 08:34:00
Tag                                                  Avg(ms)         Min         Max     Std Dev       Count
ddcdi$ImportConfiguration.browse#init                   20,0          20          20         0,0           1
ddcdi$ImportConfiguration.browse#inject                  1,0           1           1         0,0           1
ddcdi$ImportConfiguration.browse#load                  664,0         664         664         0,0           1
ddcdi$ImportConfiguration.browse#ready                   0,0           0           0         0,0           1
ddcdi$ImportConfiguration.browse#uiPermissions           0,0           0           0         0,0           1
ddcdi$ImportConfiguration.browse#xml                    13,0          13          13         0,0           1
ddcdi$ImportConfiguration.browse@importConfigurationsDs       373,0         373         373         0,0           1
ddcdi$import-wizard#init                               298,0         298         298         0,0           1
ddcdi$import-wizard#inject                              11,0          11          11         0,0           1
ddcdi$import-wizard#load                               612,0         612         612         0,0           1
ddcdi$import-wizard#ready                                0,0           0           0         0,0           1
ddcdi$import-wizard#uiPermissions                        0,0           0           0         0,0           1
ddcdi$import-wizard#xml                                 11,0          11          11         0,0           1
loginWindow#init                                        25,0          25          25         0,0           1
loginWindow#inject                                      28,0          28          28         0,0           1
loginWindow#load                                       474,0         474         474         0,0           1
loginWindow#ready                                        0,0           0           0         0,0           1
loginWindow#uiPermissions                                2,0           2           2         0,0           1
loginWindow#xml                                         15,0          15          15         0,0           1
mainWindow#init                                         87,0          87          87         0,0           1
mainWindow#inject                                       18,0          18          18         0,0           1
mainWindow#load                                        299,0         299         299         0,0           1
mainWindow#ready                                         7,0           7           7         0,0           1
mainWindow#uiPermissions                                 0,0           0           0         0,0           1
mainWindow#xml                                           8,0           8           8         0,0           1

Performance Statistics   2018-06-09 08:34:00 - 2018-06-09 08:36:00
Tag                                                  Avg(ms)         Min         Max     Std Dev       Count

Performance Statistics   2018-06-09 08:36:00 - 2018-06-09 08:38:00
Tag                                                  Avg(ms)         Min         Max     Std Dev       Count
ddcdi$ImportAttributeMapper.edit#init                    0,0           0           0         0,0           2
ddcdi$ImportAttributeMapper.edit#inject                  1,0           0           3         1,2           4
ddcdi$ImportAttributeMapper.edit#load                   34,5          10          59        24,5           2
ddcdi$ImportAttributeMapper.edit#ready                   0,0           0           0         0,0           2
ddcdi$ImportAttributeMapper.edit#setItem               137,5          20         255       117,5           2
ddcdi$ImportAttributeMapper.edit#uiPermissions           0,0           0           0         0,0           2
ddcdi$ImportAttributeMapper.edit#xml                     6,0           4           8         2,0           2
ddcdi$ImportAttributeMapper.edit.ddcdi$ImportAttributeMapperAutomatic.frame#init        96,0           6         186        90,0           2
ddcdi$ImportAttributeMapper.edit.ddcdi$ImportAttributeMapperAutomatic.frame#uiPermissions         0,0           0           0         0,0           2
ddcdi$ImportAttributeMapper.edit.windowActions#load         3,0           0           6         3,0           2
ddcdi$ImportAttributeMapperAutomatic.frame#inject         3,5           2           5         1,5           2
ddcdi$ImportAttributeMapperAutomatic.frame#load        129,5          19         240       110,5           2
ddcdi$ImportAttributeMapperAutomatic.frame#xml           1,5           1           2         0,5           2
ddcdi$import-wizard#init                                 3,0           3           3         0,0           1
ddcdi$import-wizard#inject                               4,0           4           4         0,0           1
ddcdi$import-wizard#load                                38,0          38          38         0,0           1
ddcdi$import-wizard#ready                                0,0           0           0         0,0           1
ddcdi$import-wizard#uiPermissions                        0,0           0           0         0,0           1
ddcdi$import-wizard#xml                                  4,0           4           4         0,0           1
windowActions#xml                                        1,5           0           3         1,5           2

Performance Statistics   2018-06-09 08:38:00 - 2018-06-09 08:40:00
Tag                                                  Avg(ms)         Min         Max     Std Dev       Count
ddcdi$ImportAttributeMapper.edit#init                    0,0           0           0         0,0           1
ddcdi$ImportAttributeMapper.edit#inject                  0,0           0           0         0,0           2
ddcdi$ImportAttributeMapper.edit#load                   12,0          12          12         0,0           1
ddcdi$ImportAttributeMapper.edit#ready                   0,0           0           0         0,0           1
ddcdi$ImportAttributeMapper.edit#setItem                19,0          19          19         0,0           1
ddcdi$ImportAttributeMapper.edit#uiPermissions           0,0           0           0         0,0           1
ddcdi$ImportAttributeMapper.edit#xml                     6,0           6           6         0,0           1
ddcdi$ImportAttributeMapper.edit.ddcdi$ImportAttributeMapperAutomatic.frame#init         9,0           9           9         0,0           1
ddcdi$ImportAttributeMapper.edit.ddcdi$ImportAttributeMapperAutomatic.frame#uiPermissions         0,0           0           0         0,0           1
ddcdi$ImportAttributeMapper.edit.windowActions#load         0,0           0           0         0,0           1
ddcdi$ImportAttributeMapperAutomatic.frame#inject         0,0           0           0         0,0           1
ddcdi$ImportAttributeMapperAutomatic.frame#load         16,0          16          16         0,0           1
ddcdi$ImportAttributeMapperAutomatic.frame#xml           1,0           1           1         0,0           1
ddcdi$import-wizard@ds                                   0,0           0           0         0,0           1
windowActions#xml                                        0,0           0           0         0,0           1

Performance Statistics   2018-06-09 08:40:00 - 2018-06-09 08:42:00
Tag                                                  Avg(ms)         Min         Max     Std Dev       Count
ddcdi$ImportConfiguration.browse@importConfigurationsDs        36,0          36          36         0,0           1
ddcdi$ImportLog.browse#init                              0,0           0           0         0,0           1
ddcdi$ImportLog.browse#inject                            3,0           3           3         0,0           1
ddcdi$ImportLog.browse#load                             90,0          90          90         0,0           1
ddcdi$ImportLog.browse#ready                             0,0           0           0         0,0           1
ddcdi$ImportLog.browse#uiPermissions                     0,0           0           0         0,0           1
ddcdi$ImportLog.browse#xml                               7,0           7           7         0,0           1
ddcdi$ImportLog.browse@importLogsDs                     25,0          25          25         0,0           1
ddcdi$import-wizard@ds                                   0,0           0           0         0,0           1

Performance Statistics   2018-06-09 08:42:00 - 2018-06-09 08:44:00
Tag                                                  Avg(ms)         Min         Max     Std Dev       Count

Performance Statistics   2018-06-09 08:44:00 - 2018-06-09 08:46:00
Tag                                                  Avg(ms)         Min         Max     Std Dev       Count
ddcdi$ImportConfiguration.browse#init                    0,0           0           0         0,0           1
ddcdi$ImportConfiguration.browse#inject                  1,0           1           1         0,0           1
ddcdi$ImportConfiguration.browse#load                   21,0          21          21         0,0           1
ddcdi$ImportConfiguration.browse#ready                   0,0           0           0         0,0           1
ddcdi$ImportConfiguration.browse#uiPermissions           0,0           0           0         0,0           1
ddcdi$ImportConfiguration.browse#xml                     4,0           4           4         0,0           1
ddcdi$ImportConfiguration.browse@importConfigurationsDs        24,0          24          24         0,0           1
ddcdi$ImportConfiguration.create#init                    3,0           3           3         0,0           1
ddcdi$ImportConfiguration.create#inject                  1,0           0           2         1,0           2
ddcdi$ImportConfiguration.create#load                   35,0          35          35         0,0           1
ddcdi$ImportConfiguration.create#ready                   0,0           0           0         0,0           1
ddcdi$ImportConfiguration.create#setItem                 0,0           0           0         0,0           1
ddcdi$ImportConfiguration.create#uiPermissions           0,0           0           0         0,0           1
ddcdi$ImportConfiguration.create#xml                     3,0           3           3         0,0           1
ddcdi$ImportConfiguration.create.windowActions#load         0,0           0           0         0,0           1
windowActions#xml                                        1,0           1           1         0,0           1

Performance Statistics   2018-06-09 08:46:00 - 2018-06-09 08:48:00
Tag                                                  Avg(ms)         Min         Max     Std Dev       Count
ddcdi$ImportAttributeMapper.edit#init                    0,0           0           0         0,0           1
ddcdi$ImportAttributeMapper.edit#inject                  0,0           0           0         0,0           2
ddcdi$ImportAttributeMapper.edit#load                   11,0          11          11         0,0           1
ddcdi$ImportAttributeMapper.edit#ready                   0,0           0           0         0,0           1
ddcdi$ImportAttributeMapper.edit#setItem                22,0          22          22         0,0           1
ddcdi$ImportAttributeMapper.edit#uiPermissions           0,0           0           0         0,0           1
ddcdi$ImportAttributeMapper.edit#xml                     4,0           4           4         0,0           1
ddcdi$ImportAttributeMapper.edit.ddcdi$ImportAttributeMapperAutomatic.frame#init         6,0           6           6         0,0           1
ddcdi$ImportAttributeMapper.edit.ddcdi$ImportAttributeMapperAutomatic.frame#uiPermissions         0,0           0           0         0,0           1
ddcdi$ImportAttributeMapper.edit.windowActions#load         0,0           0           0         0,0           1
ddcdi$ImportAttributeMapperAutomatic.frame#inject         0,0           0           0         0,0           1
ddcdi$ImportAttributeMapperAutomatic.frame#load         13,0          13          13         0,0           1
ddcdi$ImportAttributeMapperAutomatic.frame#xml           1,0           1           1         0,0           1
ddcdi$ImportConfiguration.edit#init                      0,0           0           0         0,0           1
ddcdi$ImportConfiguration.edit#inject                    0,5           0           1         0,5           2
ddcdi$ImportConfiguration.edit#load                    103,0         103         103         0,0           1
ddcdi$ImportConfiguration.edit#ready                     0,0           0           0         0,0           1
ddcdi$ImportConfiguration.edit#setItem                 147,0         147         147         0,0           1
ddcdi$ImportConfiguration.edit#uiPermissions             0,0           0           0         0,0           1
ddcdi$ImportConfiguration.edit#xml                       5,0           5           5         0,0           1
ddcdi$ImportConfiguration.edit.windowActions#load         0,0           0           0         0,0           1
ddcdi$import-with-import-configuration-wizard#init         5,0           5           5         0,0           1
ddcdi$import-with-import-configuration-wizard#inject         1,0           1           1         0,0           1
ddcdi$import-with-import-configuration-wizard#load        35,0          35          35         0,0           1
ddcdi$import-with-import-configuration-wizard#ready         0,0           0           0         0,0           1
ddcdi$import-with-import-configuration-wizard#setItem        45,0          45          45         0,0           1
ddcdi$import-with-import-configuration-wizard#uiPermissions         0,0           0           0         0,0           1
ddcdi$import-with-import-configuration-wizard#xml         4,0           4           4         0,0           1
ddcdi$import-with-import-configuration-wizard@ds         0,0           0           0         0,0           1
windowActions#xml                                        1,0           0           2         1,0           2

Performance Statistics   2018-06-09 08:48:00 - 2018-06-09 08:50:00
Tag                                                  Avg(ms)         Min         Max     Std Dev       Count

Performance Statistics   2018-06-09 08:50:00 - 2018-06-09 08:52:00
Tag                                                  Avg(ms)         Min         Max     Std Dev       Count
loginWindow#init                                         1,0           1           1         0,0           1
loginWindow#inject                                       0,0           0           0         0,0           1
loginWindow#load                                        21,0          21          21         0,0           1
loginWindow#ready                                        0,0           0           0         0,0           1
loginWindow#uiPermissions                                0,0           0           0         0,0           1
loginWindow#xml                                          3,0           3           3         0,0           1
mainWindow#init                                          1,0           1           1         0,0           1
mainWindow#inject                                        3,0           3           3         0,0           1
mainWindow#load                                         70,0          70          70         0,0           1
mainWindow#ready                                         7,0           7           7         0,0           1
mainWindow#uiPermissions                                 0,0           0           0         0,0           1
mainWindow#xml                                           4,0           4           4         0,0           1
skillguard$Department.browse#init                        0,0           0           0         0,0           1
skillguard$Department.browse#inject                      0,0           0           0         0,0           1
skillguard$Department.browse#load                     2255,0        2255        2255         0,0           1
skillguard$Department.browse#uiPermissions               0,0           0           0         0,0           1
skillguard$Department.browse#xml                         6,0           6           6         0,0           1
skillguard$Department.browse@departmentsDs              15,0          15          15         0,0           1

Performance Statistics   2018-06-09 08:52:00 - 2018-06-09 08:54:00
Tag                                                  Avg(ms)         Min         Max     Std Dev       Count
loginWindow#init                                         0,0           0           0         0,0           1
loginWindow#inject                                       0,0           0           0         0,0           1
loginWindow#load                                         5,0           5           5         0,0           1
loginWindow#ready                                        0,0           0           0         0,0           1
loginWindow#uiPermissions                                0,0           0           0         0,0           1
loginWindow#xml                                          1,0           1           1         0,0           1
mainWindow#init                                          0,0           0           0         0,0           1
mainWindow#inject                                        2,0           2           2         0,0           1
mainWindow#load                                         15,0          15          15         0,0           1
mainWindow#ready                                         6,0           6           6         0,0           1
mainWindow#uiPermissions                                 0,0           0           0         0,0           1
mainWindow#xml                                           1,0           1           1         0,0           1
skillguard$Department.browse#init                        0,0           0           0         0,0           2
skillguard$Department.browse#inject                      0,5           0           1         0,5           2
skillguard$Department.browse#load                      196,5          15         378       181,5           2
skillguard$Department.browse#uiPermissions               0,0           0           0         0,0           2
skillguard$Department.browse#xml                         4,0           1           7         3,0           2
skillguard$Department.browse@departmentsDs              23,5          20          27         3,5           2

Performance Statistics   2018-06-09 08:54:00 - 2018-06-09 08:56:00
Tag                                                  Avg(ms)         Min         Max     Std Dev       Count
loginWindow#init                                         0,0           0           0         0,0           1
loginWindow#inject                                       1,0           1           1         0,0           1
loginWindow#load                                        15,0          15          15         0,0           1
loginWindow#ready                                        0,0           0           0         0,0           1
loginWindow#uiPermissions                                0,0           0           0         0,0           1
loginWindow#xml                                          4,0           4           4         0,0           1
mainWindow#init                                          0,0           0           0         0,0           1
mainWindow#inject                                        1,0           1           1         0,0           1
mainWindow#load                                         16,0          16          16         0,0           1
mainWindow#ready                                         5,0           5           5         0,0           1
mainWindow#uiPermissions                                 0,0           0           0         0,0           1
mainWindow#xml                                           2,0           2           2         0,0           1
skillguard$Department.browse#init                        0,0           0           0         0,0           1
skillguard$Department.browse#inject                      1,0           1           1         0,0           1
skillguard$Department.browse#load                      777,0         777         777         0,0           1
skillguard$Department.browse#ready                       0,0           0           0         0,0           1
skillguard$Department.browse#uiPermissions               0,0           0           0         0,0           1
skillguard$Department.browse#xml                        14,0          14          14         0,0           1
skillguard$Department.browse@departmentsDs              23,0          23          23         0,0           1

Performance Statistics   2018-06-09 08:56:00 - 2018-06-09 08:58:00
Tag                                                  Avg(ms)         Min         Max     Std Dev       Count

Performance Statistics   2018-06-09 08:58:00 - 2018-06-09 09:00:00
Tag                                                  Avg(ms)         Min         Max     Std Dev       Count

Performance Statistics   2018-06-09 09:00:00 - 2018-06-09 09:02:00
Tag                                                  Avg(ms)         Min         Max     Std Dev       Count
loginWindow#init                                         0,0           0           0         0,0           1
loginWindow#inject                                       0,0           0           0         0,0           1
loginWindow#load                                        11,0          11          11         0,0           1
loginWindow#ready                                        0,0           0           0         0,0           1
loginWindow#uiPermissions                                0,0           0           0         0,0           1
loginWindow#xml                                          5,0           5           5         0,0           1
mainWindow#init                                          0,0           0           0         0,0           1
mainWindow#inject                                        0,0           0           0         0,0           1
mainWindow#load                                         12,0          12          12         0,0           1
mainWindow#ready                                         6,0           6           6         0,0           1
mainWindow#uiPermissions                                 0,0           0           0         0,0           1
mainWindow#xml                                           1,0           1           1         0,0           1
skillguard$Department.browse#init                        0,0           0           0         0,0           1
skillguard$Department.browse#inject                      1,0           1           1         0,0           1
skillguard$Department.browse#load                      325,0         325         325         0,0           1
skillguard$Department.browse#ready                       0,0           0           0         0,0           1
skillguard$Department.browse#uiPermissions               0,0           0           0         0,0           1
skillguard$Department.browse#xml                         7,0           7           7         0,0           1
skillguard$Department.browse@departmentsDs              26,0          26          26         0,0           1

Performance Statistics   2018-06-09 09:02:00 - 2018-06-09 09:04:00
Tag                                                  Avg(ms)         Min         Max     Std Dev       Count
skillguard$Department.edit#init                          0,0           0           0         0,0           2
skillguard$Department.edit#inject                        0,3           0           1         0,4           4
skillguard$Department.edit#load                        166,0          16         316       150,0           2
skillguard$Department.edit#ready                         0,0           0           0         0,0           2
skillguard$Department.edit#setItem                      80,5          21         140        59,5           2
skillguard$Department.edit#uiPermissions                 0,0           0           0         0,0           2
skillguard$Department.edit#xml                           5,5           1          10         4,5           2
skillguard$Department.edit.windowActions#load            0,0           0           0         0,0           2
skillguard$Department.edit@parentDepartmentsDs          10,0          10          10         0,0           2
windowActions#xml                                        0,5           0           1         0,5           2

Performance Statistics   2018-06-09 09:08:00 - 2018-06-09 09:10:00
Tag                                                  Avg(ms)         Min         Max     Std Dev       Count
loginWindow#init                                        26,0          26          26         0,0           1
loginWindow#inject                                      25,0          25          25         0,0           1
loginWindow#load                                       545,0         545         545         0,0           1
loginWindow#ready                                        0,0           0           0         0,0           1
loginWindow#uiPermissions                                3,0           3           3         0,0           1
loginWindow#xml                                         29,0          29          29         0,0           1
mainWindow#init                                         53,0          53          53         0,0           1
mainWindow#inject                                       23,0          23          23         0,0           1
mainWindow#load                                        444,0         444         444         0,0           1
mainWindow#ready                                        20,0          20          20         0,0           1
mainWindow#uiPermissions                                 0,0           0           0         0,0           1
mainWindow#xml                                           4,0           4           4         0,0           1
skillguard$Department.browse#init                        0,0           0           0         0,0           1
skillguard$Department.browse#inject                      1,0           1           1         0,0           1
skillguard$Department.browse#load                      847,0         847         847         0,0           1
skillguard$Department.browse#ready                       0,0           0           0         0,0           1
skillguard$Department.browse#uiPermissions               0,0           0           0         0,0           1
skillguard$Department.browse#xml                        12,0          12          12         0,0           1
skillguard$Department.browse@departmentsDs             165,3          29         544       218,8           4

Performance Statistics   2018-06-09 09:14:00 - 2018-06-09 09:16:00
Tag                                                  Avg(ms)         Min         Max     Std Dev       Count
ddcdi$ImportConfiguration.browse#init                   24,0          24          24         0,0           1
ddcdi$ImportConfiguration.browse#inject                  1,0           1           1         0,0           1
ddcdi$ImportConfiguration.browse#load                  182,0         182         182         0,0           1
ddcdi$ImportConfiguration.browse#ready                   0,0           0           0         0,0           1
ddcdi$ImportConfiguration.browse#uiPermissions           0,0           0           0         0,0           1
ddcdi$ImportConfiguration.browse#xml                     9,0           9           9         0,0           1
ddcdi$ImportConfiguration.browse@importConfigurationsDs       118,0         118         118         0,0           1
ddcdi$import-with-import-configuration-wizard#init       181,0         181         181         0,0           1
ddcdi$import-with-import-configuration-wizard#inject        13,0          13          13         0,0           1
ddcdi$import-with-import-configuration-wizard#load       272,0         272         272         0,0           1
ddcdi$import-with-import-configuration-wizard#ready         0,0           0           0         0,0           1
ddcdi$import-with-import-configuration-wizard#setItem        88,0          88          88         0,0           1
ddcdi$import-with-import-configuration-wizard#uiPermissions         0,0           0           0         0,0           1
ddcdi$import-with-import-configuration-wizard#xml         3,0           3           3         0,0           1
ddcdi$import-with-import-configuration-wizard@ds         0,0           0           0         0,0           1
loginWindow#init                                        24,0          24          24         0,0           1
loginWindow#inject                                      22,0          22          22         0,0           1
loginWindow#load                                       509,0         509         509         0,0           1
loginWindow#ready                                        0,0           0           0         0,0           1
loginWindow#uiPermissions                                1,0           1           1         0,0           1
loginWindow#xml                                         21,0          21          21         0,0           1
mainWindow#init                                         37,0          37          37         0,0           1
mainWindow#inject                                       14,0          14          14         0,0           1
mainWindow#load                                        281,0         281         281         0,0           1
mainWindow#ready                                         7,0           7           7         0,0           1
mainWindow#uiPermissions                                 0,0           0           0         0,0           1
mainWindow#xml                                           5,0           5           5         0,0           1
skillguard$Department.browse#init                       11,0          11          11         0,0           1
skillguard$Department.browse#inject                      5,0           5           5         0,0           1
skillguard$Department.browse#load                      930,0         930         930         0,0           1
skillguard$Department.browse#ready                       0,0           0           0         0,0           1
skillguard$Department.browse#uiPermissions               0,0           0           0         0,0           1
skillguard$Department.browse#xml                        19,0          19          19         0,0           1
skillguard$Department.browse@departmentsDs              37,5          36          39         1,5           2
skillguard$Department.browse@parentDepartmentsDs       434,0         434         434         0,0           1

Performance Statistics   2018-06-09 09:16:00 - 2018-06-09 09:18:00
Tag                                                  Avg(ms)         Min         Max     Std Dev       Count
ddcdi$ImportAttributeMapper.edit#init                    0,0           0           0         0,0           1
ddcdi$ImportAttributeMapper.edit#inject                  0,0           0           0         0,0           2
ddcdi$ImportAttributeMapper.edit#load                   35,0          35          35         0,0           1
ddcdi$ImportAttributeMapper.edit#ready                   0,0           0           0         0,0           1
ddcdi$ImportAttributeMapper.edit#setItem               313,0         313         313         0,0           1
ddcdi$ImportAttributeMapper.edit#uiPermissions           0,0           0           0         0,0           1
ddcdi$ImportAttributeMapper.edit#xml                     8,0           8           8         0,0           1
ddcdi$ImportAttributeMapper.edit.ddcdi$ImportAttributeMapperAutomatic.frame#init       245,0         245         245         0,0           1
ddcdi$ImportAttributeMapper.edit.ddcdi$ImportAttributeMapperAutomatic.frame#uiPermissions         0,0           0           0         0,0           1
ddcdi$ImportAttributeMapper.edit.windowActions#load         0,0           0           0         0,0           1
ddcdi$ImportAttributeMapperAutomatic.frame#inject         1,0           1           1         0,0           1
ddcdi$ImportAttributeMapperAutomatic.frame#load        284,0         284         284         0,0           1
ddcdi$ImportAttributeMapperAutomatic.frame#xml           2,0           2           2         0,0           1
ddcdi$ImportConfiguration.edit#init                      0,0           0           0         0,0           1
ddcdi$ImportConfiguration.edit#inject                    0,5           0           1         0,5           2
ddcdi$ImportConfiguration.edit#load                    234,0         234         234         0,0           1
ddcdi$ImportConfiguration.edit#ready                     0,0           0           0         0,0           1
ddcdi$ImportConfiguration.edit#setItem                  60,0          60          60         0,0           1
ddcdi$ImportConfiguration.edit#uiPermissions             0,0           0           0         0,0           1
ddcdi$ImportConfiguration.edit#xml                       5,0           5           5         0,0           1
ddcdi$ImportConfiguration.edit.windowActions#load         6,0           6           6         0,0           1
windowActions#xml                                        1,0           0           2         1,0           2

Performance Statistics   2018-06-09 09:18:00 - 2018-06-09 09:20:00
Tag                                                  Avg(ms)         Min         Max     Std Dev       Count
ddcdi$ImportAttributeMapper.edit#init                    0,0           0           0         0,0           3
ddcdi$ImportAttributeMapper.edit#inject                  0,3           0           2         0,7           6
ddcdi$ImportAttributeMapper.edit#load                    9,3           6          12         2,5           3
ddcdi$ImportAttributeMapper.edit#ready                   0,0           0           0         0,0           3
ddcdi$ImportAttributeMapper.edit#setItem                22,0          12          36        10,2           3
ddcdi$ImportAttributeMapper.edit#uiPermissions           0,0           0           0         0,0           3
ddcdi$ImportAttributeMapper.edit#xml                     1,7           0           4         1,7           3
ddcdi$ImportAttributeMapper.edit.ddcdi$ImportAttributeMapperAutomatic.frame#init         5,0           5           5         0,0           1
ddcdi$ImportAttributeMapper.edit.ddcdi$ImportAttributeMapperAutomatic.frame#uiPermissions         0,0           0           0         0,0           1
ddcdi$ImportAttributeMapper.edit.ddcdi$ImportAttributeMapperCustom.frame#init         2,0           1           3         1,0           2
ddcdi$ImportAttributeMapper.edit.ddcdi$ImportAttributeMapperCustom.frame#uiPermissions         0,0           0           0         0,0           2
ddcdi$ImportAttributeMapper.edit.windowActions#load         0,0           0           0         0,0           3
ddcdi$ImportAttributeMapperAutomatic.frame#inject         0,0           0           0         0,0           1
ddcdi$ImportAttributeMapperAutomatic.frame#load         12,0          12          12         0,0           1
ddcdi$ImportAttributeMapperAutomatic.frame#xml           1,0           1           1         0,0           1
ddcdi$ImportAttributeMapperCustom.frame#inject           1,0           0           2         1,0           2
ddcdi$ImportAttributeMapperCustom.frame#load            23,0          11          35        12,0           2
ddcdi$ImportAttributeMapperCustom.frame#xml              2,5           1           4         1,5           2
ddcdi$import-with-import-configuration-wizard#init         0,0           0           0         0,0           1
ddcdi$import-with-import-configuration-wizard#inject         0,0           0           0         0,0           1
ddcdi$import-with-import-configuration-wizard#load        12,0          12          12         0,0           1
ddcdi$import-with-import-configuration-wizard#ready         0,0           0           0         0,0           1
ddcdi$import-with-import-configuration-wizard#setItem        66,0          66          66         0,0           1
ddcdi$import-with-import-configuration-wizard#uiPermissions         0,0           0           0         0,0           1
ddcdi$import-with-import-configuration-wizard#xml         1,0           1           1         0,0           1
windowActions#xml                                        0,7           0           1         0,5           3

Performance Statistics   2018-06-09 09:20:00 - 2018-06-09 09:22:00
Tag                                                  Avg(ms)         Min         Max     Std Dev       Count
ddcdi$ImportConfiguration.edit#init                      0,0           0           0         0,0           1
ddcdi$ImportConfiguration.edit#inject                    0,0           0           0         0,0           2
ddcdi$ImportConfiguration.edit#load                     28,0          28          28         0,0           1
ddcdi$ImportConfiguration.edit#ready                     0,0           0           0         0,0           1
ddcdi$ImportConfiguration.edit#setItem                  63,0          63          63         0,0           1
ddcdi$ImportConfiguration.edit#uiPermissions             0,0           0           0         0,0           1
ddcdi$ImportConfiguration.edit#xml                       6,0           6           6         0,0           1
ddcdi$ImportConfiguration.edit.windowActions#load         0,0           0           0         0,0           1
ddcdi$import-with-import-configuration-wizard@ds         0,0           0           0         0,0           1
skillguard$Department.browse@departmentsDs              43,0          30          56        13,0           2
skillguard$Department.browse@parentDepartmentsDs        11,3          10          13         1,2           3
windowActions#xml                                        2,0           2           2         0,0           1

