Performance Statistics   2018-06-10 22:20:00 - 2018-06-10 22:21:00
Tag                                                  Avg(ms)         Min         Max     Std Dev       Count
Messages.searchClasspath                                 0,5           0          14         1,7         320
Messages.searchFiles                                     0,1           0          26         1,5         320
Metadata.replaceExtendedMetaClasses                      2,0           2           2         0,0           1

Performance Statistics   2018-06-10 22:21:00 - 2018-06-10 22:22:00
Tag                                                  Avg(ms)         Min         Max     Std Dev       Count
AppFolders                                              18,0          18          18         0,0           1
LoadClass                                                1,6           0           6         2,1           9
MenuItem.skillguard$Department.browse                 2182,0        2182        2182         0,0           1
Messages.searchClasspath                                 0,1           0           6         0,4        1184
Messages.searchFiles                                     0,0           0           0         0,0        1184
Metadata.replaceExtendedMetaClasses                      2,0           2           2         0,0           1
PersistenceSecurity.applyConstraints(..)                 2,5           1           7         2,3          10
QueryParser.getEntityAlias()                             1,1           0           9         2,3          14
QueryParser.getEntityName()                              9,1           0         340        51,7          42
QueryParser.getEntityNameIfSecondaryReturnedInsteadOfMain()         0,0           0           0         0,0          32
QueryParser.getEntityPathIfSecondaryReturnedInsteadOfMain()         0,0           0           0         0,0          32
QueryParser.getParamNames()                              0,2           0           4         0,7          42
QueryParser.hasIsNullCondition(..)                       2,4           0          29         7,0          16
QueryParser.isCollectionSecondaryEntitySelect()          0,0           0           0         0,0           6
QueryTransformer.addEntityInGroupBy(..)                  0,0           0           0         0,0           6
QueryTransformer.addFirstSelectionSource(..)             0,0           0           0         0,0           6
QueryTransformer.addWhereAsIs(..)                        0,3           0           2         0,7           6
QueryTransformer.getResult()                             0,3           0           2         0,7           6
QueryTransformer.replaceWithSelectEntityVariable(..)         1,2           0           2         0,7           6
SearchFolders                                           37,0          37          37         0,0           1
Security.isEntityOpPermitted(..)                         0,0           0           0         0,0          10
ViewRepository.init.ViewRepositoryClientImpl            37,0          37          37         0,0           1
ViewRepository.init.ViewRepositoryImpl                  36,0          36          36         0,0           1

Performance Statistics   2018-06-10 22:22:00 - 2018-06-10 22:23:00
Tag                                                  Avg(ms)         Min         Max     Std Dev       Count
Messages.searchClasspath                                 0,0           0           0         0,0          40
Messages.searchFiles                                     0,0           0           0         0,0          40
QueryParser.getEntityName()                              0,0           0           0         0,0           1
QueryParser.getEntityNameIfSecondaryReturnedInsteadOfMain()         0,0           0           0         0,0           1
QueryParser.getEntityPathIfSecondaryReturnedInsteadOfMain()         0,0           0           0         0,0           1
QueryParser.getParamNames()                              0,0           0           0         0,0           1
Security.isEntityOpPermitted(..)                         0,0           0           0         0,0           1

Performance Statistics   2018-06-10 22:23:00 - 2018-06-10 22:24:00
Tag                                                  Avg(ms)         Min         Max     Std Dev       Count

Performance Statistics   2018-06-10 22:24:00 - 2018-06-10 22:25:00
Tag                                                  Avg(ms)         Min         Max     Std Dev       Count

Performance Statistics   2018-06-10 22:25:00 - 2018-06-10 22:26:00
Tag                                                  Avg(ms)         Min         Max     Std Dev       Count
QueryParser.getEntityName()                              0,0           0           0         0,0           1
QueryParser.getEntityNameIfSecondaryReturnedInsteadOfMain()         0,0           0           0         0,0           1
QueryParser.getEntityPathIfSecondaryReturnedInsteadOfMain()         0,0           0           0         0,0           1
QueryParser.getParamNames()                              0,0           0           0         0,0           1
Security.isEntityOpPermitted(..)                         0,0           0           0         0,0           1

Performance Statistics   2018-06-10 22:26:00 - 2018-06-10 22:27:00
Tag                                                  Avg(ms)         Min         Max     Std Dev       Count
AppFolders                                               5,0           5           5         0,0           1
LoadClass                                                0,0           0           0         0,0           6
MenuItem.skillguard$Employee.browse                    177,0         177         177         0,0           1
Messages.searchClasspath                                 0,0           0           0         0,0          27
Messages.searchFiles                                     0,0           0           0         0,0          27
PersistenceSecurity.applyConstraints(..)                 1,8           1           3         1,0           5
QueryParser.getEntityAlias()                             0,7           0           2         0,9           6
QueryParser.getEntityName()                              0,2           0           1         0,4          24
QueryParser.getEntityNameIfSecondaryReturnedInsteadOfMain()         0,0           0           0         0,0          19
QueryParser.getEntityPathIfSecondaryReturnedInsteadOfMain()         0,0           0           0         0,0          19
QueryParser.getParamNames()                              0,0           0           1         0,2          24
QueryParser.hasIsNullCondition(..)                       0,7           0           2         0,7           6
QueryParser.isCollectionSecondaryEntitySelect()          0,0           0           0         0,0           2
QueryTransformer.addEntityInGroupBy(..)                  0,0           0           0         0,0           2
QueryTransformer.addFirstSelectionSource(..)             0,0           0           0         0,0           2
QueryTransformer.addWhereAsIs(..)                        0,0           0           0         0,0           2
QueryTransformer.getResult()                             0,0           0           0         0,0           2
QueryTransformer.replaceWithSelectEntityVariable(..)         0,0           0           0         0,0           2
SearchFolders                                            6,0           6           6         0,0           1
Security.isEntityOpPermitted(..)                         0,0           0           0         0,0           6

Performance Statistics   2018-06-10 22:27:00 - 2018-06-10 22:28:00
Tag                                                  Avg(ms)         Min         Max     Std Dev       Count
Messages.searchClasspath                                 0,9           0          43         3,8         320
Messages.searchFiles                                     0,2           0          33         1,9         320
Metadata.replaceExtendedMetaClasses                      2,0           2           2         0,0           1

Performance Statistics   2018-06-10 22:28:00 - 2018-06-10 22:29:00
Tag                                                  Avg(ms)         Min         Max     Std Dev       Count
LoadClass                                                1,0           0           2         1,0           2
Messages.searchClasspath                                 0,1           0           5         0,6         150
Messages.searchFiles                                     0,0           0           2         0,2         150
Metadata.replaceExtendedMetaClasses                      2,0           2           2         0,0           1
QueryParser.getEntityName()                            128,7           3         373       172,8           3
QueryParser.getEntityNameIfSecondaryReturnedInsteadOfMain()         0,0           0           0         0,0           3
QueryParser.getEntityPathIfSecondaryReturnedInsteadOfMain()         0,0           0           0         0,0           3
QueryParser.getParamNames()                              0,3           0           1         0,5           3
QueryParser.isCollectionSecondaryEntitySelect()          0,0           0           0         0,0           2
QueryTransformer.addEntityInGroupBy(..)                  0,0           0           0         0,0           2
QueryTransformer.addFirstSelectionSource(..)             0,0           0           0         0,0           2
QueryTransformer.addWhereAsIs(..)                        0,5           0           1         0,5           2
QueryTransformer.getResult()                             1,5           0           3         1,5           2
QueryTransformer.replaceWithSelectEntityVariable(..)         1,5           1           2         0,5           2

Performance Statistics   2018-06-10 22:29:00 - 2018-06-10 22:30:00
Tag                                                  Avg(ms)         Min         Max     Std Dev       Count

Performance Statistics   2018-06-10 22:30:00 - 2018-06-10 22:31:00
Tag                                                  Avg(ms)         Min         Max     Std Dev       Count

Performance Statistics   2018-06-10 22:31:00 - 2018-06-10 22:32:00
Tag                                                  Avg(ms)         Min         Max     Std Dev       Count

Performance Statistics   2018-06-10 22:32:00 - 2018-06-10 22:33:00
Tag                                                  Avg(ms)         Min         Max     Std Dev       Count

Performance Statistics   2018-06-10 22:33:00 - 2018-06-10 22:34:00
Tag                                                  Avg(ms)         Min         Max     Std Dev       Count
AppFolders                                              10,5           6          15         4,5           2
LoadClass                                                0,9           0           5         1,7           8
MenuItem.skillguard$Employee.browse                   2224,0        2224        2224         0,0           1
Messages.searchClasspath                                 0,1           0           7         0,5         947
Messages.searchFiles                                     0,0           0           2         0,1         947
PersistenceSecurity.applyConstraints(..)                 5,0           1          10         3,2           6
QueryParser.getEntityAlias()                             1,2           0           4         1,4          10
QueryParser.getEntityName()                              0,7           0           5         1,2          37
QueryParser.getEntityNameIfSecondaryReturnedInsteadOfMain()         0,4           0          11         1,9          31
QueryParser.getEntityPathIfSecondaryReturnedInsteadOfMain()         0,0           0           0         0,0          31
QueryParser.getParamNames()                              0,1           0           3         0,6          37
QueryParser.hasIsNullCondition(..)                       3,4           0          19         6,0           8
QueryParser.isCollectionSecondaryEntitySelect()          0,0           0           0         0,0           4
QueryTransformer.addEntityInGroupBy(..)                  0,0           0           0         0,0           4
QueryTransformer.addFirstSelectionSource(..)             0,0           0           0         0,0           4
QueryTransformer.addWhereAsIs(..)                        0,0           0           0         0,0           4
QueryTransformer.getResult()                             0,0           0           0         0,0           4
QueryTransformer.replaceWithSelectEntityVariable(..)         0,8           0           1         0,4           4
SearchFolders                                           42,5           8          77        34,5           2
Security.isEntityOpPermitted(..)                         0,0           0           0         0,0           7
ViewRepository.init.ViewRepositoryClientImpl            42,0          42          42         0,0           1
ViewRepository.init.ViewRepositoryImpl                  34,0          34          34         0,0           1

Performance Statistics   2018-06-10 22:34:00 - 2018-06-10 22:35:00
Tag                                                  Avg(ms)         Min         Max     Std Dev       Count
LoadClass                                                1,8           0           5         1,7           9
MenuItem.sec$User.browse                               390,0         390         390         0,0           1
Messages.searchClasspath                                 0,0           0           6         0,4         509
Messages.searchFiles                                     0,0           0           0         0,0         509
PersistenceSecurity.applyConstraints(..)                 1,3           0           2         0,7           6
QueryParser.getEntityAlias()                             0,0           0           0         0,0           6
QueryParser.getEntityName()                              0,1           0           1         0,3          14
QueryParser.getEntityNameIfSecondaryReturnedInsteadOfMain()         0,0           0           0         0,0           8
QueryParser.getEntityPathIfSecondaryReturnedInsteadOfMain()         0,0           0           0         0,0           8
QueryParser.getParamNames()                              0,1           0           1         0,3          14
QueryParser.hasIsNullCondition(..)                       0,5           0           1         0,5           6
Security.isEntityOpPermitted(..)                         0,0           0           0         0,0           6

Performance Statistics   2018-06-10 22:35:00 - 2018-06-10 22:36:00
Tag                                                  Avg(ms)         Min         Max     Std Dev       Count
LoadClass                                                0,5           0           2         0,8           6
Messages.searchClasspath                                 0,0           0           2         0,2         276
Messages.searchFiles                                     0,0           0           0         0,0         276
PersistenceSecurity.applyConstraints(..)                50,5           1         197        84,6           4
QueryParser.getEntityAlias()                             0,0           0           0         0,0           6
QueryParser.getEntityName()                              0,4           0           2         0,6          14
QueryParser.getEntityNameIfSecondaryReturnedInsteadOfMain()         0,0           0           0         0,0          10
QueryParser.getEntityPathIfSecondaryReturnedInsteadOfMain()         0,0           0           0         0,0          10
QueryParser.getParamNames()                              0,0           0           0         0,0          14
QueryParser.hasIsNullCondition(..)                       0,2           0           1         0,4           6
Security.isEntityOpPermitted(..)                         0,0           0           0         0,0           6

Performance Statistics   2018-06-10 22:36:00 - 2018-06-10 22:37:00
Tag                                                  Avg(ms)         Min         Max     Std Dev       Count
LoadClass                                                0,1           0           1         0,3          12
MenuItem.skillguard$Role.browse                         98,0          98          98         0,0           1
Messages.searchClasspath                                 0,0           0           1         0,2          66
Messages.searchFiles                                     0,0           0           0         0,0          66
PersistenceSecurity.applyConstraints(..)                 1,1           0           3         0,8           8
PersistenceSecurity.checkSecurityToken(..)               0,0           0           0         0,0           1
QueryParser.getEntityAlias()                             0,0           0           0         0,0           8
QueryParser.getEntityName()                              0,2           0           2         0,5          20
QueryParser.getEntityNameIfSecondaryReturnedInsteadOfMain()         0,0           0           0         0,0          12
QueryParser.getEntityPathIfSecondaryReturnedInsteadOfMain()         0,0           0           0         0,0          12
QueryParser.getParamNames()                              0,0           0           0         0,0          20
QueryParser.hasIsNullCondition(..)                       0,1           0           1         0,3           8
Security.isEntityOpPermitted(..)                         0,0           0           0         0,0          12

Performance Statistics   2018-06-10 22:37:00 - 2018-06-10 22:38:00
Tag                                                  Avg(ms)         Min         Max     Std Dev       Count
LoadClass                                                0,2           0           1         0,4          11
MenuItem.skillguard$Jobfunction.browse                  64,0          64          64         0,0           1
Messages.searchClasspath                                 0,0           0           0         0,0          33
Messages.searchFiles                                     0,0           0           0         0,0          33
PersistenceSecurity.applyConstraints(..)                 1,0           1           1         0,0           4
QueryParser.getEntityAlias()                             0,0           0           0         0,0           2
QueryParser.getEntityName()                              0,0           0           0         0,0           9
QueryParser.getEntityNameIfSecondaryReturnedInsteadOfMain()         0,0           0           0         0,0           5
QueryParser.getEntityPathIfSecondaryReturnedInsteadOfMain()         0,0           0           0         0,0           5
QueryParser.getParamNames()                              0,0           0           0         0,0           9
QueryParser.hasIsNullCondition(..)                       0,0           0           0         0,0           2
Security.isEntityOpPermitted(..)                         0,0           0           0         0,0           9

Performance Statistics   2018-06-10 22:38:00 - 2018-06-10 22:39:00
Tag                                                  Avg(ms)         Min         Max     Std Dev       Count
LoadClass                                                0,2           0           1         0,4           6
MenuItem.skillguard$CertificateType.browse              98,0          81         115        17,0           2
MenuItem.skillguard$RoleCertificateType.browse          85,0          85          85         0,0           1
Messages.searchClasspath                                 0,0           0           1         0,2          66
Messages.searchFiles                                     0,0           0           0         0,0          66
PersistenceSecurity.applyConstraints(..)                 1,6           0           6         1,7           9
QueryParser.getEntityAlias()                             0,0           0           0         0,0           6
QueryParser.getEntityName()                              0,1           0           1         0,3          21
QueryParser.getEntityNameIfSecondaryReturnedInsteadOfMain()         0,0           0           0         0,0          12
QueryParser.getEntityPathIfSecondaryReturnedInsteadOfMain()         0,0           0           0         0,0          12
QueryParser.getParamNames()                              0,0           0           0         0,0          21
QueryParser.hasIsNullCondition(..)                       0,2           0           1         0,4           6
Security.isEntityOpPermitted(..)                         0,0           0           0         0,0          12

Performance Statistics   2018-06-10 22:39:00 - 2018-06-10 22:40:00
Tag                                                  Avg(ms)         Min         Max     Std Dev       Count

Performance Statistics   2018-06-10 22:40:00 - 2018-06-10 22:41:00
Tag                                                  Avg(ms)         Min         Max     Std Dev       Count

Performance Statistics   2018-06-10 22:41:00 - 2018-06-10 22:42:00
Tag                                                  Avg(ms)         Min         Max     Std Dev       Count
LoadClass                                                0,0           0           0         0,0           4
Messages.searchClasspath                                 0,2           0           8         1,0         208
Messages.searchFiles                                     0,0           0           0         0,0         208
QueryParser.getEntityName()                              0,0           0           0         0,0           6
QueryParser.getEntityNameIfSecondaryReturnedInsteadOfMain()         0,0           0           0         0,0           6
QueryParser.getEntityPathIfSecondaryReturnedInsteadOfMain()         0,0           0           0         0,0           6
QueryParser.getParamNames()                              0,0           0           0         0,0           6

Performance Statistics   2018-06-10 22:41:00 - 2018-06-10 22:42:00
Tag                                                  Avg(ms)         Min         Max     Std Dev       Count
Messages.searchClasspath                                 0,4           0          15         1,7         170
Messages.searchFiles                                     0,1           0          15         1,1         170
Metadata.replaceExtendedMetaClasses                      1,0           1           1         0,0           1

Performance Statistics   2018-06-10 22:42:00 - 2018-06-10 22:43:00
Tag                                                  Avg(ms)         Min         Max     Std Dev       Count
Messages.searchClasspath                                 0,2           0           6         1,0         198
Messages.searchFiles                                     0,0           0           1         0,1         198
Metadata.replaceExtendedMetaClasses                      1,0           1           1         0,0           1
QueryParser.getEntityName()                            101,7           2         297       138,1           3
QueryParser.getEntityNameIfSecondaryReturnedInsteadOfMain()         0,0           0           0         0,0           3
QueryParser.getEntityPathIfSecondaryReturnedInsteadOfMain()         0,0           0           0         0,0           3
QueryParser.getParamNames()                              0,0           0           0         0,0           3
QueryParser.isCollectionSecondaryEntitySelect()          0,0           0           0         0,0           2
QueryTransformer.addEntityInGroupBy(..)                  0,0           0           0         0,0           2
QueryTransformer.addFirstSelectionSource(..)             0,0           0           0         0,0           2
QueryTransformer.addWhereAsIs(..)                        0,5           0           1         0,5           2
QueryTransformer.getResult()                             1,0           0           2         1,0           2
QueryTransformer.replaceWithSelectEntityVariable(..)         1,5           1           2         0,5           2

Performance Statistics   2018-06-10 22:43:00 - 2018-06-10 22:44:00
Tag                                                  Avg(ms)         Min         Max     Std Dev       Count

Performance Statistics   2018-06-10 22:44:00 - 2018-06-10 22:45:00
Tag                                                  Avg(ms)         Min         Max     Std Dev       Count

Performance Statistics   2018-06-10 22:45:00 - 2018-06-10 22:46:00
Tag                                                  Avg(ms)         Min         Max     Std Dev       Count

Performance Statistics   2018-06-10 22:46:00 - 2018-06-10 22:47:00
Tag                                                  Avg(ms)         Min         Max     Std Dev       Count

Performance Statistics   2018-06-10 22:48:00 - 2018-06-10 22:49:00
Tag                                                  Avg(ms)         Min         Max     Std Dev       Count
Messages.searchClasspath                                 0,6           0          16         2,1         320
Messages.searchFiles                                     0,1           0          21         1,2         320
Metadata.replaceExtendedMetaClasses                      3,0           3           3         0,0           1

Performance Statistics   2018-06-10 22:49:00 - 2018-06-10 22:50:00
Tag                                                  Avg(ms)         Min         Max     Std Dev       Count
AppFolders                                              10,0          10          10         0,0           1
LoadClass                                                1,5           0           5         1,9           6
MenuItem.skillguard$Employee.browse                   2219,0        2219        2219         0,0           1
Messages.searchClasspath                                 0,1           0          12         0,6        1097
Messages.searchFiles                                     0,0           0           1         0,0        1097
Metadata.replaceExtendedMetaClasses                      2,0           2           2         0,0           1
PersistenceSecurity.applyConstraints(..)                 3,0           1           8         2,6           6
QueryParser.getEntityAlias()                             0,9           0           4         1,4          10
QueryParser.getEntityName()                             16,5           0         505        86,4          33
QueryParser.getEntityNameIfSecondaryReturnedInsteadOfMain()         0,0           0           0         0,0          27
QueryParser.getEntityPathIfSecondaryReturnedInsteadOfMain()         0,0           0           0         0,0          27
QueryParser.getParamNames()                              0,2           0           3         0,6          33
QueryParser.hasIsNullCondition(..)                       4,6           0          32        10,4           8
QueryParser.isCollectionSecondaryEntitySelect()          0,0           0           0         0,0           6
QueryTransformer.addEntityInGroupBy(..)                  0,0           0           0         0,0           6
QueryTransformer.addFirstSelectionSource(..)             0,0           0           0         0,0           6
QueryTransformer.addWhereAsIs(..)                        0,3           0           2         0,7           6
QueryTransformer.getResult()                             0,5           0           3         1,1           6
QueryTransformer.replaceWithSelectEntityVariable(..)         4,5           0          21         7,4           6
SearchFolders                                           24,0          24          24         0,0           1
Security.isEntityOpPermitted(..)                         0,0           0           0         0,0           7
ViewRepository.init.ViewRepositoryClientImpl            37,0          37          37         0,0           1
ViewRepository.init.ViewRepositoryImpl                  46,0          46          46         0,0           1

