Performance Statistics   2018-06-08 22:10:00 - 2018-06-08 22:12:00
Tag                                                  Avg(ms)         Min         Max     Std Dev       Count

Performance Statistics   2018-06-08 22:12:00 - 2018-06-08 22:14:00
Tag                                                  Avg(ms)         Min         Max     Std Dev       Count

Performance Statistics   2018-06-08 22:14:00 - 2018-06-08 22:16:00
Tag                                                  Avg(ms)         Min         Max     Std Dev       Count

Performance Statistics   2018-06-08 22:16:00 - 2018-06-08 22:18:00
Tag                                                  Avg(ms)         Min         Max     Std Dev       Count

Performance Statistics   2018-06-08 22:18:00 - 2018-06-08 22:20:00
Tag                                                  Avg(ms)         Min         Max     Std Dev       Count

Performance Statistics   2018-06-08 22:20:00 - 2018-06-08 22:22:00
Tag                                                  Avg(ms)         Min         Max     Std Dev       Count

Performance Statistics   2018-06-08 22:22:00 - 2018-06-08 22:24:00
Tag                                                  Avg(ms)         Min         Max     Std Dev       Count

Performance Statistics   2018-06-08 22:24:00 - 2018-06-08 22:26:00
Tag                                                  Avg(ms)         Min         Max     Std Dev       Count

Performance Statistics   2018-06-08 22:26:00 - 2018-06-08 22:28:00
Tag                                                  Avg(ms)         Min         Max     Std Dev       Count

Performance Statistics   2018-06-08 22:28:00 - 2018-06-08 22:30:00
Tag                                                  Avg(ms)         Min         Max     Std Dev       Count

Performance Statistics   2018-06-08 22:30:00 - 2018-06-08 22:32:00
Tag                                                  Avg(ms)         Min         Max     Std Dev       Count

Performance Statistics   2018-06-08 22:32:00 - 2018-06-08 22:34:00
Tag                                                  Avg(ms)         Min         Max     Std Dev       Count

Performance Statistics   2018-06-08 22:34:00 - 2018-06-08 22:36:00
Tag                                                  Avg(ms)         Min         Max     Std Dev       Count

Performance Statistics   2018-06-08 22:36:00 - 2018-06-08 22:38:00
Tag                                                  Avg(ms)         Min         Max     Std Dev       Count

Performance Statistics   2018-06-08 22:38:00 - 2018-06-08 22:40:00
Tag                                                  Avg(ms)         Min         Max     Std Dev       Count

Performance Statistics   2018-06-08 22:46:00 - 2018-06-08 22:48:00
Tag                                                  Avg(ms)         Min         Max     Std Dev       Count
loginWindow#init                                        30,0          30          30         0,0           1
loginWindow#inject                                      79,0          79          79         0,0           1
loginWindow#load                                       601,0         601         601         0,0           1
loginWindow#ready                                        0,0           0           0         0,0           1
loginWindow#uiPermissions                                2,0           2           2         0,0           1
loginWindow#xml                                         26,0          26          26         0,0           1
mainWindow#init                                         33,0          33          33         0,0           1
mainWindow#inject                                       29,0          29          29         0,0           1
mainWindow#load                                        256,0         256         256         0,0           1
mainWindow#ready                                         6,0           6           6         0,0           1
mainWindow#uiPermissions                                 0,0           0           0         0,0           1
mainWindow#xml                                           4,0           4           4         0,0           1

