Performance Statistics   2018-06-08 22:48:00 - 2018-06-08 22:49:00
Tag                                                  Avg(ms)         Min         Max     Std Dev       Count

Performance Statistics   2018-06-09 07:53:00 - 2018-06-09 07:54:00
Tag                                                  Avg(ms)         Min         Max     Std Dev       Count

Performance Statistics   2018-06-09 07:54:00 - 2018-06-09 07:55:00
Tag                                                  Avg(ms)         Min         Max     Std Dev       Count

Performance Statistics   2018-06-09 07:55:00 - 2018-06-09 07:56:00
Tag                                                  Avg(ms)         Min         Max     Std Dev       Count

Performance Statistics   2018-06-09 07:56:00 - 2018-06-09 07:57:00
Tag                                                  Avg(ms)         Min         Max     Std Dev       Count

Performance Statistics   2018-06-09 07:57:00 - 2018-06-09 07:58:00
Tag                                                  Avg(ms)         Min         Max     Std Dev       Count

Performance Statistics   2018-06-09 07:58:00 - 2018-06-09 07:59:00
Tag                                                  Avg(ms)         Min         Max     Std Dev       Count

Performance Statistics   2018-06-09 07:59:00 - 2018-06-09 08:00:00
Tag                                                  Avg(ms)         Min         Max     Std Dev       Count

Performance Statistics   2018-06-09 08:00:00 - 2018-06-09 08:01:00
Tag                                                  Avg(ms)         Min         Max     Std Dev       Count

Performance Statistics   2018-06-09 08:01:00 - 2018-06-09 08:02:00
Tag                                                  Avg(ms)         Min         Max     Std Dev       Count

Performance Statistics   2018-06-09 08:02:00 - 2018-06-09 08:03:00
Tag                                                  Avg(ms)         Min         Max     Std Dev       Count

Performance Statistics   2018-06-09 08:03:00 - 2018-06-09 08:04:00
Tag                                                  Avg(ms)         Min         Max     Std Dev       Count

Performance Statistics   2018-06-09 08:04:00 - 2018-06-09 08:05:00
Tag                                                  Avg(ms)         Min         Max     Std Dev       Count

Performance Statistics   2018-06-09 08:05:00 - 2018-06-09 08:06:00
Tag                                                  Avg(ms)         Min         Max     Std Dev       Count

Performance Statistics   2018-06-09 08:06:00 - 2018-06-09 08:07:00
Tag                                                  Avg(ms)         Min         Max     Std Dev       Count

Performance Statistics   2018-06-09 08:07:00 - 2018-06-09 08:08:00
Tag                                                  Avg(ms)         Min         Max     Std Dev       Count

Performance Statistics   2018-06-09 08:08:00 - 2018-06-09 08:09:00
Tag                                                  Avg(ms)         Min         Max     Std Dev       Count

Performance Statistics   2018-06-09 08:09:00 - 2018-06-09 08:10:00
Tag                                                  Avg(ms)         Min         Max     Std Dev       Count

Performance Statistics   2018-06-09 08:10:00 - 2018-06-09 08:11:00
Tag                                                  Avg(ms)         Min         Max     Std Dev       Count

Performance Statistics   2018-06-09 08:11:00 - 2018-06-09 08:12:00
Tag                                                  Avg(ms)         Min         Max     Std Dev       Count

Performance Statistics   2018-06-09 08:32:00 - 2018-06-09 08:33:00
Tag                                                  Avg(ms)         Min         Max     Std Dev       Count
Messages.searchClasspath                                 0,4           0          15         1,6         320
Messages.searchFiles                                     0,1           0          25         1,4         320
Metadata.replaceExtendedMetaClasses                     10,0          10          10         0,0           1

Performance Statistics   2018-06-09 08:33:00 - 2018-06-09 08:34:00
Tag                                                  Avg(ms)         Min         Max     Std Dev       Count
AppFolders                                               7,0           7           7         0,0           1
LoadClass                                                1,3           0           4         1,4           8
MenuItem.ddcdi$ImportConfiguration.browse             1518,0        1518        1518         0,0           1
MenuItem.ddcdi$import-wizard                           977,0         977         977         0,0           1
Messages.searchClasspath                                 0,0           0           7         0,3        1969
Messages.searchFiles                                     0,0           0           2         0,0        1969
Metadata.replaceExtendedMetaClasses                      2,0           2           2         0,0           1
PersistenceSecurity.applyConstraints(..)                 5,0           1          11         4,3           3
QueryParser.getEntityAlias()                             0,9           0           2         0,9           8
QueryParser.getEntityName()                             12,4           0         304        57,2          27
QueryParser.getEntityNameIfSecondaryReturnedInsteadOfMain()         0,2           0           5         1,0          24
QueryParser.getEntityPathIfSecondaryReturnedInsteadOfMain()         0,0           0           0         0,0          24
QueryParser.getParamNames()                              0,2           0           4         0,8          27
QueryParser.hasIsNullCondition(..)                       4,8           0          24         8,6           6
QueryParser.isCollectionSecondaryEntitySelect()          0,0           0           0         0,0           6
QueryTransformer.addEntityInGroupBy(..)                  0,0           0           0         0,0           6
QueryTransformer.addFirstSelectionSource(..)             0,0           0           0         0,0           6
QueryTransformer.addWhereAsIs(..)                        0,2           0           1         0,4           6
QueryTransformer.getResult()                             0,3           0           2         0,7           6
QueryTransformer.replaceWithSelectEntityVariable(..)         0,5           0           2         0,8           6
SearchFolders                                           31,0          31          31         0,0           1
Security.isEntityOpPermitted(..)                         0,0           0           0         0,0           3
ViewRepository.init.ViewRepositoryClientImpl            39,0          39          39         0,0           1
ViewRepository.init.ViewRepositoryImpl                  34,0          34          34         0,0           1

Performance Statistics   2018-06-09 08:34:00 - 2018-06-09 08:35:00
Tag                                                  Avg(ms)         Min         Max     Std Dev       Count
Messages.searchClasspath                                 0,2           0          13         1,7          59
Messages.searchFiles                                     0,0           0           0         0,0          59

Performance Statistics   2018-06-09 08:35:00 - 2018-06-09 08:36:00
Tag                                                  Avg(ms)         Min         Max     Std Dev       Count

Performance Statistics   2018-06-09 08:36:00 - 2018-06-09 08:37:00
Tag                                                  Avg(ms)         Min         Max     Std Dev       Count
LoadClass                                                0,0           0           0         0,0           2
MenuItem.ddcdi$import-wizard                            56,0          56          56         0,0           1
Messages.searchClasspath                                 0,0           0           0         0,0          58
Messages.searchFiles                                     0,0           0           0         0,0          58
QueryParser.getEntityName()                              1,0           1           1         0,0           1
QueryParser.getEntityNameIfSecondaryReturnedInsteadOfMain()         0,0           0           0         0,0           1
QueryParser.getEntityPathIfSecondaryReturnedInsteadOfMain()         0,0           0           0         0,0           1
QueryParser.getParamNames()                              0,0           0           0         0,0           1

Performance Statistics   2018-06-09 08:37:00 - 2018-06-09 08:38:00
Tag                                                  Avg(ms)         Min         Max     Std Dev       Count
LoadClass                                                0,4           0           2         0,7           8
Messages.searchClasspath                                 0,0           0           1         0,1         372
Messages.searchFiles                                     0,0           0           0         0,0         372

Performance Statistics   2018-06-09 08:38:00 - 2018-06-09 08:39:00
Tag                                                  Avg(ms)         Min         Max     Std Dev       Count
LoadClass                                                0,0           0           0         0,0           4
Messages.searchClasspath                                 0,0           0           2         0,2         239
Messages.searchFiles                                     0,0           0           0         0,0         239

Performance Statistics   2018-06-09 08:39:00 - 2018-06-09 08:40:00
Tag                                                  Avg(ms)         Min         Max     Std Dev       Count

Performance Statistics   2018-06-09 08:40:00 - 2018-06-09 08:41:00
Tag                                                  Avg(ms)         Min         Max     Std Dev       Count
LoadClass                                                1,0           0           2         1,0           2
MenuItem.ddcdi$ImportLog.browse                        222,0         222         222         0,0           1
Messages.searchClasspath                                 0,0           0           1         0,1         108
Messages.searchFiles                                     0,0           0           0         0,0         108
PersistenceSecurity.applyConstraints(..)                 1,3           0          12         1,2         104
QueryParser.getEntityAlias()                             0,0           0           0         0,0         108
QueryParser.getEntityName()                              0,1           0           4         0,4         260
QueryParser.getEntityNameIfSecondaryReturnedInsteadOfMain()         0,0           0           0         0,0         156
QueryParser.getEntityPathIfSecondaryReturnedInsteadOfMain()         0,0           0           1         0,1         156
QueryParser.getParamNames()                              0,0           0           1         0,1         260
QueryParser.hasIsNullCondition(..)                       0,1           0           4         0,6         110
Security.isEntityOpPermitted(..)                         0,0           0           0         0,0          55

Performance Statistics   2018-06-09 08:41:00 - 2018-06-09 08:42:00
Tag                                                  Avg(ms)         Min         Max     Std Dev       Count

Performance Statistics   2018-06-09 08:42:00 - 2018-06-09 08:43:00
Tag                                                  Avg(ms)         Min         Max     Std Dev       Count

Performance Statistics   2018-06-09 08:43:00 - 2018-06-09 08:44:00
Tag                                                  Avg(ms)         Min         Max     Std Dev       Count

Performance Statistics   2018-06-09 08:44:00 - 2018-06-09 08:45:00
Tag                                                  Avg(ms)         Min         Max     Std Dev       Count

Performance Statistics   2018-06-09 08:45:00 - 2018-06-09 08:46:00
Tag                                                  Avg(ms)         Min         Max     Std Dev       Count
LoadClass                                                1,8           0           9         3,6           5
MenuItem.ddcdi$ImportConfiguration.browse              104,0         104         104         0,0           1
Messages.searchClasspath                                 0,0           0           0         0,0          31
Messages.searchFiles                                     0,0           0           0         0,0          31
PersistenceSecurity.applyConstraints(..)                 1,0           1           1         0,0           2
QueryParser.getEntityAlias()                             0,0           0           0         0,0           4
QueryParser.getEntityName()                              0,0           0           0         0,0           5
QueryParser.getEntityNameIfSecondaryReturnedInsteadOfMain()         0,0           0           0         0,0           3
QueryParser.getEntityPathIfSecondaryReturnedInsteadOfMain()         0,0           0           0         0,0           3
QueryParser.getParamNames()                              0,0           0           0         0,0           5
QueryParser.hasIsNullCondition(..)                       0,3           0           1         0,4           4
Security.isEntityOpPermitted(..)                         0,0           0           0         0,0           2

Performance Statistics   2018-06-09 08:46:00 - 2018-06-09 08:47:00
Tag                                                  Avg(ms)         Min         Max     Std Dev       Count
LoadClass                                                0,3           0           2         0,7           7
Messages.searchClasspath                                 0,0           0           0         0,0         130
Messages.searchFiles                                     0,0           0           0         0,0         130
PersistenceSecurity.applyConstraints(..)                 6,0           6           6         0,0           1
QueryParser.getEntityAlias()                             0,0           0           0         0,0           2
QueryParser.getEntityName()                              0,3           0           1         0,4           4
QueryParser.getEntityNameIfSecondaryReturnedInsteadOfMain()         0,0           0           0         0,0           3
QueryParser.getEntityPathIfSecondaryReturnedInsteadOfMain()         0,0           0           0         0,0           3
QueryParser.getParamNames()                              0,0           0           0         0,0           4
QueryParser.hasIsNullCondition(..)                       0,0           0           0         0,0           2
Security.isEntityOpPermitted(..)                         0,0           0           0         0,0           4

Performance Statistics   2018-06-09 08:47:00 - 2018-06-09 08:48:00
Tag                                                  Avg(ms)         Min         Max     Std Dev       Count
LoadClass                                                1,0           0           2         1,0           2
PersistenceSecurity.applyConstraints(..)                 0,9           0           2         0,5          11
PersistenceSecurity.checkSecurityToken(..)               0,0           0           0         0,0           2
QueryParser.getEntityAlias()                             0,0           0           0         0,0          12
QueryParser.getEntityName()                              0,0           0           0         0,0          23
QueryParser.getEntityNameIfSecondaryReturnedInsteadOfMain()         0,0           0           0         0,0          12
QueryParser.getEntityPathIfSecondaryReturnedInsteadOfMain()         0,0           0           0         0,0          12
QueryParser.getParamNames()                              0,0           0           0         0,0          23
QueryParser.hasIsNullCondition(..)                       0,0           0           0         0,0           2
Security.isEntityOpPermitted(..)                         0,0           0           0         0,0          13

Performance Statistics   2018-06-09 08:48:00 - 2018-06-09 08:49:00
Tag                                                  Avg(ms)         Min         Max     Std Dev       Count

Performance Statistics   2018-06-09 08:49:00 - 2018-06-09 08:50:00
Tag                                                  Avg(ms)         Min         Max     Std Dev       Count
Messages.searchClasspath                                 0,6           0           6         1,6          48
Messages.searchFiles                                     0,1           0           4         0,6          48

Performance Statistics   2018-06-09 08:50:00 - 2018-06-09 08:51:00
Tag                                                  Avg(ms)         Min         Max     Std Dev       Count
AppFolders                                               6,0           6           6         0,0           1
LoadClass                                              356,3           0        2138       796,8           6
Messages.searchClasspath                                 0,1           0          10         0,6         863
Messages.searchFiles                                     0,0           0           2         0,1         871
PersistenceSecurity.applyConstraints(..)                 2,0           0           3         1,4           3
QueryParser.getEntityAlias()                             0,8           0           2         0,8           4
QueryParser.getEntityName()                              0,3           0           2         0,6          19
QueryParser.getEntityNameIfSecondaryReturnedInsteadOfMain()         0,0           0           0         0,0          16
QueryParser.getEntityPathIfSecondaryReturnedInsteadOfMain()         0,0           0           0         0,0          16
QueryParser.getParamNames()                              0,1           0           1         0,2          19
QueryParser.hasIsNullCondition(..)                       1,0           0           2         1,0           4
QueryParser.isCollectionSecondaryEntitySelect()          0,0           0           0         0,0           2
QueryTransformer.addEntityInGroupBy(..)                  0,0           0           0         0,0           2
QueryTransformer.addFirstSelectionSource(..)             0,0           0           0         0,0           2
QueryTransformer.addWhereAsIs(..)                        0,0           0           0         0,0           2
QueryTransformer.getResult()                             0,0           0           0         0,0           2
QueryTransformer.replaceWithSelectEntityVariable(..)         0,0           0           0         0,0           2
SearchFolders                                            9,0           9           9         0,0           1
Security.isEntityOpPermitted(..)                         0,0           0           0         0,0           3

Performance Statistics   2018-06-09 08:51:00 - 2018-06-09 08:52:00
Tag                                                  Avg(ms)         Min         Max     Std Dev       Count

Performance Statistics   2018-06-09 08:52:00 - 2018-06-09 08:53:00
Tag                                                  Avg(ms)         Min         Max     Std Dev       Count
AppFolders                                               7,0           7           7         0,0           1
LoadClass                                               40,3           0         322       106,5           8
PersistenceSecurity.applyConstraints(..)                 0,6           0           1         0,5           5
QueryParser.getEntityAlias()                             0,2           0           1         0,4          10
QueryParser.getEntityName()                              0,0           0           1         0,2          23
QueryParser.getEntityNameIfSecondaryReturnedInsteadOfMain()         0,0           0           0         0,0          18
QueryParser.getEntityPathIfSecondaryReturnedInsteadOfMain()         0,0           0           0         0,0          18
QueryParser.getParamNames()                              0,0           0           0         0,0          23
QueryParser.hasIsNullCondition(..)                       0,2           0           1         0,4          14
QueryParser.isCollectionSecondaryEntitySelect()          0,0           0           0         0,0           2
QueryTransformer.addEntityInGroupBy(..)                  0,0           0           0         0,0           2
QueryTransformer.addFirstSelectionSource(..)             0,0           0           0         0,0           2
QueryTransformer.addWhereAsIs(..)                        0,0           0           0         0,0           2
QueryTransformer.getResult()                             0,0           0           0         0,0           2
QueryTransformer.replaceWithSelectEntityVariable(..)         0,0           0           0         0,0           2
SearchFolders                                            5,0           5           5         0,0           1
Security.isEntityOpPermitted(..)                         0,0           0           0         0,0           5
ViewRepository.init.ViewRepositoryClientImpl            29,0          29          29         0,0           1

Performance Statistics   2018-06-09 08:53:00 - 2018-06-09 08:54:00
Tag                                                  Avg(ms)         Min         Max     Std Dev       Count

Performance Statistics   2018-06-09 08:54:00 - 2018-06-09 08:55:00
Tag                                                  Avg(ms)         Min         Max     Std Dev       Count

Performance Statistics   2018-06-09 08:55:00 - 2018-06-09 08:56:00
Tag                                                  Avg(ms)         Min         Max     Std Dev       Count
AppFolders                                               4,0           4           4         0,0           1
LoadClass                                              124,3           0         746       278,0           6
MenuItem.skillguard$Department.browse                  838,0         838         838         0,0           1
Messages.searchClasspath                                 0,0           0           1         0,2          33
Messages.searchFiles                                     0,0           0           0         0,0          33
PersistenceSecurity.applyConstraints(..)                 1,3           0           3         1,2           3
QueryParser.getEntityAlias()                             0,3           0           1         0,5           6
QueryParser.getEntityName()                              0,2           0           2         0,5          18
QueryParser.getEntityNameIfSecondaryReturnedInsteadOfMain()         0,0           0           0         0,0          15
QueryParser.getEntityPathIfSecondaryReturnedInsteadOfMain()         0,0           0           0         0,0          15
QueryParser.getParamNames()                              0,1           0           1         0,2          18
QueryParser.hasIsNullCondition(..)                       0,3           0           1         0,4           8
QueryParser.isCollectionSecondaryEntitySelect()          0,0           0           0         0,0           2
QueryTransformer.addEntityInGroupBy(..)                  0,0           0           0         0,0           2
QueryTransformer.addFirstSelectionSource(..)             0,0           0           0         0,0           2
QueryTransformer.addWhereAsIs(..)                        0,0           0           0         0,0           2
QueryTransformer.getResult()                             0,0           0           0         0,0           2
QueryTransformer.replaceWithSelectEntityVariable(..)         0,0           0           0         0,0           2
SearchFolders                                            5,0           5           5         0,0           1
Security.isEntityOpPermitted(..)                         0,0           0           0         0,0           3

Performance Statistics   2018-06-09 08:56:00 - 2018-06-09 08:57:00
Tag                                                  Avg(ms)         Min         Max     Std Dev       Count

Performance Statistics   2018-06-09 08:57:00 - 2018-06-09 08:58:00
Tag                                                  Avg(ms)         Min         Max     Std Dev       Count

Performance Statistics   2018-06-09 08:58:00 - 2018-06-09 08:59:00
Tag                                                  Avg(ms)         Min         Max     Std Dev       Count

Performance Statistics   2018-06-09 08:59:00 - 2018-06-09 09:00:00
Tag                                                  Avg(ms)         Min         Max     Std Dev       Count

Performance Statistics   2018-06-09 09:00:00 - 2018-06-09 09:01:00
Tag                                                  Avg(ms)         Min         Max     Std Dev       Count

Performance Statistics   2018-06-09 09:01:00 - 2018-06-09 09:02:00
Tag                                                  Avg(ms)         Min         Max     Std Dev       Count
AppFolders                                               4,0           4           4         0,0           1
LoadClass                                               50,5           0         303       112,9           6
MenuItem.skillguard$Department.browse                  385,0         385         385         0,0           1
PersistenceSecurity.applyConstraints(..)                 1,3           1           2         0,5           3
QueryParser.getEntityAlias()                             0,2           0           1         0,4           6
QueryParser.getEntityName()                              0,1           0           1         0,3          18
QueryParser.getEntityNameIfSecondaryReturnedInsteadOfMain()         0,0           0           0         0,0          15
QueryParser.getEntityPathIfSecondaryReturnedInsteadOfMain()         0,0           0           0         0,0          15
QueryParser.getParamNames()                              0,1           0           1         0,2          18
QueryParser.hasIsNullCondition(..)                       0,3           0           1         0,4           8
QueryParser.isCollectionSecondaryEntitySelect()          0,0           0           0         0,0           2
QueryTransformer.addEntityInGroupBy(..)                  0,0           0           0         0,0           2
QueryTransformer.addFirstSelectionSource(..)             0,0           0           0         0,0           2
QueryTransformer.addWhereAsIs(..)                        0,0           0           0         0,0           2
QueryTransformer.getResult()                             0,0           0           0         0,0           2
QueryTransformer.replaceWithSelectEntityVariable(..)         0,0           0           0         0,0           2
SearchFolders                                            5,0           5           5         0,0           1
Security.isEntityOpPermitted(..)                         0,0           0           0         0,0           3
ViewRepository.init.ViewRepositoryClientImpl            27,0          27          27         0,0           1

Performance Statistics   2018-06-09 09:02:00 - 2018-06-09 09:03:00
Tag                                                  Avg(ms)         Min         Max     Std Dev       Count

Performance Statistics   2018-06-09 09:03:00 - 2018-06-09 09:04:00
Tag                                                  Avg(ms)         Min         Max     Std Dev       Count
LoadClass                                                0,0           0           0         0,0           6
Messages.searchClasspath                                 0,0           0           0         0,0          82
Messages.searchFiles                                     0,0           0           0         0,0          83
PersistenceSecurity.applyConstraints(..)                28,2           1         110        47,2           4
QueryParser.getEntityAlias()                             0,0           0           0         0,0           4
QueryParser.getEntityName()                              0,0           0           0         0,0           8
QueryParser.getEntityNameIfSecondaryReturnedInsteadOfMain()         0,0           0           0         0,0           4
QueryParser.getEntityPathIfSecondaryReturnedInsteadOfMain()         0,0           0           0         0,0           4
QueryParser.getParamNames()                              0,0           0           0         0,0           8
QueryParser.hasIsNullCondition(..)                       0,0           0           0         0,0           8
Security.isEntityOpPermitted(..)                         0,0           0           0         0,0           4

Performance Statistics   2018-06-09 09:08:00 - 2018-06-09 09:09:00
Tag                                                  Avg(ms)         Min         Max     Std Dev       Count
AppFolders                                              11,0          11          11         0,0           1
LoadClass                                                0,7           0           2         0,7           6
MenuItem.skillguard$Department.browse                 1957,0        1957        1957         0,0           1
Messages.searchClasspath                                 0,3           0          52         2,3        1224
Messages.searchFiles                                     0,0           0          41         1,2        1224
Metadata.replaceExtendedMetaClasses                      1,5           1           2         0,5           2
PersistenceSecurity.applyConstraints(..)                11,7           3          27        10,9           3
QueryParser.getEntityAlias()                             0,6           0           2         0,9           8
QueryParser.getEntityName()                             20,3           0         407        82,6          23
QueryParser.getEntityNameIfSecondaryReturnedInsteadOfMain()         0,2           0           2         0,5          20
QueryParser.getEntityPathIfSecondaryReturnedInsteadOfMain()         0,0           0           0         0,0          20
QueryParser.getParamNames()                              0,5           0           6         1,4          23
QueryParser.hasIsNullCondition(..)                       2,8           0          19         6,2           8
QueryParser.isCollectionSecondaryEntitySelect()          0,0           0           0         0,0           4
QueryTransformer.addEntityInGroupBy(..)                  0,0           0           0         0,0           4
QueryTransformer.addFirstSelectionSource(..)             0,0           0           0         0,0           4
QueryTransformer.addWhereAsIs(..)                        0,3           0           1         0,4           4
QueryTransformer.getResult()                             1,0           0           4         1,7           4
QueryTransformer.replaceWithSelectEntityVariable(..)         2,5           0           7         2,7           4
SearchFolders                                          148,0         148         148         0,0           1
Security.isEntityOpPermitted(..)                         0,0           0           0         0,0           3
ViewRepository.init.ViewRepositoryClientImpl           100,0         100         100         0,0           1
ViewRepository.init.ViewRepositoryImpl                  39,0          39          39         0,0           1

Performance Statistics   2018-06-09 09:09:00 - 2018-06-09 09:10:00
Tag                                                  Avg(ms)         Min         Max     Std Dev       Count
Messages.searchClasspath                                 0,0           0           0         0,0          93
Messages.searchFiles                                     0,0           0           0         0,0          93
PersistenceSecurity.applyConstraints(..)                 1,3           1           2         0,5           3
PersistenceSecurity.checkSecurityToken(..)               0,3           0           1         0,5           3
QueryParser.getEntityAlias()                             0,0           0           0         0,0           6
QueryParser.getEntityName()                              0,2           0           2         0,6          12
QueryParser.getEntityNameIfSecondaryReturnedInsteadOfMain()         0,0           0           0         0,0           9
QueryParser.getEntityPathIfSecondaryReturnedInsteadOfMain()         0,0           0           0         0,0           9
QueryParser.getParamNames()                              0,0           0           0         0,0          12
QueryParser.hasIsNullCondition(..)                       0,0           0           0         0,0          12
Security.isEntityOpPermitted(..)                         0,0           0           0         0,0           6

Performance Statistics   2018-06-09 09:10:00 - 2018-06-09 09:11:00
Tag                                                  Avg(ms)         Min         Max     Std Dev       Count
Messages.searchClasspath                                 0,7           0           8         1,7          48
Messages.searchFiles                                     0,0           0           0         0,0          48

Performance Statistics   2018-06-09 09:13:00 - 2018-06-09 09:14:00
Tag                                                  Avg(ms)         Min         Max     Std Dev       Count
Messages.searchClasspath                                 0,3           0          14         1,2         368
Messages.searchFiles                                     0,0           0          16         0,8         368
Metadata.replaceExtendedMetaClasses                      2,5           2           3         0,5           2
QueryParser.getEntityName()                             93,3           5         268       123,5           3
QueryParser.getEntityNameIfSecondaryReturnedInsteadOfMain()         0,0           0           0         0,0           3
QueryParser.getEntityPathIfSecondaryReturnedInsteadOfMain()         0,0           0           0         0,0           3
QueryParser.getParamNames()                              0,3           0           1         0,5           3
QueryParser.isCollectionSecondaryEntitySelect()          0,0           0           0         0,0           2
QueryTransformer.addEntityInGroupBy(..)                  0,0           0           0         0,0           2
QueryTransformer.addFirstSelectionSource(..)             0,0           0           0         0,0           2
QueryTransformer.addWhereAsIs(..)                        0,5           0           1         0,5           2
QueryTransformer.getResult()                             1,0           0           2         1,0           2
QueryTransformer.replaceWithSelectEntityVariable(..)         1,0           0           2         1,0           2

Performance Statistics   2018-06-09 09:14:00 - 2018-06-09 09:15:00
Tag                                                  Avg(ms)         Min         Max     Std Dev       Count
AppFolders                                              11,0          11          11         0,0           1
LoadClass                                                1,3           0           5         1,8           6
MenuItem.skillguard$Department.browse                 1946,0        1946        1946         0,0           1
Messages.searchClasspath                                 0,0           0           5         0,3         984
Messages.searchFiles                                     0,0           0           1         0,0         984
PersistenceSecurity.applyConstraints(..)                 2,1           1           7         1,9          10
PersistenceSecurity.checkSecurityToken(..)               0,2           0           1         0,4           5
QueryParser.getEntityAlias()                             0,3           0           3         0,9          20
QueryParser.getEntityName()                              1,5           0          55         8,0          47
QueryParser.getEntityNameIfSecondaryReturnedInsteadOfMain()         0,0           0           0         0,0          37
QueryParser.getEntityPathIfSecondaryReturnedInsteadOfMain()         0,0           0           0         0,0          37
QueryParser.getParamNames()                              0,2           0           4         0,7          47
QueryParser.hasIsNullCondition(..)                       1,0           0          26         4,5          32
QueryParser.isCollectionSecondaryEntitySelect()          0,0           0           0         0,0           4
QueryTransformer.addEntityInGroupBy(..)                  0,0           0           0         0,0           4
QueryTransformer.addFirstSelectionSource(..)             0,0           0           0         0,0           4
QueryTransformer.addWhereAsIs(..)                        0,0           0           0         0,0           4
QueryTransformer.getResult()                             0,0           0           0         0,0           4
QueryTransformer.replaceWithSelectEntityVariable(..)         0,0           0           0         0,0           4
SearchFolders                                           36,0          36          36         0,0           1
Security.isEntityOpPermitted(..)                         0,0           0           0         0,0          15
ViewRepository.init.ViewRepositoryClientImpl            26,0          26          26         0,0           1
ViewRepository.init.ViewRepositoryImpl                  25,0          25          25         0,0           1

Performance Statistics   2018-06-09 09:15:00 - 2018-06-09 09:16:00
Tag                                                  Avg(ms)         Min         Max     Std Dev       Count
LoadClass                                                0,8           0           2         0,8           4
MenuItem.ddcdi$ImportConfiguration.browse              390,0         390         390         0,0           1
Messages.searchClasspath                                 0,0           0           1         0,2         278
Messages.searchFiles                                     0,0           0           0         0,0         278
PersistenceSecurity.applyConstraints(..)                 1,5           1           5         1,0          15
QueryParser.getEntityAlias()                             0,0           0           0         0,0          20
QueryParser.getEntityName()                              0,1           0           1         0,2          32
QueryParser.getEntityNameIfSecondaryReturnedInsteadOfMain()         0,0           0           0         0,0          17
QueryParser.getEntityPathIfSecondaryReturnedInsteadOfMain()         0,1           0           1         0,2          17
QueryParser.getParamNames()                              0,0           0           1         0,2          32
QueryParser.hasIsNullCondition(..)                       0,1           0           1         0,3          14
Security.isEntityOpPermitted(..)                         0,0           0           0         0,0          15

Performance Statistics   2018-06-09 09:16:00 - 2018-06-09 09:17:00
Tag                                                  Avg(ms)         Min         Max     Std Dev       Count
LoadClass                                                0,6           0           2         0,7           7
Messages.searchClasspath                                 0,1           0          19         0,8         556
Messages.searchFiles                                     0,0           0           0         0,0         556
PersistenceSecurity.applyConstraints(..)                 4,0           4           4         0,0           1
QueryParser.getEntityAlias()                             0,0           0           0         0,0           2
QueryParser.getEntityName()                              0,0           0           0         0,0           3
QueryParser.getEntityNameIfSecondaryReturnedInsteadOfMain()         0,0           0           0         0,0           2
QueryParser.getEntityPathIfSecondaryReturnedInsteadOfMain()         0,0           0           0         0,0           2
QueryParser.getParamNames()                              0,0           0           0         0,0           3
QueryParser.hasIsNullCondition(..)                       0,0           0           0         0,0           2
Security.isEntityOpPermitted(..)                         0,0           0           0         0,0           1

Performance Statistics   2018-06-09 09:17:00 - 2018-06-09 09:18:00
Tag                                                  Avg(ms)         Min         Max     Std Dev       Count

Performance Statistics   2018-06-09 09:18:00 - 2018-06-09 09:19:00
Tag                                                  Avg(ms)         Min         Max     Std Dev       Count
LoadClass                                                0,3           0           1         0,4           4
Messages.searchClasspath                                 0,0           0           0         0,0          33
Messages.searchFiles                                     0,0           0           0         0,0          33

Performance Statistics   2018-06-09 09:19:00 - 2018-06-09 09:20:00
Tag                                                  Avg(ms)         Min         Max     Std Dev       Count
LoadClass                                                0,0           0           0         0,0          10
PersistenceSecurity.applyConstraints(..)                 1,0           1           1         0,0           1
PersistenceSecurity.checkSecurityToken(..)               1,0           1           1         0,0           1
QueryParser.getEntityAlias()                             0,0           0           0         0,0           2
QueryParser.getEntityName()                              0,0           0           0         0,0           3
QueryParser.getEntityNameIfSecondaryReturnedInsteadOfMain()         0,0           0           0         0,0           2
QueryParser.getEntityPathIfSecondaryReturnedInsteadOfMain()         0,0           0           0         0,0           2
QueryParser.getParamNames()                              0,0           0           0         0,0           3
QueryParser.hasIsNullCondition(..)                       0,0           0           0         0,0           2
Security.isEntityOpPermitted(..)                         0,0           0           0         0,0           2

Performance Statistics   2018-06-09 09:20:00 - 2018-06-09 09:21:00
Tag                                                  Avg(ms)         Min         Max     Std Dev       Count
LoadClass                                                0,0           0           0         0,0           3
PersistenceSecurity.applyConstraints(..)                 2,1           0          31         5,6          28
PersistenceSecurity.checkSecurityToken(..)               0,0           0           0         0,0           2
QueryParser.getEntityAlias()                             0,0           0           0         0,0          28
QueryParser.getEntityName()                              0,5           0          30         3,8          60
QueryParser.getEntityNameIfSecondaryReturnedInsteadOfMain()         0,0           0           0         0,0          32
QueryParser.getEntityPathIfSecondaryReturnedInsteadOfMain()         0,0           0           0         0,0          32
QueryParser.getParamNames()                              0,0           0           1         0,1          60
QueryParser.hasIsNullCondition(..)                       0,0           0           0         0,0          34
Security.isEntityOpPermitted(..)                         0,0           0           0         0,0          22

Performance Statistics   2018-06-09 09:21:00 - 2018-06-09 09:22:00
Tag                                                  Avg(ms)         Min         Max     Std Dev       Count
Messages.searchClasspath                                 0,0           0           0         0,0          47
Messages.searchFiles                                     0,2           0          10         1,4          47
PersistenceSecurity.applyConstraints(..)                 0,8           0           4         0,8          23
PersistenceSecurity.checkSecurityToken(..)               0,0           0           0         0,0           6
QueryParser.getEntityAlias()                             0,0           0           1         0,2          42
QueryParser.getEntityName()                              0,0           0           0         0,0          54
QueryParser.getEntityNameIfSecondaryReturnedInsteadOfMain()         0,0           0           0         0,0          31
QueryParser.getEntityPathIfSecondaryReturnedInsteadOfMain()         0,0           0           0         0,0          31
QueryParser.getParamNames()                              0,0           0           0         0,0          54
QueryParser.hasIsNullCondition(..)                       0,0           0           1         0,1          84
Security.isEntityOpPermitted(..)                         0,0           0           0         0,0          29

