2018-06-09 08:46:00.396 [com.haulmont.cuba.security.entity.User-60885987-1b61-4247-94c7-dff348347f93 [detached]] CREATE "C:\Users\Christian\Documents\GitHub\skillguard\deploy\tomcat\work\app-core\filestorage\2018\06\09\e9c18b7d-149c-8568-f292-226606280b9a.xlsx"
2018-06-14 20:10:20.191 [com.haulmont.cuba.security.entity.User-60885987-1b61-4247-94c7-dff348347f93 [detached]] CREATE "C:\Users\Christian\Documents\GitHub\skillguard\deploy\tomcat\work\app-core\filestorage\2018\06\14\f4ff4558-ebf2-c515-e1d2-6c4caedb4168.pdf"
2018-07-08 22:08:43.934 [com.haulmont.cuba.security.entity.User-60885987-1b61-4247-94c7-dff348347f93 [detached]] CREATE "C:\Users\Christian\Documents\GitHub\skillguard\deploy\tomcat\work\app-core\filestorage\2018\07\08\f278a5e8-3578-857b-ee0d-9f8ba3a39b8a.gradle"
2018-07-09 10:15:02.421 [com.haulmont.cuba.security.entity.User-60885987-1b61-4247-94c7-dff348347f93 [detached]] CREATE "C:\Users\Christian\Documents\GitHub\skillguard\deploy\tomcat\work\app-core\filestorage\2018\07\09\e71c1307-2ba5-531d-3731-b9c9582af54e.gitignore"
2018-07-10 12:02:38.000 [com.haulmont.cuba.security.entity.User-60885987-1b61-4247-94c7-dff348347f93 [detached]] CREATE "C:\Users\Christian\Documents\GitHub\skillguard\deploy\tomcat\work\app-core\filestorage\2018\07\10\7ffc0630-9918-6a30-a771-26cf24cfc54d.png"
2018-07-11 21:30:19.553 [com.haulmont.cuba.security.entity.User-60885987-1b61-4247-94c7-dff348347f93 [detached]] CREATE "C:\Users\Christian\Documents\GitHub\skillguard\deploy\tomcat\work\app-core\filestorage\2018\07\11\1bcb9f8d-8cce-9ef6-7199-99a8baf62782.png"
2018-07-11 21:30:52.193 [com.haulmont.cuba.security.entity.User-60885987-1b61-4247-94c7-dff348347f93 [detached]] CREATE "C:\Users\Christian\Documents\GitHub\skillguard\deploy\tomcat\work\app-core\filestorage\2018\07\11\22f71c31-3746-f38d-5e3a-6fa4caf1824f.pdf"
2018-10-05 21:44:17.591 [admin--60885987-1b61-4247-94c7-dff348347f93] CREATE "C:\Users\Christian\Documents\GitHub\skillguard\deploy\tomcat\work\app-core\filestorage\2018\10\05\3b6a4d64-9b0b-4067-103e-f10439a4bc98.png"
2018-10-05 21:47:38.360 [admin--60885987-1b61-4247-94c7-dff348347f93] CREATE "C:\Users\Christian\Documents\GitHub\skillguard\deploy\tomcat\work\app-core\filestorage\2018\10\05\c6cfd8d7-02b7-3ade-e246-7e8cc9da7b2d.PDF"
2018-10-05 21:47:49.740 [admin--60885987-1b61-4247-94c7-dff348347f93] CREATE "C:\Users\Christian\Documents\GitHub\skillguard\deploy\tomcat\work\app-core\filestorage\2018\10\05\2f85e750-0130-120c-deb7-600f8858f725.PDF"
2018-10-05 21:48:26.982 [admin--60885987-1b61-4247-94c7-dff348347f93] CREATE "C:\Users\Christian\Documents\GitHub\skillguard\deploy\tomcat\work\app-core\filestorage\2018\10\05\5d974075-2cdd-6780-8987-bd559a161567.png"
2018-10-05 21:51:25.694 [admin--60885987-1b61-4247-94c7-dff348347f93] CREATE "C:\Users\Christian\Documents\GitHub\skillguard\deploy\tomcat\work\app-core\filestorage\2018\10\05\bfbc1a12-1015-aebe-cdf2-b360e757388e.pptx"
2018-10-05 21:59:52.464 [admin--60885987-1b61-4247-94c7-dff348347f93] CREATE "C:\Users\Christian\Documents\GitHub\skillguard\deploy\tomcat\work\app-core\filestorage\2018\10\05\7dbad8da-67e1-eb02-2076-9e16183ae40a.jpg"
2018-10-05 22:32:10.230 [admin--60885987-1b61-4247-94c7-dff348347f93] CREATE "C:\Users\Christian\Documents\GitHub\skillguard\deploy\tomcat\work\app-core\filestorage\2018\10\05\7db46063-6f63-4610-4c70-884ace56e733.jpg"
2018-10-06 08:51:04.140 [admin--60885987-1b61-4247-94c7-dff348347f93] CREATE "C:\Users\Christian\Documents\GitHub\skillguard\deploy\tomcat\work\app-core\filestorage\2018\10\06\dc6832cc-a39e-aa79-6367-4cc0b05ec4fc.jpg"
2018-10-06 08:51:41.174 [admin--60885987-1b61-4247-94c7-dff348347f93] CREATE "C:\Users\Christian\Documents\GitHub\skillguard\deploy\tomcat\work\app-core\filestorage\2018\10\06\4e0ad27d-157e-46a1-4854-1a3557a374d6.jpg"
2018-10-06 08:54:18.072 [admin--60885987-1b61-4247-94c7-dff348347f93] CREATE "C:\Users\Christian\Documents\GitHub\skillguard\deploy\tomcat\work\app-core\filestorage\2018\10\06\033a0ed5-2dff-86e9-db48-97e25b849345.jpg"
2018-10-06 20:41:25.185 [admin--60885987-1b61-4247-94c7-dff348347f93] CREATE "C:\Users\Christian\Documents\GitHub\skillguard\deploy\tomcat\work\app-core\filestorage\2018\10\06\8ddf2447-9fcb-19c3-39a8-cba40a006509.jpg"
2018-10-06 20:41:25.728 [admin--60885987-1b61-4247-94c7-dff348347f93] CREATE "C:\Users\Christian\Documents\GitHub\skillguard\deploy\tomcat\work\app-core\filestorage\2018\10\06\e1aade73-a612-8e94-cea9-b87dbac514c5.jpg"
2018-10-06 20:41:26.057 [admin--60885987-1b61-4247-94c7-dff348347f93] CREATE "C:\Users\Christian\Documents\GitHub\skillguard\deploy\tomcat\work\app-core\filestorage\2018\10\06\04a7f8e4-a2e2-fc1d-4ef3-0b9f8401f6c5.jpg"
2018-10-06 20:43:15.827 [admin--60885987-1b61-4247-94c7-dff348347f93] CREATE "C:\Users\Christian\Documents\GitHub\skillguard\deploy\tomcat\work\app-core\filestorage\2018\10\06\97b5faa3-ee16-1a39-360d-d3c1f2820e67.jpg"
2018-10-06 20:43:50.173 [admin--60885987-1b61-4247-94c7-dff348347f93] CREATE "C:\Users\Christian\Documents\GitHub\skillguard\deploy\tomcat\work\app-core\filestorage\2018\10\06\23544730-82d6-6ebe-a7d2-feb1692bbd7f.jpg"
2018-10-06 20:48:49.522 [admin--60885987-1b61-4247-94c7-dff348347f93] CREATE "C:\Users\Christian\Documents\GitHub\skillguard\deploy\tomcat\work\app-core\filestorage\2018\10\06\38d4236f-c185-5bba-01e5-8973107b38e1.jpg"
2018-10-06 20:48:49.989 [admin--60885987-1b61-4247-94c7-dff348347f93] CREATE "C:\Users\Christian\Documents\GitHub\skillguard\deploy\tomcat\work\app-core\filestorage\2018\10\06\d80b93e1-19a6-282d-ecb9-074d5480875b.jpg"
2018-10-06 20:48:50.304 [admin--60885987-1b61-4247-94c7-dff348347f93] CREATE "C:\Users\Christian\Documents\GitHub\skillguard\deploy\tomcat\work\app-core\filestorage\2018\10\06\3d94d666-dbd4-baca-b0b4-20268247638e.jpg"
2018-10-06 20:55:15.319 [admin--60885987-1b61-4247-94c7-dff348347f93] CREATE "C:\Users\Christian\Documents\GitHub\skillguard\deploy\tomcat\work\app-core\filestorage\2018\10\06\320ebe34-8db9-1776-2e32-5a43aa496382.png"
2018-10-06 20:55:15.325 [admin--60885987-1b61-4247-94c7-dff348347f93] CREATE "C:\Users\Christian\Documents\GitHub\skillguard\deploy\tomcat\work\app-core\filestorage\2018\10\06\ccb0a2cc-b98b-46f6-dbc8-129385296771.png"
2018-10-06 20:55:15.329 [admin--60885987-1b61-4247-94c7-dff348347f93] CREATE "C:\Users\Christian\Documents\GitHub\skillguard\deploy\tomcat\work\app-core\filestorage\2018\10\06\7254b95c-48bc-5337-0730-058fa2b17d90.png"
2018-10-06 20:56:13.338 [admin--60885987-1b61-4247-94c7-dff348347f93] CREATE "C:\Users\Christian\Documents\GitHub\skillguard\deploy\tomcat\work\app-core\filestorage\2018\10\06\140807bc-08a9-26c8-6238-2146b7a49d1c.jpg"
2018-10-06 20:56:13.354 [admin--60885987-1b61-4247-94c7-dff348347f93] CREATE "C:\Users\Christian\Documents\GitHub\skillguard\deploy\tomcat\work\app-core\filestorage\2018\10\06\09a182e0-0a99-9f23-c8eb-6b2856ae773d.jpg"
2018-10-06 20:56:13.363 [admin--60885987-1b61-4247-94c7-dff348347f93] CREATE "C:\Users\Christian\Documents\GitHub\skillguard\deploy\tomcat\work\app-core\filestorage\2018\10\06\3ab0c5dc-1417-d69e-0869-b1fee5bae5fa.jpg"
2018-10-06 20:56:13.382 [admin--60885987-1b61-4247-94c7-dff348347f93] CREATE "C:\Users\Christian\Documents\GitHub\skillguard\deploy\tomcat\work\app-core\filestorage\2018\10\06\f40d9cef-4e54-f409-5c52-652c3f325244.jpg"
2018-10-06 20:56:13.400 [admin--60885987-1b61-4247-94c7-dff348347f93] CREATE "C:\Users\Christian\Documents\GitHub\skillguard\deploy\tomcat\work\app-core\filestorage\2018\10\06\b2f2c77c-06bc-7d6a-83ea-75aff796685c.jpg"
2018-10-06 20:56:13.420 [admin--60885987-1b61-4247-94c7-dff348347f93] CREATE "C:\Users\Christian\Documents\GitHub\skillguard\deploy\tomcat\work\app-core\filestorage\2018\10\06\01be9647-79c8-4bd9-ba91-2bb91f033804.jpg"
2018-10-06 20:56:13.432 [admin--60885987-1b61-4247-94c7-dff348347f93] CREATE "C:\Users\Christian\Documents\GitHub\skillguard\deploy\tomcat\work\app-core\filestorage\2018\10\06\531e6b9a-8244-707d-0d5f-8700fd25b1cf.jpg"
2018-10-06 20:56:13.446 [admin--60885987-1b61-4247-94c7-dff348347f93] CREATE "C:\Users\Christian\Documents\GitHub\skillguard\deploy\tomcat\work\app-core\filestorage\2018\10\06\1c7a2aa0-28a8-ef1a-2e94-be54366a6d1e.jpg"
2018-10-06 20:56:13.457 [admin--60885987-1b61-4247-94c7-dff348347f93] CREATE "C:\Users\Christian\Documents\GitHub\skillguard\deploy\tomcat\work\app-core\filestorage\2018\10\06\3af81d0a-2804-fe94-48cb-860e55420979.jpg"
2018-10-06 20:56:13.473 [admin--60885987-1b61-4247-94c7-dff348347f93] CREATE "C:\Users\Christian\Documents\GitHub\skillguard\deploy\tomcat\work\app-core\filestorage\2018\10\06\a42dbb6b-92ca-3f57-5288-03f2fce930a8.jpg"
2018-10-06 20:56:13.491 [admin--60885987-1b61-4247-94c7-dff348347f93] CREATE "C:\Users\Christian\Documents\GitHub\skillguard\deploy\tomcat\work\app-core\filestorage\2018\10\06\e6d890db-8bcb-117b-1492-69fed1f32b9e.jpg"
2018-10-06 20:56:13.506 [admin--60885987-1b61-4247-94c7-dff348347f93] CREATE "C:\Users\Christian\Documents\GitHub\skillguard\deploy\tomcat\work\app-core\filestorage\2018\10\06\41d03ee2-3e96-a9c0-ac58-9d5c11706157.jpg"
2018-10-06 20:56:13.516 [admin--60885987-1b61-4247-94c7-dff348347f93] CREATE "C:\Users\Christian\Documents\GitHub\skillguard\deploy\tomcat\work\app-core\filestorage\2018\10\06\ebc25ec6-257e-6771-0652-02f5dc5a37c4.jpg"
2018-10-06 20:56:13.533 [admin--60885987-1b61-4247-94c7-dff348347f93] CREATE "C:\Users\Christian\Documents\GitHub\skillguard\deploy\tomcat\work\app-core\filestorage\2018\10\06\5354e541-d538-37f0-d63a-029eb94cf3e5.jpg"
2018-10-06 20:56:13.557 [admin--60885987-1b61-4247-94c7-dff348347f93] CREATE "C:\Users\Christian\Documents\GitHub\skillguard\deploy\tomcat\work\app-core\filestorage\2018\10\06\883ad540-a2f6-9c85-c4af-5a00063b5b37.jpg"
2018-10-06 20:56:13.572 [admin--60885987-1b61-4247-94c7-dff348347f93] CREATE "C:\Users\Christian\Documents\GitHub\skillguard\deploy\tomcat\work\app-core\filestorage\2018\10\06\84b6735a-d3f0-3549-e6c5-05e8b8920884.jpg"
2018-10-06 20:56:13.621 [admin--60885987-1b61-4247-94c7-dff348347f93] CREATE "C:\Users\Christian\Documents\GitHub\skillguard\deploy\tomcat\work\app-core\filestorage\2018\10\06\34e9509f-46ec-60f9-fc1c-0dd1fe7b75a3.jpg"
2018-10-06 20:56:13.644 [admin--60885987-1b61-4247-94c7-dff348347f93] CREATE "C:\Users\Christian\Documents\GitHub\skillguard\deploy\tomcat\work\app-core\filestorage\2018\10\06\39f22137-a88b-5f11-6cf1-cb1b27e391a5.jpg"
2018-10-06 20:56:13.663 [admin--60885987-1b61-4247-94c7-dff348347f93] CREATE "C:\Users\Christian\Documents\GitHub\skillguard\deploy\tomcat\work\app-core\filestorage\2018\10\06\8efa0781-282a-8b33-ff0b-82745b31a17f.jpg"
2018-10-06 20:56:13.680 [admin--60885987-1b61-4247-94c7-dff348347f93] CREATE "C:\Users\Christian\Documents\GitHub\skillguard\deploy\tomcat\work\app-core\filestorage\2018\10\06\2d852784-e989-249e-3071-f902a663f5cc.jpg"
2018-10-06 20:56:13.695 [admin--60885987-1b61-4247-94c7-dff348347f93] CREATE "C:\Users\Christian\Documents\GitHub\skillguard\deploy\tomcat\work\app-core\filestorage\2018\10\06\421822c4-e7cd-ab38-416e-49cdca980017.jpg"
2018-10-06 20:56:13.716 [admin--60885987-1b61-4247-94c7-dff348347f93] CREATE "C:\Users\Christian\Documents\GitHub\skillguard\deploy\tomcat\work\app-core\filestorage\2018\10\06\72c1ffb6-84fe-f202-b354-60f7b65bd699.jpg"
2018-10-06 20:56:13.744 [admin--60885987-1b61-4247-94c7-dff348347f93] CREATE "C:\Users\Christian\Documents\GitHub\skillguard\deploy\tomcat\work\app-core\filestorage\2018\10\06\4d6b775b-155d-1eb8-c966-bd92bba8388d.jpg"
2018-10-06 20:56:13.772 [admin--60885987-1b61-4247-94c7-dff348347f93] CREATE "C:\Users\Christian\Documents\GitHub\skillguard\deploy\tomcat\work\app-core\filestorage\2018\10\06\3b43afb6-febf-30f3-3e37-1794b03f3f4c.jpg"
2018-10-06 20:56:13.796 [admin--60885987-1b61-4247-94c7-dff348347f93] CREATE "C:\Users\Christian\Documents\GitHub\skillguard\deploy\tomcat\work\app-core\filestorage\2018\10\06\48a055b7-15bc-8667-9428-0589bf38cfcc.jpg"
2018-10-06 20:56:13.814 [admin--60885987-1b61-4247-94c7-dff348347f93] CREATE "C:\Users\Christian\Documents\GitHub\skillguard\deploy\tomcat\work\app-core\filestorage\2018\10\06\834fc47b-3792-9fcc-3ac6-d91934aabd80.jpg"
2018-10-06 20:56:13.840 [admin--60885987-1b61-4247-94c7-dff348347f93] CREATE "C:\Users\Christian\Documents\GitHub\skillguard\deploy\tomcat\work\app-core\filestorage\2018\10\06\847fa745-d83b-687b-c1b0-59dcef6d1831.jpg"
2018-10-06 20:56:13.866 [admin--60885987-1b61-4247-94c7-dff348347f93] CREATE "C:\Users\Christian\Documents\GitHub\skillguard\deploy\tomcat\work\app-core\filestorage\2018\10\06\7787ef58-ba1b-7f00-d9c5-d1b2a4e8ff65.jpg"
2018-10-06 20:56:13.891 [admin--60885987-1b61-4247-94c7-dff348347f93] CREATE "C:\Users\Christian\Documents\GitHub\skillguard\deploy\tomcat\work\app-core\filestorage\2018\10\06\cc358ac1-9833-c615-dccd-b1c4053a6dc8.jpg"
2018-10-06 20:56:13.912 [admin--60885987-1b61-4247-94c7-dff348347f93] CREATE "C:\Users\Christian\Documents\GitHub\skillguard\deploy\tomcat\work\app-core\filestorage\2018\10\06\677ee854-4b53-0592-6e49-8dd01f30283c.jpg"
2018-10-06 20:56:13.930 [admin--60885987-1b61-4247-94c7-dff348347f93] CREATE "C:\Users\Christian\Documents\GitHub\skillguard\deploy\tomcat\work\app-core\filestorage\2018\10\06\dc602d7b-9334-f12c-fff3-b35515978d59.jpg"
2018-10-06 20:56:13.951 [admin--60885987-1b61-4247-94c7-dff348347f93] CREATE "C:\Users\Christian\Documents\GitHub\skillguard\deploy\tomcat\work\app-core\filestorage\2018\10\06\4a60e210-3f33-9fee-b226-314824a1839e.jpg"
2018-10-06 20:56:13.969 [admin--60885987-1b61-4247-94c7-dff348347f93] CREATE "C:\Users\Christian\Documents\GitHub\skillguard\deploy\tomcat\work\app-core\filestorage\2018\10\06\0e9f78c5-147e-db67-a794-ac2f249a6fbb.jpg"
2018-10-06 20:56:13.986 [admin--60885987-1b61-4247-94c7-dff348347f93] CREATE "C:\Users\Christian\Documents\GitHub\skillguard\deploy\tomcat\work\app-core\filestorage\2018\10\06\071c0da6-6088-154b-bb35-f1229a9fcaef.jpg"
2018-10-06 21:06:49.772 [admin--60885987-1b61-4247-94c7-dff348347f93] CREATE "C:\Users\Christian\Documents\GitHub\skillguard\deploy\tomcat\work\app-core\filestorage\2018\10\06\59cfe4e5-4095-1184-c3b7-ffc22a21cd42.txt"
2018-10-06 21:06:49.778 [admin--60885987-1b61-4247-94c7-dff348347f93] CREATE "C:\Users\Christian\Documents\GitHub\skillguard\deploy\tomcat\work\app-core\filestorage\2018\10\06\82656a26-0605-b568-a852-805e789e581c.txt"
2018-10-06 21:06:49.782 [admin--60885987-1b61-4247-94c7-dff348347f93] CREATE "C:\Users\Christian\Documents\GitHub\skillguard\deploy\tomcat\work\app-core\filestorage\2018\10\06\405e612b-f04e-82b1-9a26-09a89f654d58.txt"
2018-10-06 21:06:49.786 [admin--60885987-1b61-4247-94c7-dff348347f93] CREATE "C:\Users\Christian\Documents\GitHub\skillguard\deploy\tomcat\work\app-core\filestorage\2018\10\06\88daf3c4-1a10-edbd-08b6-e6c06be77f10.txt"
2018-10-06 21:17:10.188 [admin--60885987-1b61-4247-94c7-dff348347f93] CREATE "C:\Users\Christian\Documents\GitHub\skillguard\deploy\tomcat\work\app-core\filestorage\2018\10\06\16c934a3-c93c-303c-e8cf-d4357c814319.txt"
2018-10-06 21:17:10.193 [admin--60885987-1b61-4247-94c7-dff348347f93] CREATE "C:\Users\Christian\Documents\GitHub\skillguard\deploy\tomcat\work\app-core\filestorage\2018\10\06\71e5ad15-cd20-e881-6ba2-f4a2e51f2f33.txt"
2018-10-06 21:17:10.197 [admin--60885987-1b61-4247-94c7-dff348347f93] CREATE "C:\Users\Christian\Documents\GitHub\skillguard\deploy\tomcat\work\app-core\filestorage\2018\10\06\3fd9575c-9749-f4f6-668f-41a8275c8364.txt"
2018-10-06 21:17:10.201 [admin--60885987-1b61-4247-94c7-dff348347f93] CREATE "C:\Users\Christian\Documents\GitHub\skillguard\deploy\tomcat\work\app-core\filestorage\2018\10\06\d9d53777-d990-f79d-20f5-8f881501d286.txt"
